#
# A fatal error has been detected by the Java Runtime Environment:
#
#  EXCEPTION_ACCESS_VIOLATION (0xc0000005) at pc=0x0000025fdb678200, pid=11996, tid=11444
#
# JRE version: Java(TM) SE Runtime Environment (9.0+11) (build 9.0.4+11)
# Java VM: Java HotSpot(TM) 64-Bit Server VM (9.0.4+11, mixed mode, tiered, compressed oops, g1 gc, windows-amd64)
# Problematic frame:
# C  0x0000025fdb678200
#
# No core dump will be written. Minidumps are not enabled by default on client versions of Windows
#
# If you would like to submit a bug report, please visit:
#   http://bugreport.java.com/bugreport/crash.jsp
#

---------------  S U M M A R Y ------------

Command Line: -ea -Dfile.encoding=Cp1252 org.testng.remote.RemoteTestNG -serport 54597 -protocol json -d C:\Users\TB-DB\git\DDFramework\DDFramework\test-output C:\Users\TB-DB\git\DDFramework\DDFramework\src\test\resources\runner\testng.xml

Host: Intel(R) Core(TM)2 Quad CPU    Q6600  @ 2.40GHz, 4 cores, 5G,  Windows 10 , 64 bit Build 17134 (10.0.17134.753)
Time: Thu Aug 01 16:58:21 2019 India Standard Time elapsed time: 1 seconds (0d 0h 0m 1s)

---------------  T H R E A D  ---------------

Current thread (0x000002603e63c800):  JavaThread "main" [_thread_in_Java, id=11444, stack(0x000000d9f4400000,0x000000d9f4500000)]

Stack: [0x000000d9f4400000,0x000000d9f4500000],  sp=0x000000d9f44fb9e8,  free space=1006k
Native frames: (J=compiled Java code, j=interpreted, Vv=VM code, C=native code)
C  0x0000025fdb678200


siginfo: EXCEPTION_ACCESS_VIOLATION (0xc0000005), data execution prevention violation at address 0x0000025fdb678200


Register to memory mapping:

RIP=0x0000025fdb678200 is an unknown value
RAX=0x00000001000b2518 is pointing into metadata
RBX={method} {0x000002605ff92fe8} 'read' '()I' in 'java/io/FilterInputStream'
RCX=0x00000000a5d89510 is an oop
org.apache.xmlbeans.impl.schema.SchemaTypeSystemImpl$XsbReader 
{0x00000000a5d89510} - klass: 'org/apache/xmlbeans/impl/schema/SchemaTypeSystemImpl$XsbReader'
RDX=0x00000000a5d92ff0 is an oop
sun.net.www.protocol.jar.JarURLConnection$JarURLInputStream 
{0x00000000a5d92ff0} - klass: 'sun/net/www/protocol/jar/JarURLConnection$JarURLInputStream'
RSP=0x000000d9f44fb9e8 is pointing into the stack for thread: 0x000002603e63c800
RBP=0x000000d9f44fbb30 is pointing into the stack for thread: 0x000002603e63c800
RSI=0x00000000a5d92ff0 is an oop
sun.net.www.protocol.jar.JarURLConnection$JarURLInputStream 
{0x00000000a5d92ff0} - klass: 'sun/net/www/protocol/jar/JarURLConnection$JarURLInputStream'
RDI=0x00000001000b2518 is pointing into metadata
R8 =0x0000000000000001 is an unknown value
R9 =0x0000000000000000 is an unknown value
R10=0x0000000075c17bc0 jvm.dll
R11=0x000002604aece2c0 is at entry_point+32 in (nmethod*)0x000002604aece090
R12=0x0000000000000000 is an unknown value
R13=0x000000d9f44fbae0 is pointing into the stack for thread: 0x000002603e63c800
R14=0x0000000000000000 is an unknown value
R15=0x000002603e63c800 is a thread


Registers:
RAX=0x00000001000b2518, RBX=0x000002605ff92fe0, RCX=0x00000000a5d89510, RDX=0x00000000a5d92ff0
RSP=0x000000d9f44fb9e8, RBP=0x000000d9f44fbb30, RSI=0x00000000a5d92ff0, RDI=0x00000001000b2518
R8 =0x0000000000000001, R9 =0x0000000000000000, R10=0x0000000075c17bc0, R11=0x000002604aece2c0
R12=0x0000000000000000, R13=0x000000d9f44fbae0, R14=0x0000000000000000, R15=0x000002603e63c800
RIP=0x0000025fdb678200, EFLAGS=0x0000000000010206

Top of Stack: (sp=0x000000d9f44fb9e8)
0x000000d9f44fb9e8:   000002604adc1104 00000000a5b219b8
0x000000d9f44fb9f8:   0000026052162a44 000000d9f44fba30
0x000000d9f44fba08:   000000d9f44fba30 00000000a5d95758
0x000000d9f44fba18:   0000000000000016 00000000a5b219b8
0x000000d9f44fba28:   000000006181e46c 000000d9f44fbb30
0x000000d9f44fba38:   000002604aece3e4 000000010000046c
0x000000d9f44fba48:   00000000a5b29a38 000002605fde62e0
0x000000d9f44fba58:   00000000a5c426f0 00000000a5b219b8
0x000000d9f44fba68:   000002605213c1c0 0000026062f37228
0x000000d9f44fba78:   0000000000000283 00000000a5c628e8
0x000000d9f44fba88:   00000260521b07c4 00000000a5cd1220
0x000000d9f44fba98:   00000000a5b219b8 00000000a5d9bfc8
0x000000d9f44fbaa8:   00000000a5d89510 000000d9f44fbb30
0x000000d9f44fbab8:   000002604a67b456 000000d9f44fbb30
0x000000d9f44fbac8:   000002604a67b380 00000000a5cd1220
0x000000d9f44fbad8:   000002604a67b380 00000000a5d89510 

Instructions: (pc=0x0000025fdb678200)
0x0000025fdb6781e0:   
[error occurred during error reporting (printing registers, top of stack, instructions near pc), id 0xc0000005]


---------------  P R O C E S S  ---------------

Java Threads: ( => current thread )
  0x00000260610bb800 JavaThread "ReaderThread" [_thread_in_native, id=1948, stack(0x000000d9f5d00000,0x000000d9f5e00000)]
  0x00000260609df000 JavaThread "Service Thread" daemon [_thread_blocked, id=6600, stack(0x000000d9f5a00000,0x000000d9f5b00000)]
  0x00000260607c9800 JavaThread "Common-Cleaner" daemon [_thread_blocked, id=2304, stack(0x000000d9f5900000,0x000000d9f5a00000)]
  0x0000026060714000 JavaThread "Sweeper thread" daemon [_thread_blocked, id=9576, stack(0x000000d9f5800000,0x000000d9f5900000)]
  0x000002606070f000 JavaThread "C1 CompilerThread2" daemon [_thread_blocked, id=12472, stack(0x000000d9f5700000,0x000000d9f5800000)]
  0x000002606070e800 JavaThread "C2 CompilerThread1" daemon [_thread_blocked, id=12328, stack(0x000000d9f5600000,0x000000d9f5700000)]
  0x000002606070b800 JavaThread "C2 CompilerThread0" daemon [_thread_blocked, id=8484, stack(0x000000d9f5500000,0x000000d9f5600000)]
  0x00000260606f8800 JavaThread "Attach Listener" daemon [_thread_blocked, id=7908, stack(0x000000d9f5400000,0x000000d9f5500000)]
  0x00000260606f6800 JavaThread "Signal Dispatcher" daemon [_thread_blocked, id=7412, stack(0x000000d9f5300000,0x000000d9f5400000)]
  0x00000260606ac000 JavaThread "Finalizer" daemon [_thread_blocked, id=7248, stack(0x000000d9f5200000,0x000000d9f5300000)]
  0x00000260606a2000 JavaThread "Reference Handler" daemon [_thread_blocked, id=6184, stack(0x000000d9f5100000,0x000000d9f5200000)]
=>0x000002603e63c800 JavaThread "main" [_thread_in_Java, id=11444, stack(0x000000d9f4400000,0x000000d9f4500000)]

Other Threads:
  0x0000026060695800 VMThread "VM Thread" [stack: 0x000000d9f5000000,0x000000d9f5100000] [id=6008]
  0x0000026060a23800 WatcherThread [stack: 0x000000d9f5b00000,0x000000d9f5c00000] [id=12572]
  0x000002603e653800 GCTaskThread "GC Thread#0" [stack: 0x000000d9f4500000,0x000000d9f4600000] [id=10456]
  0x000002603e655000 GCTaskThread "GC Thread#1" [stack: 0x000000d9f4600000,0x000000d9f4700000] [id=10048]
  0x000002603e659800 GCTaskThread "GC Thread#2" [stack: 0x000000d9f4700000,0x000000d9f4800000] [id=2816]
  0x000002603e65e800 GCTaskThread "GC Thread#3" [stack: 0x000000d9f4800000,0x000000d9f4900000] [id=9696]
  0x000002603e6c0000 ConcurrentGCThread "G1 Main Marker" [stack: 0x000000d9f4e00000,0x000000d9f4f00000] [id=10084]
  0x000002603e6c3000 ConcurrentGCThread "G1 Marker#0" [stack: 0x000000d9f4f00000,0x000000d9f5000000] [id=6680]
  0x000002603e66f800 ConcurrentGCThread "G1 Refine#0" [stack: 0x000000d9f4c00000,0x000000d9f4d00000] [id=12336]
  0x000002603e66e800 ConcurrentGCThread "G1 Refine#1" [stack: 0x000000d9f4b00000,0x000000d9f4c00000] [id=5884]
  0x000002603e669000 ConcurrentGCThread "G1 Refine#2" [stack: 0x000000d9f4a00000,0x000000d9f4b00000] [id=8292]
  0x000002603e661800 ConcurrentGCThread "G1 Refine#3" [stack: 0x000000d9f4900000,0x000000d9f4a00000] [id=220]
  0x000002603e671800 ConcurrentGCThread "G1 Young RemSet Sampling" [stack: 0x000000d9f4d00000,0x000000d9f4e00000] [id=1356]

Threads with active compile tasks:

VM state:not at safepoint (normal execution)

VM Mutex/Monitor currently owned by a thread: None

Heap address: 0x00000000a0000000, size: 1536 MB, Compressed Oops mode: 32-bit
Narrow klass base: 0x0000000000000000, Narrow klass shift: 3
Compressed class space size: 1073741824 Address: 0x0000000100000000

Heap:
 garbage-first heap   total 98304K, used 19178K [0x00000000a0000000, 0x00000000a0100300, 0x0000000100000000)
  region size 1024K, 8 young (8192K), 3 survivors (3072K)
 Metaspace       used 17179K, capacity 17616K, committed 17792K, reserved 1064960K
  class space    used 1739K, capacity 1836K, committed 1920K, reserved 1048576K
Heap Regions: E=young(eden), S=young(survivor), O=old, HS=humongous(starts), HC=humongous(continues), CS=collection set, F=free, A=archive, TS=gc time stamp, AC=allocation context, TAMS=top-at-mark-start (previous, next)
|   0|0x00000000a0000000, 0x00000000a0100000, 0x00000000a0100000|100%|HS|  |TS  0|AC  0|TAMS 0x00000000a0000000, 0x00000000a0000000|
|   1|0x00000000a0100000, 0x00000000a0200000, 0x00000000a0200000|100%| O|  |TS  1|AC  0|TAMS 0x00000000a0100000, 0x00000000a0100000|
|   2|0x00000000a0200000, 0x00000000a0300000, 0x00000000a0300000|100%| O|  |TS  1|AC  0|TAMS 0x00000000a0200000, 0x00000000a0200000|
|   3|0x00000000a0300000, 0x00000000a0400000, 0x00000000a0400000|100%| O|  |TS  1|AC  0|TAMS 0x00000000a0300000, 0x00000000a0300000|
|   4|0x00000000a0400000, 0x00000000a0500000, 0x00000000a0500000|100%| O|  |TS  1|AC  0|TAMS 0x00000000a0400000, 0x00000000a0400000|
|   5|0x00000000a0500000, 0x00000000a0600000, 0x00000000a0600000|100%| O|  |TS  1|AC  0|TAMS 0x00000000a0500000, 0x00000000a0500000|
|   6|0x00000000a0600000, 0x00000000a0700000, 0x00000000a0700000|100%| O|  |TS  3|AC  0|TAMS 0x00000000a0600000, 0x00000000a0600000|
|   7|0x00000000a0700000, 0x00000000a0800000, 0x00000000a0800000|100%| O|  |TS  3|AC  0|TAMS 0x00000000a0700000, 0x00000000a0700000|
|   8|0x00000000a0800000, 0x00000000a0900000, 0x00000000a0900000|100%| O|  |TS  3|AC  0|TAMS 0x00000000a0800000, 0x00000000a0800000|
|   9|0x00000000a0900000, 0x00000000a0a00000, 0x00000000a0a00000|100%| O|  |TS  5|AC  0|TAMS 0x00000000a0900000, 0x00000000a0900000|
|  10|0x00000000a0a00000, 0x00000000a0b00000, 0x00000000a0b00000|100%| O|  |TS  5|AC  0|TAMS 0x00000000a0a00000, 0x00000000a0a00000|
|  11|0x00000000a0b00000, 0x00000000a0bbaa00, 0x00000000a0c00000| 72%| O|  |TS  5|AC  0|TAMS 0x00000000a0b00000, 0x00000000a0b00000|
|  12|0x00000000a0c00000, 0x00000000a0c00000, 0x00000000a0d00000|  0%| F|  |TS  0|AC  0|TAMS 0x00000000a0c00000, 0x00000000a0c00000|
|  13|0x00000000a0d00000, 0x00000000a0d00000, 0x00000000a0e00000|  0%| F|  |TS  0|AC  0|TAMS 0x00000000a0d00000, 0x00000000a0d00000|
|  14|0x00000000a0e00000, 0x00000000a0e00000, 0x00000000a0f00000|  0%| F|  |TS  0|AC  0|TAMS 0x00000000a0e00000, 0x00000000a0e00000|
|  15|0x00000000a0f00000, 0x00000000a0f00000, 0x00000000a1000000|  0%| F|  |TS  0|AC  0|TAMS 0x00000000a0f00000, 0x00000000a0f00000|
|  16|0x00000000a1000000, 0x00000000a1000000, 0x00000000a1100000|  0%| F|  |TS  0|AC  0|TAMS 0x00000000a1000000, 0x00000000a1000000|
|  17|0x00000000a1100000, 0x00000000a1100000, 0x00000000a1200000|  0%| F|  |TS  0|AC  0|TAMS 0x00000000a1100000, 0x00000000a1100000|
|  18|0x00000000a1200000, 0x00000000a1200000, 0x00000000a1300000|  0%| F|  |TS  0|AC  0|TAMS 0x00000000a1200000, 0x00000000a1200000|
|  19|0x00000000a1300000, 0x00000000a1300000, 0x00000000a1400000|  0%| F|  |TS  0|AC  0|TAMS 0x00000000a1300000, 0x00000000a1300000|
|  20|0x00000000a1400000, 0x00000000a1400000, 0x00000000a1500000|  0%| F|  |TS  0|AC  0|TAMS 0x00000000a1400000, 0x00000000a1400000|
|  21|0x00000000a1500000, 0x00000000a1500000, 0x00000000a1600000|  0%| F|  |TS  0|AC  0|TAMS 0x00000000a1500000, 0x00000000a1500000|
|  22|0x00000000a1600000, 0x00000000a1600000, 0x00000000a1700000|  0%| F|  |TS  0|AC  0|TAMS 0x00000000a1600000, 0x00000000a1600000|
|  23|0x00000000a1700000, 0x00000000a1700000, 0x00000000a1800000|  0%| F|  |TS  0|AC  0|TAMS 0x00000000a1700000, 0x00000000a1700000|
|  24|0x00000000a1800000, 0x00000000a1800000, 0x00000000a1900000|  0%| F|  |TS  0|AC  0|TAMS 0x00000000a1800000, 0x00000000a1800000|
|  25|0x00000000a1900000, 0x00000000a1900000, 0x00000000a1a00000|  0%| F|  |TS  0|AC  0|TAMS 0x00000000a1900000, 0x00000000a1900000|
|  26|0x00000000a1a00000, 0x00000000a1a00000, 0x00000000a1b00000|  0%| F|  |TS  0|AC  0|TAMS 0x00000000a1a00000, 0x00000000a1a00000|
|  27|0x00000000a1b00000, 0x00000000a1b00000, 0x00000000a1c00000|  0%| F|  |TS  0|AC  0|TAMS 0x00000000a1b00000, 0x00000000a1b00000|
|  28|0x00000000a1c00000, 0x00000000a1c00000, 0x00000000a1d00000|  0%| F|  |TS  0|AC  0|TAMS 0x00000000a1c00000, 0x00000000a1c00000|
|  29|0x00000000a1d00000, 0x00000000a1d00000, 0x00000000a1e00000|  0%| F|  |TS  0|AC  0|TAMS 0x00000000a1d00000, 0x00000000a1d00000|
|  30|0x00000000a1e00000, 0x00000000a1e00000, 0x00000000a1f00000|  0%| F|  |TS  0|AC  0|TAMS 0x00000000a1e00000, 0x00000000a1e00000|
|  31|0x00000000a1f00000, 0x00000000a1f00000, 0x00000000a2000000|  0%| F|  |TS  0|AC  0|TAMS 0x00000000a1f00000, 0x00000000a1f00000|
|  32|0x00000000a2000000, 0x00000000a2000000, 0x00000000a2100000|  0%| F|  |TS  0|AC  0|TAMS 0x00000000a2000000, 0x00000000a2000000|
|  33|0x00000000a2100000, 0x00000000a2100000, 0x00000000a2200000|  0%| F|  |TS  0|AC  0|TAMS 0x00000000a2100000, 0x00000000a2100000|
|  34|0x00000000a2200000, 0x00000000a2200000, 0x00000000a2300000|  0%| F|  |TS  0|AC  0|TAMS 0x00000000a2200000, 0x00000000a2200000|
|  35|0x00000000a2300000, 0x00000000a2300000, 0x00000000a2400000|  0%| F|  |TS  0|AC  0|TAMS 0x00000000a2300000, 0x00000000a2300000|
|  36|0x00000000a2400000, 0x00000000a2400000, 0x00000000a2500000|  0%| F|  |TS  0|AC  0|TAMS 0x00000000a2400000, 0x00000000a2400000|
|  37|0x00000000a2500000, 0x00000000a2500000, 0x00000000a2600000|  0%| F|  |TS  0|AC  0|TAMS 0x00000000a2500000, 0x00000000a2500000|
|  38|0x00000000a2600000, 0x00000000a2600000, 0x00000000a2700000|  0%| F|  |TS  0|AC  0|TAMS 0x00000000a2600000, 0x00000000a2600000|
|  39|0x00000000a2700000, 0x00000000a2700000, 0x00000000a2800000|  0%| F|  |TS  0|AC  0|TAMS 0x00000000a2700000, 0x00000000a2700000|
|  40|0x00000000a2800000, 0x00000000a2800000, 0x00000000a2900000|  0%| F|  |TS  0|AC  0|TAMS 0x00000000a2800000, 0x00000000a2800000|
|  41|0x00000000a2900000, 0x00000000a2900000, 0x00000000a2a00000|  0%| F|  |TS  0|AC  0|TAMS 0x00000000a2900000, 0x00000000a2900000|
|  42|0x00000000a2a00000, 0x00000000a2a00000, 0x00000000a2b00000|  0%| F|  |TS  0|AC  0|TAMS 0x00000000a2a00000, 0x00000000a2a00000|
|  43|0x00000000a2b00000, 0x00000000a2b00000, 0x00000000a2c00000|  0%| F|  |TS  0|AC  0|TAMS 0x00000000a2b00000, 0x00000000a2b00000|
|  44|0x00000000a2c00000, 0x00000000a2c00000, 0x00000000a2d00000|  0%| F|  |TS  0|AC  0|TAMS 0x00000000a2c00000, 0x00000000a2c00000|
|  45|0x00000000a2d00000, 0x00000000a2d00000, 0x00000000a2e00000|  0%| F|  |TS  0|AC  0|TAMS 0x00000000a2d00000, 0x00000000a2d00000|
|  46|0x00000000a2e00000, 0x00000000a2e00000, 0x00000000a2f00000|  0%| F|  |TS  0|AC  0|TAMS 0x00000000a2e00000, 0x00000000a2e00000|
|  47|0x00000000a2f00000, 0x00000000a2f00000, 0x00000000a3000000|  0%| F|  |TS  0|AC  0|TAMS 0x00000000a2f00000, 0x00000000a2f00000|
|  48|0x00000000a3000000, 0x00000000a3000000, 0x00000000a3100000|  0%| F|  |TS  0|AC  0|TAMS 0x00000000a3000000, 0x00000000a3000000|
|  49|0x00000000a3100000, 0x00000000a3100000, 0x00000000a3200000|  0%| F|  |TS  0|AC  0|TAMS 0x00000000a3100000, 0x00000000a3100000|
|  50|0x00000000a3200000, 0x00000000a3200000, 0x00000000a3300000|  0%| F|  |TS  0|AC  0|TAMS 0x00000000a3200000, 0x00000000a3200000|
|  51|0x00000000a3300000, 0x00000000a3300000, 0x00000000a3400000|  0%| F|  |TS  0|AC  0|TAMS 0x00000000a3300000, 0x00000000a3300000|
|  52|0x00000000a3400000, 0x00000000a3400000, 0x00000000a3500000|  0%| F|  |TS  0|AC  0|TAMS 0x00000000a3400000, 0x00000000a3400000|
|  53|0x00000000a3500000, 0x00000000a3500000, 0x00000000a3600000|  0%| F|  |TS  0|AC  0|TAMS 0x00000000a3500000, 0x00000000a3500000|
|  54|0x00000000a3600000, 0x00000000a3600000, 0x00000000a3700000|  0%| F|  |TS  0|AC  0|TAMS 0x00000000a3600000, 0x00000000a3600000|
|  55|0x00000000a3700000, 0x00000000a3700000, 0x00000000a3800000|  0%| F|  |TS  0|AC  0|TAMS 0x00000000a3700000, 0x00000000a3700000|
|  56|0x00000000a3800000, 0x00000000a3800000, 0x00000000a3900000|  0%| F|  |TS  0|AC  0|TAMS 0x00000000a3800000, 0x00000000a3800000|
|  57|0x00000000a3900000, 0x00000000a3900000, 0x00000000a3a00000|  0%| F|  |TS  0|AC  0|TAMS 0x00000000a3900000, 0x00000000a3900000|
|  58|0x00000000a3a00000, 0x00000000a3a00000, 0x00000000a3b00000|  0%| F|  |TS  0|AC  0|TAMS 0x00000000a3a00000, 0x00000000a3a00000|
|  59|0x00000000a3b00000, 0x00000000a3b00000, 0x00000000a3c00000|  0%| F|  |TS  0|AC  0|TAMS 0x00000000a3b00000, 0x00000000a3b00000|
|  60|0x00000000a3c00000, 0x00000000a3c00000, 0x00000000a3d00000|  0%| F|  |TS  0|AC  0|TAMS 0x00000000a3c00000, 0x00000000a3c00000|
|  61|0x00000000a3d00000, 0x00000000a3d00000, 0x00000000a3e00000|  0%| F|  |TS  0|AC  0|TAMS 0x00000000a3d00000, 0x00000000a3d00000|
|  62|0x00000000a3e00000, 0x00000000a3e00000, 0x00000000a3f00000|  0%| F|  |TS  0|AC  0|TAMS 0x00000000a3e00000, 0x00000000a3e00000|
|  63|0x00000000a3f00000, 0x00000000a3f00000, 0x00000000a4000000|  0%| F|  |TS  0|AC  0|TAMS 0x00000000a3f00000, 0x00000000a3f00000|
|  64|0x00000000a4000000, 0x00000000a4000000, 0x00000000a4100000|  0%| F|  |TS  0|AC  0|TAMS 0x00000000a4000000, 0x00000000a4000000|
|  65|0x00000000a4100000, 0x00000000a4100000, 0x00000000a4200000|  0%| F|  |TS  0|AC  0|TAMS 0x00000000a4100000, 0x00000000a4100000|
|  66|0x00000000a4200000, 0x00000000a4200000, 0x00000000a4300000|  0%| F|  |TS  0|AC  0|TAMS 0x00000000a4200000, 0x00000000a4200000|
|  67|0x00000000a4300000, 0x00000000a4300000, 0x00000000a4400000|  0%| F|  |TS  0|AC  0|TAMS 0x00000000a4300000, 0x00000000a4300000|
|  68|0x00000000a4400000, 0x00000000a4400000, 0x00000000a4500000|  0%| F|  |TS  0|AC  0|TAMS 0x00000000a4400000, 0x00000000a4400000|
|  69|0x00000000a4500000, 0x00000000a4500000, 0x00000000a4600000|  0%| F|  |TS  0|AC  0|TAMS 0x00000000a4500000, 0x00000000a4500000|
|  70|0x00000000a4600000, 0x00000000a4600000, 0x00000000a4700000|  0%| F|  |TS  0|AC  0|TAMS 0x00000000a4600000, 0x00000000a4600000|
|  71|0x00000000a4700000, 0x00000000a4700000, 0x00000000a4800000|  0%| F|  |TS  0|AC  0|TAMS 0x00000000a4700000, 0x00000000a4700000|
|  72|0x00000000a4800000, 0x00000000a4800000, 0x00000000a4900000|  0%| F|  |TS  0|AC  0|TAMS 0x00000000a4800000, 0x00000000a4800000|
|  73|0x00000000a4900000, 0x00000000a4900000, 0x00000000a4a00000|  0%| F|  |TS  0|AC  0|TAMS 0x00000000a4900000, 0x00000000a4900000|
|  74|0x00000000a4a00000, 0x00000000a4a00000, 0x00000000a4b00000|  0%| F|  |TS  0|AC  0|TAMS 0x00000000a4a00000, 0x00000000a4a00000|
|  75|0x00000000a4b00000, 0x00000000a4b00000, 0x00000000a4c00000|  0%| F|  |TS  0|AC  0|TAMS 0x00000000a4b00000, 0x00000000a4b00000|
|  76|0x00000000a4c00000, 0x00000000a4d00000, 0x00000000a4d00000|100%| S|CS|TS  5|AC  0|TAMS 0x00000000a4c00000, 0x00000000a4c00000|
|  77|0x00000000a4d00000, 0x00000000a4e00000, 0x00000000a4e00000|100%| S|CS|TS  5|AC  0|TAMS 0x00000000a4d00000, 0x00000000a4d00000|
|  78|0x00000000a4e00000, 0x00000000a4f00000, 0x00000000a4f00000|100%| S|CS|TS  5|AC  0|TAMS 0x00000000a4e00000, 0x00000000a4e00000|
|  79|0x00000000a4f00000, 0x00000000a4f00000, 0x00000000a5000000|  0%| F|  |TS  5|AC  0|TAMS 0x00000000a4f00000, 0x00000000a4f00000|
|  80|0x00000000a5000000, 0x00000000a5000000, 0x00000000a5100000|  0%| F|  |TS  5|AC  0|TAMS 0x00000000a5000000, 0x00000000a5000000|
|  81|0x00000000a5100000, 0x00000000a5100000, 0x00000000a5200000|  0%| F|  |TS  5|AC  0|TAMS 0x00000000a5100000, 0x00000000a5100000|
|  82|0x00000000a5200000, 0x00000000a5200000, 0x00000000a5300000|  0%| F|  |TS  5|AC  0|TAMS 0x00000000a5200000, 0x00000000a5200000|
|  83|0x00000000a5300000, 0x00000000a5300000, 0x00000000a5400000|  0%| F|  |TS  5|AC  0|TAMS 0x00000000a5300000, 0x00000000a5300000|
|  84|0x00000000a5400000, 0x00000000a5400000, 0x00000000a5500000|  0%| F|  |TS  5|AC  0|TAMS 0x00000000a5400000, 0x00000000a5400000|
|  85|0x00000000a5500000, 0x00000000a5500000, 0x00000000a5600000|  0%| F|  |TS  5|AC  0|TAMS 0x00000000a5500000, 0x00000000a5500000|
|  86|0x00000000a5600000, 0x00000000a5600000, 0x00000000a5700000|  0%| F|  |TS  5|AC  0|TAMS 0x00000000a5600000, 0x00000000a5600000|
|  87|0x00000000a5700000, 0x00000000a5700000, 0x00000000a5800000|  0%| F|  |TS  5|AC  0|TAMS 0x00000000a5700000, 0x00000000a5700000|
|  88|0x00000000a5800000, 0x00000000a5800000, 0x00000000a5900000|  0%| F|  |TS  5|AC  0|TAMS 0x00000000a5800000, 0x00000000a5800000|
|  89|0x00000000a5900000, 0x00000000a5900000, 0x00000000a5a00000|  0%| F|  |TS  5|AC  0|TAMS 0x00000000a5900000, 0x00000000a5900000|
|  90|0x00000000a5a00000, 0x00000000a5a00000, 0x00000000a5b00000|  0%| F|  |TS  5|AC  0|TAMS 0x00000000a5a00000, 0x00000000a5a00000|
|  91|0x00000000a5b00000, 0x00000000a5b7a1a0, 0x00000000a5c00000| 47%| E|  |TS  5|AC  0|TAMS 0x00000000a5b00000, 0x00000000a5b00000|
|  92|0x00000000a5c00000, 0x00000000a5d00000, 0x00000000a5d00000|100%| E|CS|TS  5|AC  0|TAMS 0x00000000a5c00000, 0x00000000a5c00000|
|  93|0x00000000a5d00000, 0x00000000a5e00000, 0x00000000a5e00000|100%| E|CS|TS  5|AC  0|TAMS 0x00000000a5d00000, 0x00000000a5d00000|
|  94|0x00000000a5e00000, 0x00000000a5f00000, 0x00000000a5f00000|100%| E|CS|TS  5|AC  0|TAMS 0x00000000a5e00000, 0x00000000a5e00000|
|  95|0x00000000a5f00000, 0x00000000a6000000, 0x00000000a6000000|100%| E|CS|TS  5|AC  0|TAMS 0x00000000a5f00000, 0x00000000a5f00000|

Card table byte_map: [0x000002605a290000,0x000002605a590000] byte_map_base: 0x0000026059d90000

Marking Bits (Prev, Next): (CMBitMap*) 0x000002603e6bf720, (CMBitMap*) 0x000002603e6bf758
 Prev Bits: [0x000002605a890000, 0x000002605c090000)
 Next Bits: [0x000002605c090000, 0x000002605d890000)

Polling page: 0x000002603e5c0000

CodeHeap 'non-profiled nmethods': size=120064Kb used=537Kb max_used=537Kb free=119526Kb
 bounds [0x0000026052130000, 0x00000260523a0000, 0x0000026059670000]
CodeHeap 'profiled nmethods': size=120000Kb used=2914Kb max_used=2914Kb free=117085Kb
 bounds [0x000002604ac00000, 0x000002604aee0000, 0x0000026052130000]
CodeHeap 'non-nmethods': size=5696Kb used=1248Kb max_used=1274Kb free=4447Kb
 bounds [0x000002604a670000, 0x000002604a8e0000, 0x000002604ac00000]
 total_blobs=2221 nmethods=1474 adapters=329
 compilation: enabled

Compilation events (10 events):
Event: 1.911 Thread 0x000002606070e800 nmethod 1470 0x00000260521b0590 code [0x00000260521b0720, 0x00000260521b0828]
Event: 1.911 Thread 0x000002606070e800 1448       4       java.util.zip.Inflater::ensureOpen (47 bytes)
Event: 1.912 Thread 0x000002606070e800 nmethod 1448 0x00000260521b0910 code [0x00000260521b0aa0, 0x00000260521b0b38]
Event: 1.912 Thread 0x000002606070e800 1449   !   4       java.util.zip.Inflater::inflate (113 bytes)
Event: 1.912 Thread 0x000002606070b800 nmethod 1450 0x00000260521b0c10 code [0x00000260521b0e00, 0x00000260521b1b58]
Event: 1.912 Thread 0x000002606070b800 1452       4       java.io.FilterInputStream::read (8 bytes)
Event: 1.914 Thread 0x000002606070b800 nmethod 1452 0x00000260521b2290 code [0x00000260521b2440, 0x00000260521b2568]
Event: 1.914 Thread 0x000002606070b800 1453       4       java.util.zip.InflaterInputStream::read (32 bytes)
Event: 1.916 Thread 0x000002606070b800 nmethod 1453 0x00000260521b2710 code [0x00000260521b28c0, 0x00000260521b29c8]
Event: 1.916 Thread 0x000002606070b800 1463       4       java.io.DataInputStream::readUnsignedShort (39 bytes)

GC Heap History (6 events):
Event: 1.052 GC heap before
{Heap before GC invocations=0 (full 0):
 garbage-first heap   total 98304K, used 15360K [0x00000000a0000000, 0x00000000a0100300, 0x0000000100000000)
  region size 1024K, 14 young (14336K), 0 survivors (0K)
 Metaspace       used 10973K, capacity 11266K, committed 11520K, reserved 1058816K
  class space    used 1083K, capacity 1173K, committed 1280K, reserved 1048576K
}
Event: 1.068 GC heap after
{Heap after GC invocations=1 (full 0):
 garbage-first heap   total 98304K, used 8858K [0x00000000a0000000, 0x00000000a0100300, 0x0000000100000000)
  region size 1024K, 2 young (2048K), 2 survivors (2048K)
 Metaspace       used 10973K, capacity 11266K, committed 11520K, reserved 1058816K
  class space    used 1083K, capacity 1173K, committed 1280K, reserved 1048576K
}
Event: 1.343 GC heap before
{Heap before GC invocations=1 (full 0):
 garbage-first heap   total 98304K, used 18074K [0x00000000a0000000, 0x00000000a0100300, 0x0000000100000000)
  region size 1024K, 11 young (11264K), 2 survivors (2048K)
 Metaspace       used 12403K, capacity 12694K, committed 12928K, reserved 1060864K
  class space    used 1224K, capacity 1281K, committed 1408K, reserved 1048576K
}
Event: 1.361 GC heap after
{Heap after GC invocations=2 (full 0):
 garbage-first heap   total 98304K, used 12007K [0x00000000a0000000, 0x00000000a0100300, 0x0000000100000000)
  region size 1024K, 2 young (2048K), 2 survivors (2048K)
 Metaspace       used 12403K, capacity 12694K, committed 12928K, reserved 1060864K
  class space    used 1224K, capacity 1281K, committed 1408K, reserved 1048576K
}
Event: 1.802 GC heap before
{Heap before GC invocations=2 (full 0):
 garbage-first heap   total 98304K, used 27367K [0x00000000a0000000, 0x00000000a0100300, 0x0000000100000000)
  region size 1024K, 17 young (17408K), 2 survivors (2048K)
 Metaspace       used 16716K, capacity 17136K, committed 17280K, reserved 1064960K
  class space    used 1696K, capacity 1804K, committed 1920K, reserved 1048576K
}
Event: 1.813 GC heap after
{Heap after GC invocations=3 (full 0):
 garbage-first heap   total 98304K, used 15082K [0x00000000a0000000, 0x00000000a0100300, 0x0000000100000000)
  region size 1024K, 3 young (3072K), 3 survivors (3072K)
 Metaspace       used 16716K, capacity 17136K, committed 17280K, reserved 1064960K
  class space    used 1696K, capacity 1804K, committed 1920K, reserved 1048576K
}

Deoptimization events (10 events):
Event: 0.664 Thread 0x000002603e63c800 Uncommon trap: reason=bimorphic_or_optimized_type_check action=maybe_recompile pc=0x0000026052155a14 method=java.util.HashMap.getNode(ILjava/lang/Object;)Ljava/util/HashMap$Node; @ 59 c2
Event: 0.807 Thread 0x000002603e63c800 Uncommon trap: reason=unstable_if action=reinterpret pc=0x000002605213575c method=java.net.URI.match(CJJ)Z @ 45 c2
Event: 1.125 Thread 0x000002603e63c800 Uncommon trap: reason=unstable_if action=reinterpret pc=0x000002605215ca1c method=java.lang.StringLatin1.canEncode(I)Z @ 4 c2
Event: 1.125 Thread 0x000002603e63c800 Uncommon trap: reason=unstable_if action=reinterpret pc=0x000002605215fa0c method=java.lang.AbstractStringBuilder.isLatin1()Z @ 10 c2
Event: 1.125 Thread 0x000002603e63c800 Uncommon trap: reason=unstable_if action=reinterpret pc=0x0000026052168074 method=java.lang.AbstractStringBuilder.isLatin1()Z @ 10 c2
Event: 1.128 Thread 0x000002603e63c800 Uncommon trap: reason=unstable_if action=reinterpret pc=0x0000026052134750 method=java.lang.StringLatin1.canEncode(I)Z @ 4 c2
Event: 1.457 Thread 0x000002603e63c800 Uncommon trap: reason=class_check action=maybe_recompile pc=0x0000026052163080 method=java.util.HashMap.putVal(ILjava/lang/Object;Ljava/lang/Object;ZZ)Ljava/lang/Object; @ 203 c2
Event: 1.463 Thread 0x000002603e63c800 Uncommon trap: reason=unstable_if action=reinterpret pc=0x0000026052184278 method=java.lang.AbstractStringBuilder.append(Ljava/lang/String;)Ljava/lang/AbstractStringBuilder; @ 1 c2
Event: 1.794 Thread 0x000002603e63c800 Uncommon trap: reason=unstable_if action=reinterpret pc=0x0000026052176f70 method=java.util.HashMap.hash(Ljava/lang/Object;)I @ 1 c2
Event: 1.891 Thread 0x000002603e63c800 Uncommon trap: reason=unstable_if action=reinterpret pc=0x00000260521adc54 method=java.io.DataInputStream.readUTF(Ljava/io/DataInput;)Ljava/lang/String; @ 31 c2

Classes redefined (0 events):
No events

Internal exceptions (10 events):
Event: 1.840 Thread 0x000002603e63c800 Exception <a 'java/security/PrivilegedActionException'{0x00000000a5e12e60}> (0x00000000a5e12e60) thrown at [t:/workspace/hotspot/src/share/vm/prims/jvm.cpp, line 1310]
Event: 1.840 Thread 0x000002603e63c800 Exception <a 'java/security/PrivilegedActionException'{0x00000000a5e13440}> (0x00000000a5e13440) thrown at [t:/workspace/hotspot/src/share/vm/prims/jvm.cpp, line 1310]
Event: 1.842 Thread 0x000002603e63c800 Exception <a 'java/security/PrivilegedActionException'{0x00000000a5e341e0}> (0x00000000a5e341e0) thrown at [t:/workspace/hotspot/src/share/vm/prims/jvm.cpp, line 1310]
Event: 1.842 Thread 0x000002603e63c800 Exception <a 'java/security/PrivilegedActionException'{0x00000000a5e347c0}> (0x00000000a5e347c0) thrown at [t:/workspace/hotspot/src/share/vm/prims/jvm.cpp, line 1310]
Event: 1.843 Thread 0x000002603e63c800 Exception <a 'java/security/PrivilegedActionException'{0x00000000a5e48020}> (0x00000000a5e48020) thrown at [t:/workspace/hotspot/src/share/vm/prims/jvm.cpp, line 1310]
Event: 1.843 Thread 0x000002603e63c800 Exception <a 'java/security/PrivilegedActionException'{0x00000000a5e48600}> (0x00000000a5e48600) thrown at [t:/workspace/hotspot/src/share/vm/prims/jvm.cpp, line 1310]
Event: 1.843 Thread 0x000002603e63c800 Exception <a 'java/security/PrivilegedActionException'{0x00000000a5e57610}> (0x00000000a5e57610) thrown at [t:/workspace/hotspot/src/share/vm/prims/jvm.cpp, line 1310]
Event: 1.843 Thread 0x000002603e63c800 Exception <a 'java/security/PrivilegedActionException'{0x00000000a5e57bf0}> (0x00000000a5e57bf0) thrown at [t:/workspace/hotspot/src/share/vm/prims/jvm.cpp, line 1310]
Event: 1.844 Thread 0x000002603e63c800 Exception <a 'java/security/PrivilegedActionException'{0x00000000a5e6b1d8}> (0x00000000a5e6b1d8) thrown at [t:/workspace/hotspot/src/share/vm/prims/jvm.cpp, line 1310]
Event: 1.844 Thread 0x000002603e63c800 Exception <a 'java/security/PrivilegedActionException'{0x00000000a5e6b7b8}> (0x00000000a5e6b7b8) thrown at [t:/workspace/hotspot/src/share/vm/prims/jvm.cpp, line 1310]

Events (10 events):
Event: 1.864 loading class org/apache/xmlbeans/impl/schema/SchemaLocalAttributeImpl done
Event: 1.864 loading class org/apache/xmlbeans/impl/schema/SchemaGlobalAttributeImpl
Event: 1.864 loading class org/apache/xmlbeans/impl/schema/SchemaGlobalAttributeImpl done
Event: 1.867 loading class org/apache/xmlbeans/impl/schema/SchemaTypeSystemImpl$StringPool
Event: 1.867 loading class org/apache/xmlbeans/impl/schema/SchemaTypeSystemImpl$StringPool done
Event: 1.891 Thread 0x000002603e63c800 Uncommon trap: trap_request=0xffffff5d fr.pc=0x00000260521adc54 relative=0x0000000000000674
Event: 1.891 Thread 0x000002603e63c800 DEOPT PACKING pc=0x00000260521adc54 sp=0x000000d9f44fb990
Event: 1.891 Thread 0x000002603e63c800 DEOPT UNPACKING pc=0x000002604a6bda29 sp=0x000000d9f44fb920 mode 2
Event: 1.891 loading class org/apache/xmlbeans/impl/schema/SchemaTypeSystemImpl$HandlePool
Event: 1.891 loading class org/apache/xmlbeans/impl/schema/SchemaTypeSystemImpl$HandlePool done


Dynamic libraries:
0x00007ff7e2260000 - 0x00007ff7e229e000 	C:\Program Files\Java\jdk-9.0.4\bin\javaw.exe
0x00007fffb2db0000 - 0x00007fffb2f91000 	C:\WINDOWS\SYSTEM32\ntdll.dll
0x00007fffb2ab0000 - 0x00007fffb2b61000 	C:\WINDOWS\System32\KERNEL32.DLL
0x00007fffafc80000 - 0x00007fffafef3000 	C:\WINDOWS\System32\KERNELBASE.dll
0x00007fffb1a60000 - 0x00007fffb1b01000 	C:\WINDOWS\System32\ADVAPI32.dll
0x00007fffb2110000 - 0x00007fffb21ae000 	C:\WINDOWS\System32\msvcrt.dll
0x00007fffb24d0000 - 0x00007fffb252b000 	C:\WINDOWS\System32\sechost.dll
0x00007fffb1fe0000 - 0x00007fffb2104000 	C:\WINDOWS\System32\RPCRT4.dll
0x00007fffb1b10000 - 0x00007fffb1ca0000 	C:\WINDOWS\System32\USER32.dll
0x00007fffaf260000 - 0x00007fffaf280000 	C:\WINDOWS\System32\win32u.dll
0x00007fffb23b0000 - 0x00007fffb23d8000 	C:\WINDOWS\System32\GDI32.dll
0x00007fffb0070000 - 0x00007fffb0201000 	C:\WINDOWS\System32\gdi32full.dll
0x00007fffaff00000 - 0x00007fffaff9f000 	C:\WINDOWS\System32\msvcp_win.dll
0x00007fffaf280000 - 0x00007fffaf378000 	C:\WINDOWS\System32\ucrtbase.dll
0x00007fffa5b40000 - 0x00007fffa5da9000 	C:\WINDOWS\WinSxS\amd64_microsoft.windows.common-controls_6595b64144ccf1df_6.0.17134.885_none_fb42a3473065565f\COMCTL32.dll
0x00007fffb16b0000 - 0x00007fffb19d2000 	C:\WINDOWS\System32\combase.dll
0x00007fffaab40000 - 0x00007fffaab4a000 	C:\WINDOWS\SYSTEM32\VERSION.dll
0x00007fffaffa0000 - 0x00007fffb0019000 	C:\WINDOWS\System32\bcryptPrimitives.dll
0x00007fffb1fb0000 - 0x00007fffb1fdd000 	C:\WINDOWS\System32\IMM32.DLL
0x00007fff9d3e0000 - 0x00007fff9d4cf000 	C:\Program Files\Java\jdk-9.0.4\bin\msvcr120.dll
0x00007fff9d330000 - 0x00007fff9d3d6000 	C:\Program Files\Java\jdk-9.0.4\bin\msvcp120.dll
0x00000000752a0000 - 0x0000000075cc5000 	C:\Program Files\Java\jdk-9.0.4\bin\server\jvm.dll
0x00007fffb1a50000 - 0x00007fffb1a58000 	C:\WINDOWS\System32\PSAPI.DLL
0x00007fff89f60000 - 0x00007fff89f69000 	C:\WINDOWS\SYSTEM32\WSOCK32.dll
0x00007fffad220000 - 0x00007fffad243000 	C:\WINDOWS\SYSTEM32\WINMM.dll
0x00007fffb19e0000 - 0x00007fffb1a4c000 	C:\WINDOWS\System32\WS2_32.dll
0x00007fffad1f0000 - 0x00007fffad21a000 	C:\WINDOWS\SYSTEM32\winmmbase.dll
0x00007fffb0020000 - 0x00007fffb0069000 	C:\WINDOWS\System32\cfgmgr32.dll
0x00007fffa5a20000 - 0x00007fffa5a2f000 	C:\Program Files\Java\jdk-9.0.4\bin\verify.dll
0x00007fffa0a40000 - 0x00007fffa0a67000 	C:\Program Files\Java\jdk-9.0.4\bin\java.dll
0x00007fffa59c0000 - 0x00007fffa59d6000 	C:\Program Files\Java\jdk-9.0.4\bin\zip.dll
0x00007fffa1190000 - 0x00007fffa119a000 	C:\Program Files\Java\jdk-9.0.4\bin\jimage.dll
0x00007fffb0270000 - 0x00007fffb16b0000 	C:\WINDOWS\System32\SHELL32.dll
0x00007fffb1ca0000 - 0x00007fffb1d49000 	C:\WINDOWS\System32\shcore.dll
0x00007fffaf380000 - 0x00007fffafa8d000 	C:\WINDOWS\System32\windows.storage.dll
0x00007fffb2530000 - 0x00007fffb2581000 	C:\WINDOWS\System32\shlwapi.dll
0x00007fffaf130000 - 0x00007fffaf141000 	C:\WINDOWS\System32\kernel.appcore.dll
0x00007fffaf0a0000 - 0x00007fffaf0bf000 	C:\WINDOWS\System32\profapi.dll
0x00007fffaf0c0000 - 0x00007fffaf10c000 	C:\WINDOWS\System32\powrprof.dll
0x00007fffaf090000 - 0x00007fffaf09a000 	C:\WINDOWS\System32\FLTLIB.DLL
0x00007fff9fdc0000 - 0x00007fff9fdda000 	C:\Program Files\Java\jdk-9.0.4\bin\net.dll
0x00007fffa9ed0000 - 0x00007fffa9fad000 	C:\WINDOWS\SYSTEM32\WINHTTP.dll
0x00007fffae910000 - 0x00007fffae976000 	C:\WINDOWS\system32\mswsock.dll
0x00007fff9fda0000 - 0x00007fff9fdb1000 	C:\Program Files\Java\jdk-9.0.4\bin\nio.dll
0x00007fffae680000 - 0x00007fffae73e000 	C:\WINDOWS\SYSTEM32\DNSAPI.dll
0x00007fffb2310000 - 0x00007fffb2318000 	C:\WINDOWS\System32\NSI.dll
0x00007fffae640000 - 0x00007fffae678000 	C:\WINDOWS\SYSTEM32\IPHLPAPI.DLL
0x00007fffa3d60000 - 0x00007fffa3d6a000 	C:\Windows\System32\rasadhlp.dll
0x00007fffa5ac0000 - 0x00007fffa5b32000 	C:\WINDOWS\System32\fwpuclnt.dll
0x00007fffaebf0000 - 0x00007fffaec15000 	C:\WINDOWS\SYSTEM32\bcrypt.dll
0x00007fffaeac0000 - 0x00007fffaead7000 	C:\WINDOWS\SYSTEM32\CRYPTSP.dll
0x00007fffae4a0000 - 0x00007fffae4d3000 	C:\WINDOWS\system32\rsaenh.dll
0x00007fffaefc0000 - 0x00007fffaefe8000 	C:\WINDOWS\SYSTEM32\USERENV.dll
0x00007fffaeae0000 - 0x00007fffaeaeb000 	C:\WINDOWS\SYSTEM32\CRYPTBASE.dll
0x00007fffa9360000 - 0x00007fffa9376000 	C:\WINDOWS\SYSTEM32\dhcpcsvc6.DLL
0x00007fffa9340000 - 0x00007fffa935a000 	C:\WINDOWS\SYSTEM32\dhcpcsvc.DLL
0x00007fff9f800000 - 0x00007fff9f9c9000 	C:\WINDOWS\SYSTEM32\dbghelp.dll

VM Arguments:
jvm_args: -ea -Dfile.encoding=Cp1252 
java_command: org.testng.remote.RemoteTestNG -serport 54597 -protocol json -d C:\Users\TB-DB\git\DDFramework\DDFramework\test-output C:\Users\TB-DB\git\DDFramework\DDFramework\src\test\resources\runner\testng.xml
java_class_path (initial): D:\New_selenium\eclipse-java-oxygen-3a-win32-x86_64\eclipse\configuration\org.eclipse.osgi\513\0\.cp\lib\testng-remote.jar;C:\Users\TB-DB\git\DDFramework\DDFramework\target\test-classes;C:\Users\TB-DB\git\DDFramework\DDFramework\target\classes;D:\New_selenium\eclipse-java-oxygen-3a-win32-x86_64\eclipse\plugins\org.testng_6.14.3.r201802240500.jar;D:\New_selenium\eclipse-java-oxygen-3a-win32-x86_64\eclipse\plugins\com.beust.jcommander_1.72.0.jar;D:\New_selenium\eclipse-java-oxygen-3a-win32-x86_64\eclipse\plugins\org.apache-extras.beanshell.bsh_2.0.0.b6.jar;D:\New_selenium\eclipse-java-oxygen-3a-win32-x86_64\eclipse\plugins\org.yaml.snakeyaml_1.17.0.jar;D:\LatestSeleniumSoftwares\poi-bin-4.1.0-20190412\poi-4.1.0\poi-4.1.0.jar;D:\LatestSeleniumSoftwares\poi-bin-4.1.0-20190412\poi-4.1.0\poi-examples-4.1.0.jar;D:\LatestSeleniumSoftwares\poi-bin-4.1.0-20190412\poi-4.1.0\poi-excelant-4.1.0.jar;D:\LatestSeleniumSoftwares\poi-bin-4.1.0-20190412\poi-4.1.0\poi-ooxml-4.1.0.jar;D:\LatestSeleniumSoftwares\poi-bin-4.1.0-20190412\poi-4.1.0\poi-ooxml-schemas-4.1.0.jar;D:\LatestSeleniumSoftwares\poi-bin-4.1.0-20190412\poi-4.1.0\poi-scratchpad-4.1.0.jar;D:\LatestSeleniumSoftwares\poi-bin-4.1.0-20190412\poi-4.1.0\ooxml-lib\curvesapi-1.06.jar;D:\LatestSeleniumSoftwares\poi-bin-4.1.0-20190412\poi-4.1.0\ooxml-lib\xmlbeans-3.1.0.jar;D:\LatestSeleniumSoftwares\poi-bin-4.1.0-20190412\poi-4.1.0\lib\activation-1.1.1.jar;D:\LatestSeleniumSoftwares\poi-bin-4.1.0-20190412\poi-4.1.0\lib\commons-codec-1.12.jar;D:\LatestSeleniumSoftwares\poi-bin-4.1.0-20190412\poi-4.1.0\lib\commons-collections4-4.3.jar;D:\LatestSeleniumSoftwares\poi-bin-4.1.0-20190412\poi-4.1.0\lib\commons-compress-1.18.jar;D:\LatestSeleniumSoftwares\poi-bin-4.1.0-20190412\poi-4.1.0\lib\commons-logging-1.2.jar;D:\LatestSeleniumSoftwares\poi-bin-4.1.0-20190412\poi-4.1.0\lib\commons-math3-3.6.1.jar;D:\LatestSeleniumSoftwares\poi-bin-4.1.0-20190412\poi-4.1.0\lib\jaxb-api-2.3.0.jar;D:\LatestSeleniumSoftwares\
Launcher Type: SUN_STANDARD

Logging:
Log output configuration:
#0: stdout all=warning uptime,level,tags
#1: stderr all=off uptime,level,tags

Environment Variables:
JAVA_HOME=C:\Program Files\Java\jdk-8
PATH=C:/Program Files/Java/jdk-8/bin/../jre/bin/server;C:/Program Files/Java/jdk-8/bin/../jre/bin;C:/Program Files/Java/jdk-8/bin/../jre/lib/amd64;"C:\Windows\System32;C:\Program Files\Java\jdk-8\bin";C:\Program Files\Java\jdk-8\bin;C:\WINDOWS\system32;C:\WINDOWS;C:\WINDOWS\System32\Wbem;C:\WINDOWS\System32\WindowsPowerShell\v1.0\;C:\WINDOWS\System32\OpenSSH\;C:\Program Files\Microsoft VS Code\bin;D:\wamp64\bin\php\php7.1.9;C:\ProgramData\ComposerSetup\bin;D:\LatestSeleniumSoftwares\apache-maven-3.6.0-bin\apache-maven-3.6.0\bin;C:\Program Files\Git\cmd;D:\LatestSeleniumSoftwares\apache-ant-1.10.5-bin\apache-ant-1.10.5\bin;D:\wamp64\bin\php\php7.1.9;C:\Users\TB-DB\AppData\Roaming\Composer\vendor\bin;;D:\New_selenium\eclipse-java-oxygen-3a-win32-x86_64\eclipse;
USERNAME=TB-DB
OS=Windows_NT
PROCESSOR_IDENTIFIER=Intel64 Family 6 Model 15 Stepping 11, GenuineIntel



---------------  S Y S T E M  ---------------

OS: Windows 10 , 64 bit Build 17134 (10.0.17134.753)

CPU:total 4 (initial active 4) (4 cores per cpu, 1 threads per core) family 6 model 15 stepping 11, cmov, cx8, fxsr, mmx, sse, sse2, sse3, ssse3, tsc

Memory: 4k page, physical 6289700k(1800928k free), swap 8059172k(2043660k free)

vm_info: Java HotSpot(TM) 64-Bit Server VM (9.0.4+11) for windows-amd64 JRE (9.0.4+11), built on Dec 20 2017 02:18:54 by "mach5one" with MS VC++ 12.0 (VS2013)

END.
