#
# A fatal error has been detected by the Java Runtime Environment:
#
#  EXCEPTION_ACCESS_VIOLATION (0xc0000005) at pc=0x00000244356d8200, pid=10196, tid=9932
#
# JRE version: Java(TM) SE Runtime Environment (9.0+11) (build 9.0.4+11)
# Java VM: Java HotSpot(TM) 64-Bit Server VM (9.0.4+11, mixed mode, tiered, compressed oops, g1 gc, windows-amd64)
# Problematic frame:
# C  0x00000244356d8200
#
# No core dump will be written. Minidumps are not enabled by default on client versions of Windows
#
# If you would like to submit a bug report, please visit:
#   http://bugreport.java.com/bugreport/crash.jsp
#

---------------  S U M M A R Y ------------

Command Line: -ea -Dfile.encoding=Cp1252 org.testng.remote.RemoteTestNG -serport 50906 -protocol json -d C:\Users\TB-DB\eclipse-workspace\DDFramework\test-output C:\Users\TB-DB\eclipse-workspace\DDFramework\src\test\resources\runner\testng.xml

Host: Intel(R) Core(TM)2 Quad CPU    Q6600  @ 2.40GHz, 4 cores, 5G,  Windows 10 , 64 bit Build 17134 (10.0.17134.753)
Time: Thu Aug 01 10:36:29 2019 India Standard Time elapsed time: 0 seconds (0d 0h 0m 0s)

---------------  T H R E A D  ---------------

Current thread (0x000002449882e000):  JavaThread "main" [_thread_in_Java, id=9932, stack(0x0000006dd0d00000,0x0000006dd0e00000)]

Stack: [0x0000006dd0d00000,0x0000006dd0e00000],  sp=0x0000006dd0dfb3f8,  free space=1004k
Native frames: (J=compiled Java code, j=interpreted, Vv=VM code, C=native code)
C  0x00000244356d8200


siginfo: EXCEPTION_ACCESS_VIOLATION (0xc0000005), data execution prevention violation at address 0x00000244356d8200


Register to memory mapping:

RIP=0x00000244356d8200 is an unknown value
RAX={method} {0x00000244ba284b78} 'CENFLG' '([BI)I' in 'java/util/zip/ZipUtils'
RBX={method} {0x00000244ba284b78} 'CENFLG' '([BI)I' in 'java/util/zip/ZipUtils'
RCX=0x00000244ba235320 is pointing into metadata
RDX=0x00000000a0000000 is an oop
[B 
{0x00000000a0000000} - klass: {type array byte}
 - length: 974306
RSP=0x0000006dd0dfb3f8 is pointing into the stack for thread: 0x000002449882e000
RBP=0x0000006dd0dfb460 is pointing into the stack for thread: 0x000002449882e000
RSI=0x0000000000000000 is an unknown value
RDI=0x0000000000000178 is an unknown value
R8 =0x00000000000b9a57 is an unknown value
R9 =0x00000000000edde2 is an unknown value
R10=0x0000000075c17bc0 jvm.dll
R11=0x00000244a4cbc8c0 is at entry_point+0 in (nmethod*)0x00000244a4cbc710
R12=0x0000000000000000 is an unknown value
R13=0x0000006dd0dfb408 is pointing into the stack for thread: 0x000002449882e000
R14=0x0000006dd0dfb4d8 is pointing into the stack for thread: 0x000002449882e000
R15=0x000002449882e000 is a thread


Registers:
RAX=0x00000244ba284b70, RBX=0x00000244ba284b70, RCX=0x00000244ba235320, RDX=0x00000000a0000000
RSP=0x0000006dd0dfb3f8, RBP=0x0000006dd0dfb460, RSI=0x0000000000000000, RDI=0x0000000000000178
R8 =0x00000000000b9a57, R9 =0x00000000000edde2, R10=0x0000000075c17bc0, R11=0x00000244a4cbc8c0
R12=0x0000000000000000, R13=0x0000006dd0dfb408, R14=0x0000006dd0dfb4d8, R15=0x000002449882e000
RIP=0x00000244356d8200, EFLAGS=0x0000000000010206

Top of Stack: (sp=0x0000006dd0dfb3f8)
0x0000006dd0dfb3f8:   00000244a46db040 00000244a46db040
0x0000006dd0dfb408:   00000000000b9a57 00000000a0000000
0x0000006dd0dfb418:   0000006dd0dfb418 00000244ba23436c
0x0000006dd0dfb428:   0000006dd0dfb4d8 00000244ba235320
0x0000006dd0dfb438:   0000000000000000 00000000a5eee590
0x0000006dd0dfb448:   00000244ba2345a8 0000006dd0dfb408
0x0000006dd0dfb458:   0000006dd0dfb4d0 0000006dd0dfb528
0x0000006dd0dfb468:   00000244a46db603 0000000000000000
0x0000006dd0dfb478:   0000000000000000 0000000000000062
0x0000006dd0dfb488:   0000000000000008 00000000000eddcc
0x0000006dd0dfb498:   00000000000b9a57 00000000000003d5
0x0000006dd0dfb4a8:   0000000000001709 00000000a5b905b0
0x0000006dd0dfb4b8:   00000000ffffffff 000000008f9a37f7
0x0000006dd0dfb4c8:   000000000000451b 00000000ffffffff
0x0000006dd0dfb4d8:   00000000a5b8c9f8 0000006dd0dfb4e0
0x0000006dd0dfb4e8:   00000244ba23380c 0000006dd0dfb558 

Instructions: (pc=0x00000244356d8200)
0x00000244356d81e0:   
[error occurred during error reporting (printing registers, top of stack, instructions near pc), id 0xc0000005]


---------------  P R O C E S S  ---------------

Java Threads: ( => current thread )
  0x00000244baaef000 JavaThread "Service Thread" daemon [_thread_blocked, id=4560, stack(0x0000006dd2300000,0x0000006dd2400000)]
  0x00000244ba86e000 JavaThread "Common-Cleaner" daemon [_thread_blocked, id=3228, stack(0x0000006dd2200000,0x0000006dd2300000)]
  0x00000244ba7b8000 JavaThread "Sweeper thread" daemon [_thread_blocked, id=8484, stack(0x0000006dd2100000,0x0000006dd2200000)]
  0x00000244ba7b4000 JavaThread "C1 CompilerThread2" daemon [_thread_blocked, id=8700, stack(0x0000006dd2000000,0x0000006dd2100000)]
  0x00000244ba7b3000 JavaThread "C2 CompilerThread1" daemon [_thread_blocked, id=8408, stack(0x0000006dd1f00000,0x0000006dd2000000)]
  0x00000244ba7a8800 JavaThread "C2 CompilerThread0" daemon [_thread_blocked, id=6820, stack(0x0000006dd1e00000,0x0000006dd1f00000)]
  0x00000244ba7a1800 JavaThread "Attach Listener" daemon [_thread_blocked, id=5900, stack(0x0000006dd1d00000,0x0000006dd1e00000)]
  0x00000244ba7a0800 JavaThread "Signal Dispatcher" daemon [_thread_blocked, id=6064, stack(0x0000006dd1c00000,0x0000006dd1d00000)]
  0x00000244ba757000 JavaThread "Finalizer" daemon [_thread_blocked, id=3908, stack(0x0000006dd1b00000,0x0000006dd1c00000)]
  0x00000244ba744000 JavaThread "Reference Handler" daemon [_thread_blocked, id=3948, stack(0x0000006dd1a00000,0x0000006dd1b00000)]
=>0x000002449882e000 JavaThread "main" [_thread_in_Java, id=9932, stack(0x0000006dd0d00000,0x0000006dd0e00000)]

Other Threads:
  0x00000244ba742000 VMThread "VM Thread" [stack: 0x0000006dd1900000,0x0000006dd1a00000] [id=5804]
  0x00000244baaf4000 WatcherThread [stack: 0x0000006dd2400000,0x0000006dd2500000] [id=2284]
  0x0000024498847000 GCTaskThread "GC Thread#0" [stack: 0x0000006dd0e00000,0x0000006dd0f00000] [id=6772]
  0x0000024498848800 GCTaskThread "GC Thread#1" [stack: 0x0000006dd0f00000,0x0000006dd1000000] [id=1380]
  0x000002449884c800 GCTaskThread "GC Thread#2" [stack: 0x0000006dd1000000,0x0000006dd1100000] [id=4336]
  0x000002449884f800 GCTaskThread "GC Thread#3" [stack: 0x0000006dd1100000,0x0000006dd1200000] [id=8704]
  0x00000244988af000 ConcurrentGCThread "G1 Main Marker" [stack: 0x0000006dd1700000,0x0000006dd1800000] [id=9212]
  0x00000244988b4800 ConcurrentGCThread "G1 Marker#0" [stack: 0x0000006dd1800000,0x0000006dd1900000] [id=240]
  0x000002449885f000 ConcurrentGCThread "G1 Refine#0" [stack: 0x0000006dd1500000,0x0000006dd1600000] [id=4080]
  0x000002449885e000 ConcurrentGCThread "G1 Refine#1" [stack: 0x0000006dd1400000,0x0000006dd1500000] [id=1808]
  0x0000024498859000 ConcurrentGCThread "G1 Refine#2" [stack: 0x0000006dd1300000,0x0000006dd1400000] [id=1948]
  0x0000024498852000 ConcurrentGCThread "G1 Refine#3" [stack: 0x0000006dd1200000,0x0000006dd1300000] [id=3280]
  0x0000024498860000 ConcurrentGCThread "G1 Young RemSet Sampling" [stack: 0x0000006dd1600000,0x0000006dd1700000] [id=10792]

Threads with active compile tasks:

VM state:not at safepoint (normal execution)

VM Mutex/Monitor currently owned by a thread: None

Heap address: 0x00000000a0000000, size: 1536 MB, Compressed Oops mode: 32-bit
Narrow klass base: 0x0000000000000000, Narrow klass shift: 3
Compressed class space size: 1073741824 Address: 0x0000000100000000

Heap:
 garbage-first heap   total 98304K, used 6144K [0x00000000a0000000, 0x00000000a0100300, 0x0000000100000000)
  region size 1024K, 6 young (6144K), 0 survivors (0K)
 Metaspace       used 7392K, capacity 7526K, committed 7680K, reserved 1056768K
  class space    used 683K, capacity 719K, committed 768K, reserved 1048576K
Heap Regions: E=young(eden), S=young(survivor), O=old, HS=humongous(starts), HC=humongous(continues), CS=collection set, F=free, A=archive, TS=gc time stamp, AC=allocation context, TAMS=top-at-mark-start (previous, next)
|   0|0x00000000a0000000, 0x00000000a0100000, 0x00000000a0100000|100%|HS|  |TS  0|AC  0|TAMS 0x00000000a0000000, 0x00000000a0000000|
|   1|0x00000000a0100000, 0x00000000a0100000, 0x00000000a0200000|  0%| F|  |TS  0|AC  0|TAMS 0x00000000a0100000, 0x00000000a0100000|
|   2|0x00000000a0200000, 0x00000000a0200000, 0x00000000a0300000|  0%| F|  |TS  0|AC  0|TAMS 0x00000000a0200000, 0x00000000a0200000|
|   3|0x00000000a0300000, 0x00000000a0300000, 0x00000000a0400000|  0%| F|  |TS  0|AC  0|TAMS 0x00000000a0300000, 0x00000000a0300000|
|   4|0x00000000a0400000, 0x00000000a0400000, 0x00000000a0500000|  0%| F|  |TS  0|AC  0|TAMS 0x00000000a0400000, 0x00000000a0400000|
|   5|0x00000000a0500000, 0x00000000a0500000, 0x00000000a0600000|  0%| F|  |TS  0|AC  0|TAMS 0x00000000a0500000, 0x00000000a0500000|
|   6|0x00000000a0600000, 0x00000000a0600000, 0x00000000a0700000|  0%| F|  |TS  0|AC  0|TAMS 0x00000000a0600000, 0x00000000a0600000|
|   7|0x00000000a0700000, 0x00000000a0700000, 0x00000000a0800000|  0%| F|  |TS  0|AC  0|TAMS 0x00000000a0700000, 0x00000000a0700000|
|   8|0x00000000a0800000, 0x00000000a0800000, 0x00000000a0900000|  0%| F|  |TS  0|AC  0|TAMS 0x00000000a0800000, 0x00000000a0800000|
|   9|0x00000000a0900000, 0x00000000a0900000, 0x00000000a0a00000|  0%| F|  |TS  0|AC  0|TAMS 0x00000000a0900000, 0x00000000a0900000|
|  10|0x00000000a0a00000, 0x00000000a0a00000, 0x00000000a0b00000|  0%| F|  |TS  0|AC  0|TAMS 0x00000000a0a00000, 0x00000000a0a00000|
|  11|0x00000000a0b00000, 0x00000000a0b00000, 0x00000000a0c00000|  0%| F|  |TS  0|AC  0|TAMS 0x00000000a0b00000, 0x00000000a0b00000|
|  12|0x00000000a0c00000, 0x00000000a0c00000, 0x00000000a0d00000|  0%| F|  |TS  0|AC  0|TAMS 0x00000000a0c00000, 0x00000000a0c00000|
|  13|0x00000000a0d00000, 0x00000000a0d00000, 0x00000000a0e00000|  0%| F|  |TS  0|AC  0|TAMS 0x00000000a0d00000, 0x00000000a0d00000|
|  14|0x00000000a0e00000, 0x00000000a0e00000, 0x00000000a0f00000|  0%| F|  |TS  0|AC  0|TAMS 0x00000000a0e00000, 0x00000000a0e00000|
|  15|0x00000000a0f00000, 0x00000000a0f00000, 0x00000000a1000000|  0%| F|  |TS  0|AC  0|TAMS 0x00000000a0f00000, 0x00000000a0f00000|
|  16|0x00000000a1000000, 0x00000000a1000000, 0x00000000a1100000|  0%| F|  |TS  0|AC  0|TAMS 0x00000000a1000000, 0x00000000a1000000|
|  17|0x00000000a1100000, 0x00000000a1100000, 0x00000000a1200000|  0%| F|  |TS  0|AC  0|TAMS 0x00000000a1100000, 0x00000000a1100000|
|  18|0x00000000a1200000, 0x00000000a1200000, 0x00000000a1300000|  0%| F|  |TS  0|AC  0|TAMS 0x00000000a1200000, 0x00000000a1200000|
|  19|0x00000000a1300000, 0x00000000a1300000, 0x00000000a1400000|  0%| F|  |TS  0|AC  0|TAMS 0x00000000a1300000, 0x00000000a1300000|
|  20|0x00000000a1400000, 0x00000000a1400000, 0x00000000a1500000|  0%| F|  |TS  0|AC  0|TAMS 0x00000000a1400000, 0x00000000a1400000|
|  21|0x00000000a1500000, 0x00000000a1500000, 0x00000000a1600000|  0%| F|  |TS  0|AC  0|TAMS 0x00000000a1500000, 0x00000000a1500000|
|  22|0x00000000a1600000, 0x00000000a1600000, 0x00000000a1700000|  0%| F|  |TS  0|AC  0|TAMS 0x00000000a1600000, 0x00000000a1600000|
|  23|0x00000000a1700000, 0x00000000a1700000, 0x00000000a1800000|  0%| F|  |TS  0|AC  0|TAMS 0x00000000a1700000, 0x00000000a1700000|
|  24|0x00000000a1800000, 0x00000000a1800000, 0x00000000a1900000|  0%| F|  |TS  0|AC  0|TAMS 0x00000000a1800000, 0x00000000a1800000|
|  25|0x00000000a1900000, 0x00000000a1900000, 0x00000000a1a00000|  0%| F|  |TS  0|AC  0|TAMS 0x00000000a1900000, 0x00000000a1900000|
|  26|0x00000000a1a00000, 0x00000000a1a00000, 0x00000000a1b00000|  0%| F|  |TS  0|AC  0|TAMS 0x00000000a1a00000, 0x00000000a1a00000|
|  27|0x00000000a1b00000, 0x00000000a1b00000, 0x00000000a1c00000|  0%| F|  |TS  0|AC  0|TAMS 0x00000000a1b00000, 0x00000000a1b00000|
|  28|0x00000000a1c00000, 0x00000000a1c00000, 0x00000000a1d00000|  0%| F|  |TS  0|AC  0|TAMS 0x00000000a1c00000, 0x00000000a1c00000|
|  29|0x00000000a1d00000, 0x00000000a1d00000, 0x00000000a1e00000|  0%| F|  |TS  0|AC  0|TAMS 0x00000000a1d00000, 0x00000000a1d00000|
|  30|0x00000000a1e00000, 0x00000000a1e00000, 0x00000000a1f00000|  0%| F|  |TS  0|AC  0|TAMS 0x00000000a1e00000, 0x00000000a1e00000|
|  31|0x00000000a1f00000, 0x00000000a1f00000, 0x00000000a2000000|  0%| F|  |TS  0|AC  0|TAMS 0x00000000a1f00000, 0x00000000a1f00000|
|  32|0x00000000a2000000, 0x00000000a2000000, 0x00000000a2100000|  0%| F|  |TS  0|AC  0|TAMS 0x00000000a2000000, 0x00000000a2000000|
|  33|0x00000000a2100000, 0x00000000a2100000, 0x00000000a2200000|  0%| F|  |TS  0|AC  0|TAMS 0x00000000a2100000, 0x00000000a2100000|
|  34|0x00000000a2200000, 0x00000000a2200000, 0x00000000a2300000|  0%| F|  |TS  0|AC  0|TAMS 0x00000000a2200000, 0x00000000a2200000|
|  35|0x00000000a2300000, 0x00000000a2300000, 0x00000000a2400000|  0%| F|  |TS  0|AC  0|TAMS 0x00000000a2300000, 0x00000000a2300000|
|  36|0x00000000a2400000, 0x00000000a2400000, 0x00000000a2500000|  0%| F|  |TS  0|AC  0|TAMS 0x00000000a2400000, 0x00000000a2400000|
|  37|0x00000000a2500000, 0x00000000a2500000, 0x00000000a2600000|  0%| F|  |TS  0|AC  0|TAMS 0x00000000a2500000, 0x00000000a2500000|
|  38|0x00000000a2600000, 0x00000000a2600000, 0x00000000a2700000|  0%| F|  |TS  0|AC  0|TAMS 0x00000000a2600000, 0x00000000a2600000|
|  39|0x00000000a2700000, 0x00000000a2700000, 0x00000000a2800000|  0%| F|  |TS  0|AC  0|TAMS 0x00000000a2700000, 0x00000000a2700000|
|  40|0x00000000a2800000, 0x00000000a2800000, 0x00000000a2900000|  0%| F|  |TS  0|AC  0|TAMS 0x00000000a2800000, 0x00000000a2800000|
|  41|0x00000000a2900000, 0x00000000a2900000, 0x00000000a2a00000|  0%| F|  |TS  0|AC  0|TAMS 0x00000000a2900000, 0x00000000a2900000|
|  42|0x00000000a2a00000, 0x00000000a2a00000, 0x00000000a2b00000|  0%| F|  |TS  0|AC  0|TAMS 0x00000000a2a00000, 0x00000000a2a00000|
|  43|0x00000000a2b00000, 0x00000000a2b00000, 0x00000000a2c00000|  0%| F|  |TS  0|AC  0|TAMS 0x00000000a2b00000, 0x00000000a2b00000|
|  44|0x00000000a2c00000, 0x00000000a2c00000, 0x00000000a2d00000|  0%| F|  |TS  0|AC  0|TAMS 0x00000000a2c00000, 0x00000000a2c00000|
|  45|0x00000000a2d00000, 0x00000000a2d00000, 0x00000000a2e00000|  0%| F|  |TS  0|AC  0|TAMS 0x00000000a2d00000, 0x00000000a2d00000|
|  46|0x00000000a2e00000, 0x00000000a2e00000, 0x00000000a2f00000|  0%| F|  |TS  0|AC  0|TAMS 0x00000000a2e00000, 0x00000000a2e00000|
|  47|0x00000000a2f00000, 0x00000000a2f00000, 0x00000000a3000000|  0%| F|  |TS  0|AC  0|TAMS 0x00000000a2f00000, 0x00000000a2f00000|
|  48|0x00000000a3000000, 0x00000000a3000000, 0x00000000a3100000|  0%| F|  |TS  0|AC  0|TAMS 0x00000000a3000000, 0x00000000a3000000|
|  49|0x00000000a3100000, 0x00000000a3100000, 0x00000000a3200000|  0%| F|  |TS  0|AC  0|TAMS 0x00000000a3100000, 0x00000000a3100000|
|  50|0x00000000a3200000, 0x00000000a3200000, 0x00000000a3300000|  0%| F|  |TS  0|AC  0|TAMS 0x00000000a3200000, 0x00000000a3200000|
|  51|0x00000000a3300000, 0x00000000a3300000, 0x00000000a3400000|  0%| F|  |TS  0|AC  0|TAMS 0x00000000a3300000, 0x00000000a3300000|
|  52|0x00000000a3400000, 0x00000000a3400000, 0x00000000a3500000|  0%| F|  |TS  0|AC  0|TAMS 0x00000000a3400000, 0x00000000a3400000|
|  53|0x00000000a3500000, 0x00000000a3500000, 0x00000000a3600000|  0%| F|  |TS  0|AC  0|TAMS 0x00000000a3500000, 0x00000000a3500000|
|  54|0x00000000a3600000, 0x00000000a3600000, 0x00000000a3700000|  0%| F|  |TS  0|AC  0|TAMS 0x00000000a3600000, 0x00000000a3600000|
|  55|0x00000000a3700000, 0x00000000a3700000, 0x00000000a3800000|  0%| F|  |TS  0|AC  0|TAMS 0x00000000a3700000, 0x00000000a3700000|
|  56|0x00000000a3800000, 0x00000000a3800000, 0x00000000a3900000|  0%| F|  |TS  0|AC  0|TAMS 0x00000000a3800000, 0x00000000a3800000|
|  57|0x00000000a3900000, 0x00000000a3900000, 0x00000000a3a00000|  0%| F|  |TS  0|AC  0|TAMS 0x00000000a3900000, 0x00000000a3900000|
|  58|0x00000000a3a00000, 0x00000000a3a00000, 0x00000000a3b00000|  0%| F|  |TS  0|AC  0|TAMS 0x00000000a3a00000, 0x00000000a3a00000|
|  59|0x00000000a3b00000, 0x00000000a3b00000, 0x00000000a3c00000|  0%| F|  |TS  0|AC  0|TAMS 0x00000000a3b00000, 0x00000000a3b00000|
|  60|0x00000000a3c00000, 0x00000000a3c00000, 0x00000000a3d00000|  0%| F|  |TS  0|AC  0|TAMS 0x00000000a3c00000, 0x00000000a3c00000|
|  61|0x00000000a3d00000, 0x00000000a3d00000, 0x00000000a3e00000|  0%| F|  |TS  0|AC  0|TAMS 0x00000000a3d00000, 0x00000000a3d00000|
|  62|0x00000000a3e00000, 0x00000000a3e00000, 0x00000000a3f00000|  0%| F|  |TS  0|AC  0|TAMS 0x00000000a3e00000, 0x00000000a3e00000|
|  63|0x00000000a3f00000, 0x00000000a3f00000, 0x00000000a4000000|  0%| F|  |TS  0|AC  0|TAMS 0x00000000a3f00000, 0x00000000a3f00000|
|  64|0x00000000a4000000, 0x00000000a4000000, 0x00000000a4100000|  0%| F|  |TS  0|AC  0|TAMS 0x00000000a4000000, 0x00000000a4000000|
|  65|0x00000000a4100000, 0x00000000a4100000, 0x00000000a4200000|  0%| F|  |TS  0|AC  0|TAMS 0x00000000a4100000, 0x00000000a4100000|
|  66|0x00000000a4200000, 0x00000000a4200000, 0x00000000a4300000|  0%| F|  |TS  0|AC  0|TAMS 0x00000000a4200000, 0x00000000a4200000|
|  67|0x00000000a4300000, 0x00000000a4300000, 0x00000000a4400000|  0%| F|  |TS  0|AC  0|TAMS 0x00000000a4300000, 0x00000000a4300000|
|  68|0x00000000a4400000, 0x00000000a4400000, 0x00000000a4500000|  0%| F|  |TS  0|AC  0|TAMS 0x00000000a4400000, 0x00000000a4400000|
|  69|0x00000000a4500000, 0x00000000a4500000, 0x00000000a4600000|  0%| F|  |TS  0|AC  0|TAMS 0x00000000a4500000, 0x00000000a4500000|
|  70|0x00000000a4600000, 0x00000000a4600000, 0x00000000a4700000|  0%| F|  |TS  0|AC  0|TAMS 0x00000000a4600000, 0x00000000a4600000|
|  71|0x00000000a4700000, 0x00000000a4700000, 0x00000000a4800000|  0%| F|  |TS  0|AC  0|TAMS 0x00000000a4700000, 0x00000000a4700000|
|  72|0x00000000a4800000, 0x00000000a4800000, 0x00000000a4900000|  0%| F|  |TS  0|AC  0|TAMS 0x00000000a4800000, 0x00000000a4800000|
|  73|0x00000000a4900000, 0x00000000a4900000, 0x00000000a4a00000|  0%| F|  |TS  0|AC  0|TAMS 0x00000000a4900000, 0x00000000a4900000|
|  74|0x00000000a4a00000, 0x00000000a4a00000, 0x00000000a4b00000|  0%| F|  |TS  0|AC  0|TAMS 0x00000000a4a00000, 0x00000000a4a00000|
|  75|0x00000000a4b00000, 0x00000000a4b00000, 0x00000000a4c00000|  0%| F|  |TS  0|AC  0|TAMS 0x00000000a4b00000, 0x00000000a4b00000|
|  76|0x00000000a4c00000, 0x00000000a4c00000, 0x00000000a4d00000|  0%| F|  |TS  0|AC  0|TAMS 0x00000000a4c00000, 0x00000000a4c00000|
|  77|0x00000000a4d00000, 0x00000000a4d00000, 0x00000000a4e00000|  0%| F|  |TS  0|AC  0|TAMS 0x00000000a4d00000, 0x00000000a4d00000|
|  78|0x00000000a4e00000, 0x00000000a4e00000, 0x00000000a4f00000|  0%| F|  |TS  0|AC  0|TAMS 0x00000000a4e00000, 0x00000000a4e00000|
|  79|0x00000000a4f00000, 0x00000000a4f00000, 0x00000000a5000000|  0%| F|  |TS  0|AC  0|TAMS 0x00000000a4f00000, 0x00000000a4f00000|
|  80|0x00000000a5000000, 0x00000000a5000000, 0x00000000a5100000|  0%| F|  |TS  0|AC  0|TAMS 0x00000000a5000000, 0x00000000a5000000|
|  81|0x00000000a5100000, 0x00000000a5100000, 0x00000000a5200000|  0%| F|  |TS  0|AC  0|TAMS 0x00000000a5100000, 0x00000000a5100000|
|  82|0x00000000a5200000, 0x00000000a5200000, 0x00000000a5300000|  0%| F|  |TS  0|AC  0|TAMS 0x00000000a5200000, 0x00000000a5200000|
|  83|0x00000000a5300000, 0x00000000a5300000, 0x00000000a5400000|  0%| F|  |TS  0|AC  0|TAMS 0x00000000a5300000, 0x00000000a5300000|
|  84|0x00000000a5400000, 0x00000000a5400000, 0x00000000a5500000|  0%| F|  |TS  0|AC  0|TAMS 0x00000000a5400000, 0x00000000a5400000|
|  85|0x00000000a5500000, 0x00000000a5500000, 0x00000000a5600000|  0%| F|  |TS  0|AC  0|TAMS 0x00000000a5500000, 0x00000000a5500000|
|  86|0x00000000a5600000, 0x00000000a5600000, 0x00000000a5700000|  0%| F|  |TS  0|AC  0|TAMS 0x00000000a5600000, 0x00000000a5600000|
|  87|0x00000000a5700000, 0x00000000a5700000, 0x00000000a5800000|  0%| F|  |TS  0|AC  0|TAMS 0x00000000a5700000, 0x00000000a5700000|
|  88|0x00000000a5800000, 0x00000000a5800000, 0x00000000a5900000|  0%| F|  |TS  0|AC  0|TAMS 0x00000000a5800000, 0x00000000a5800000|
|  89|0x00000000a5900000, 0x00000000a5900000, 0x00000000a5a00000|  0%| F|  |TS  0|AC  0|TAMS 0x00000000a5900000, 0x00000000a5900000|
|  90|0x00000000a5a00000, 0x00000000a5a15d28, 0x00000000a5b00000|  8%| E|  |TS  0|AC  0|TAMS 0x00000000a5a00000, 0x00000000a5a00000|
|  91|0x00000000a5b00000, 0x00000000a5c00000, 0x00000000a5c00000|100%| E|CS|TS  0|AC  0|TAMS 0x00000000a5b00000, 0x00000000a5b00000|
|  92|0x00000000a5c00000, 0x00000000a5d00000, 0x00000000a5d00000|100%| E|CS|TS  0|AC  0|TAMS 0x00000000a5c00000, 0x00000000a5c00000|
|  93|0x00000000a5d00000, 0x00000000a5e00000, 0x00000000a5e00000|100%| E|CS|TS  0|AC  0|TAMS 0x00000000a5d00000, 0x00000000a5d00000|
|  94|0x00000000a5e00000, 0x00000000a5f00000, 0x00000000a5f00000|100%| E|CS|TS  0|AC  0|TAMS 0x00000000a5e00000, 0x00000000a5e00000|
|  95|0x00000000a5f00000, 0x00000000a6000000, 0x00000000a6000000|100%| E|CS|TS  0|AC  0|TAMS 0x00000000a5f00000, 0x00000000a5f00000|

Card table byte_map: [0x00000244b42f0000,0x00000244b45f0000] byte_map_base: 0x00000244b3df0000

Marking Bits (Prev, Next): (CMBitMap*) 0x00000244988ae7d0, (CMBitMap*) 0x00000244988ae808
 Prev Bits: [0x00000244b48f0000, 0x00000244b60f0000)
 Next Bits: [0x00000244b60f0000, 0x00000244b78f0000)

Polling page: 0x0000024498750000

CodeHeap 'non-profiled nmethods': size=120064Kb used=176Kb max_used=176Kb free=119887Kb
 bounds [0x00000244ac190000, 0x00000244ac400000, 0x00000244b36d0000]
CodeHeap 'profiled nmethods': size=120000Kb used=743Kb max_used=743Kb free=119256Kb
 bounds [0x00000244a4c60000, 0x00000244a4ed0000, 0x00000244ac190000]
CodeHeap 'non-nmethods': size=5696Kb used=1195Kb max_used=1207Kb free=4500Kb
 bounds [0x00000244a46d0000, 0x00000244a4940000, 0x00000244a4c60000]
 total_blobs=992 nmethods=514 adapters=247
 compilation: enabled

Compilation events (10 events):
Event: 0.520 Thread 0x00000244ba7a8800 nmethod 508 0x00000244ac1ba790 code [0x00000244ac1ba920, 0x00000244ac1ba9d8]
Event: 0.520 Thread 0x00000244ba7a8800  510       4       java.util.zip.ZipUtils::CENHOW (9 bytes)
Event: 0.521 Thread 0x00000244ba7b3000 nmethod 509 0x00000244ac1bab10 code [0x00000244ac1baca0, 0x00000244ac1bad78]
Event: 0.521 Thread 0x00000244ba7b3000  511       4       java.util.zip.ZipUtils::CENEXT (9 bytes)
Event: 0.521 Thread 0x00000244ba7a8800 nmethod 510 0x00000244ac1bae90 code [0x00000244ac1bb020, 0x00000244ac1bb0d8]
Event: 0.521 Thread 0x00000244ba7a8800  514       4       java.util.zip.ZipFile$Source::isMetaName (141 bytes)
Event: 0.522 Thread 0x00000244ba7b3000 nmethod 511 0x00000244ac1bb210 code [0x00000244ac1bb3a0, 0x00000244ac1bb458]
Event: 0.522 Thread 0x00000244ba7b3000  513       4       java.util.zip.ZipUtils::CENFLG (9 bytes)
Event: 0.523 Thread 0x00000244ba7b3000 nmethod 513 0x00000244ac1bb590 code [0x00000244ac1bb720, 0x00000244ac1bb7d8]
Event: 0.523 Thread 0x00000244ba7b3000  512       4       java.util.zip.ZipUtils::CENCOM (9 bytes)

GC Heap History (0 events):
No events

Deoptimization events (8 events):
Event: 0.254 Thread 0x000002449882e000 Uncommon trap: reason=unstable_if action=reinterpret pc=0x00000244ac196a08 method=java.lang.StringLatin1.indexOf([BII)I @ 23 c2
Event: 0.267 Thread 0x000002449882e000 Uncommon trap: reason=range_check action=reinterpret pc=0x00000244ac19972c method=java.lang.StringLatin1.indexOf([BII)I @ 13 c2
Event: 0.267 Thread 0x000002449882e000 Uncommon trap: reason=range_check action=reinterpret pc=0x00000244ac193e54 method=java.lang.StringLatin1.indexOf([BII)I @ 13 c2
Event: 0.294 Thread 0x000002449882e000 Uncommon trap: reason=unstable_if action=reinterpret pc=0x00000244ac192a18 method=java.lang.String.charAt(I)C @ 4 c2
Event: 0.311 Thread 0x000002449882e000 Uncommon trap: reason=null_check action=make_not_entrant pc=0x00000244ac199b78 method=java.lang.String.equals(Ljava/lang/Object;)Z @ 8 c2
Event: 0.477 Thread 0x000002449882e000 Uncommon trap: reason=bimorphic_or_optimized_type_check action=maybe_recompile pc=0x00000244ac1b1dcc method=java.util.HashMap.getNode(ILjava/lang/Object;)Ljava/util/HashMap$Node; @ 126 c2
Event: 0.480 Thread 0x000002449882e000 Uncommon trap: reason=bimorphic_or_optimized_type_check action=maybe_recompile pc=0x00000244ac1b1dcc method=java.util.HashMap.getNode(ILjava/lang/Object;)Ljava/util/HashMap$Node; @ 126 c2
Event: 0.486 Thread 0x000002449882e000 Uncommon trap: reason=bimorphic_or_optimized_type_check action=maybe_recompile pc=0x00000244ac1b1d50 method=java.util.HashMap.getNode(ILjava/lang/Object;)Ljava/util/HashMap$Node; @ 59 c2

Classes redefined (0 events):
No events

Internal exceptions (4 events):
Event: 0.311 Thread 0x000002449882e000 Implicit null exception at 0x00000244ac199a55 to 0x00000244ac199b69
Event: 0.416 Thread 0x000002449882e000 Exception <a 'java/lang/NoSuchMethodError'{0x00000000a5c4ffc0}: java.lang.invoke.DirectMethodHandle$Holder.invokeInterface(Ljava/lang/Object;Ljava/lang/Object;Ljava/lang/Object;)I> (0x00000000a5c4ffc0) thrown at [t:/workspace/hotspot/src/share/vm/interpre
Event: 0.422 Thread 0x000002449882e000 Exception <a 'java/lang/NoSuchMethodError'{0x00000000a5c5c538}: java.lang.invoke.DirectMethodHandle$Holder.invokeStatic(Ljava/lang/Object;Ljava/lang/Object;)I> (0x00000000a5c5c538) thrown at [t:/workspace/hotspot/src/share/vm/interpreter/linkResolver.cpp,
Event: 0.426 Thread 0x000002449882e000 Exception <a 'java/lang/NoSuchMethodError'{0x00000000a5c69478}: java.lang.Object.of([Ljava/lang/Object;)Ljava/util/stream/Stream;> (0x00000000a5c69478) thrown at [t:/workspace/hotspot/src/share/vm/interpreter/linkResolver.cpp, line 731]

Events (10 events):
Event: 0.504 loading class jdk/internal/jimage/ImageLocation
Event: 0.504 loading class jdk/internal/jimage/ImageLocation done
Event: 0.505 loading class java/util/Collections$EmptyEnumeration
Event: 0.505 loading class java/util/Collections$EmptyEnumeration done
Event: 0.505 loading class jdk/internal/loader/BuiltinClassLoader$1
Event: 0.505 loading class jdk/internal/loader/BuiltinClassLoader$1 done
Event: 0.506 loading class java/lang/CompoundEnumeration
Event: 0.507 loading class java/lang/CompoundEnumeration done
Event: 0.507 loading class jdk/internal/loader/URLClassPath$1
Event: 0.507 loading class jdk/internal/loader/URLClassPath$1 done


Dynamic libraries:
0x00007ff7e2260000 - 0x00007ff7e229e000 	C:\Program Files\Java\jdk-9.0.4\bin\javaw.exe
0x00007fffb2db0000 - 0x00007fffb2f91000 	C:\WINDOWS\SYSTEM32\ntdll.dll
0x00007fffb2ab0000 - 0x00007fffb2b61000 	C:\WINDOWS\System32\KERNEL32.DLL
0x00007fffafc80000 - 0x00007fffafef3000 	C:\WINDOWS\System32\KERNELBASE.dll
0x00007fffb1a60000 - 0x00007fffb1b01000 	C:\WINDOWS\System32\ADVAPI32.dll
0x00007fffb2110000 - 0x00007fffb21ae000 	C:\WINDOWS\System32\msvcrt.dll
0x00007fffb24d0000 - 0x00007fffb252b000 	C:\WINDOWS\System32\sechost.dll
0x00007fffb1fe0000 - 0x00007fffb2104000 	C:\WINDOWS\System32\RPCRT4.dll
0x00007fffb1b10000 - 0x00007fffb1ca0000 	C:\WINDOWS\System32\USER32.dll
0x00007fffaf260000 - 0x00007fffaf280000 	C:\WINDOWS\System32\win32u.dll
0x00007fffb23b0000 - 0x00007fffb23d8000 	C:\WINDOWS\System32\GDI32.dll
0x00007fffb0070000 - 0x00007fffb0201000 	C:\WINDOWS\System32\gdi32full.dll
0x00007fffaff00000 - 0x00007fffaff9f000 	C:\WINDOWS\System32\msvcp_win.dll
0x00007fffaf280000 - 0x00007fffaf378000 	C:\WINDOWS\System32\ucrtbase.dll
0x00007fffa5b40000 - 0x00007fffa5da9000 	C:\WINDOWS\WinSxS\amd64_microsoft.windows.common-controls_6595b64144ccf1df_6.0.17134.885_none_fb42a3473065565f\COMCTL32.dll
0x00007fffaab40000 - 0x00007fffaab4a000 	C:\WINDOWS\SYSTEM32\VERSION.dll
0x00007fffb16b0000 - 0x00007fffb19d2000 	C:\WINDOWS\System32\combase.dll
0x00007fffaffa0000 - 0x00007fffb0019000 	C:\WINDOWS\System32\bcryptPrimitives.dll
0x00007fffb1fb0000 - 0x00007fffb1fdd000 	C:\WINDOWS\System32\IMM32.DLL
0x00007fff9fcf0000 - 0x00007fff9fddf000 	C:\Program Files\Java\jdk-9.0.4\bin\msvcr120.dll
0x00007fff9bd90000 - 0x00007fff9be36000 	C:\Program Files\Java\jdk-9.0.4\bin\msvcp120.dll
0x00000000752a0000 - 0x0000000075cc5000 	C:\Program Files\Java\jdk-9.0.4\bin\server\jvm.dll
0x00007fffb1a50000 - 0x00007fffb1a58000 	C:\WINDOWS\System32\PSAPI.DLL
0x00007fffad220000 - 0x00007fffad243000 	C:\WINDOWS\SYSTEM32\WINMM.dll
0x00007fff89f60000 - 0x00007fff89f69000 	C:\WINDOWS\SYSTEM32\WSOCK32.dll
0x00007fffb19e0000 - 0x00007fffb1a4c000 	C:\WINDOWS\System32\WS2_32.dll
0x00007fffad1f0000 - 0x00007fffad21a000 	C:\WINDOWS\SYSTEM32\winmmbase.dll
0x00007fffb0020000 - 0x00007fffb0069000 	C:\WINDOWS\System32\cfgmgr32.dll
0x00007fffa2930000 - 0x00007fffa293f000 	C:\Program Files\Java\jdk-9.0.4\bin\verify.dll
0x00007fff9fcc0000 - 0x00007fff9fce7000 	C:\Program Files\Java\jdk-9.0.4\bin\java.dll
0x00007fffa0c50000 - 0x00007fffa0c66000 	C:\Program Files\Java\jdk-9.0.4\bin\zip.dll
0x00007fffa10d0000 - 0x00007fffa10da000 	C:\Program Files\Java\jdk-9.0.4\bin\jimage.dll
0x00007fffb0270000 - 0x00007fffb16b0000 	C:\WINDOWS\System32\SHELL32.dll
0x00007fffb1ca0000 - 0x00007fffb1d49000 	C:\WINDOWS\System32\shcore.dll
0x00007fffaf380000 - 0x00007fffafa8d000 	C:\WINDOWS\System32\windows.storage.dll
0x00007fffb2530000 - 0x00007fffb2581000 	C:\WINDOWS\System32\shlwapi.dll
0x00007fffaf130000 - 0x00007fffaf141000 	C:\WINDOWS\System32\kernel.appcore.dll
0x00007fffaf0a0000 - 0x00007fffaf0bf000 	C:\WINDOWS\System32\profapi.dll
0x00007fffaf0c0000 - 0x00007fffaf10c000 	C:\WINDOWS\System32\powrprof.dll
0x00007fffaf090000 - 0x00007fffaf09a000 	C:\WINDOWS\System32\FLTLIB.DLL
0x00007fff9fca0000 - 0x00007fff9fcba000 	C:\Program Files\Java\jdk-9.0.4\bin\net.dll
0x00007fffa9ed0000 - 0x00007fffa9fad000 	C:\WINDOWS\SYSTEM32\WINHTTP.dll
0x00007fffae910000 - 0x00007fffae976000 	C:\WINDOWS\system32\mswsock.dll
0x00007fff9e3c0000 - 0x00007fff9e3d1000 	C:\Program Files\Java\jdk-9.0.4\bin\nio.dll
0x00007fff9f800000 - 0x00007fff9f9c9000 	C:\WINDOWS\SYSTEM32\dbghelp.dll

VM Arguments:
jvm_args: -ea -Dfile.encoding=Cp1252 
java_command: org.testng.remote.RemoteTestNG -serport 50906 -protocol json -d C:\Users\TB-DB\eclipse-workspace\DDFramework\test-output C:\Users\TB-DB\eclipse-workspace\DDFramework\src\test\resources\runner\testng.xml
java_class_path (initial): D:\New_selenium\eclipse-java-oxygen-3a-win32-x86_64\eclipse\configuration\org.eclipse.osgi\513\0\.cp\lib\testng-remote.jar;C:\Users\TB-DB\eclipse-workspace\DDFramework\target\test-classes;C:\Users\TB-DB\eclipse-workspace\DDFramework\target\classes;D:\New_selenium\eclipse-java-oxygen-3a-win32-x86_64\eclipse\plugins\org.testng_6.14.3.r201802240500.jar;D:\New_selenium\eclipse-java-oxygen-3a-win32-x86_64\eclipse\plugins\com.beust.jcommander_1.72.0.jar;D:\New_selenium\eclipse-java-oxygen-3a-win32-x86_64\eclipse\plugins\org.apache-extras.beanshell.bsh_2.0.0.b6.jar;D:\New_selenium\eclipse-java-oxygen-3a-win32-x86_64\eclipse\plugins\org.yaml.snakeyaml_1.17.0.jar;D:\LatestSeleniumSoftwares\poi-bin-4.1.0-20190412\poi-4.1.0\poi-4.1.0.jar;D:\LatestSeleniumSoftwares\poi-bin-4.1.0-20190412\poi-4.1.0\poi-examples-4.1.0.jar;D:\LatestSeleniumSoftwares\poi-bin-4.1.0-20190412\poi-4.1.0\poi-excelant-4.1.0.jar;D:\LatestSeleniumSoftwares\poi-bin-4.1.0-20190412\poi-4.1.0\poi-ooxml-4.1.0.jar;D:\LatestSeleniumSoftwares\poi-bin-4.1.0-20190412\poi-4.1.0\poi-ooxml-schemas-4.1.0.jar;D:\LatestSeleniumSoftwares\poi-bin-4.1.0-20190412\poi-4.1.0\poi-scratchpad-4.1.0.jar;D:\LatestSeleniumSoftwares\poi-bin-4.1.0-20190412\poi-4.1.0\ooxml-lib\curvesapi-1.06.jar;D:\LatestSeleniumSoftwares\poi-bin-4.1.0-20190412\poi-4.1.0\ooxml-lib\xmlbeans-3.1.0.jar;D:\LatestSeleniumSoftwares\poi-bin-4.1.0-20190412\poi-4.1.0\lib\activation-1.1.1.jar;D:\LatestSeleniumSoftwares\poi-bin-4.1.0-20190412\poi-4.1.0\lib\commons-codec-1.12.jar;D:\LatestSeleniumSoftwares\poi-bin-4.1.0-20190412\poi-4.1.0\lib\commons-collections4-4.3.jar;D:\LatestSeleniumSoftwares\poi-bin-4.1.0-20190412\poi-4.1.0\lib\commons-compress-1.18.jar;D:\LatestSeleniumSoftwares\poi-bin-4.1.0-20190412\poi-4.1.0\lib\commons-logging-1.2.jar;D:\LatestSeleniumSoftwares\poi-bin-4.1.0-20190412\poi-4.1.0\lib\commons-math3-3.6.1.jar;D:\LatestSeleniumSoftwares\poi-bin-4.1.0-20190412\poi-4.1.0\lib\jaxb-api-2.3.0.jar;D:\LatestSeleniumSoftwa
Launcher Type: SUN_STANDARD

Logging:
Log output configuration:
#0: stdout all=warning uptime,level,tags
#1: stderr all=off uptime,level,tags

Environment Variables:
JAVA_HOME=C:\Program Files\Java\jdk-8
PATH=C:/Program Files/Java/jdk-8/bin/../jre/bin/server;C:/Program Files/Java/jdk-8/bin/../jre/bin;C:/Program Files/Java/jdk-8/bin/../jre/lib/amd64;"C:\Windows\System32;C:\Program Files\Java\jdk-8\bin";C:\Program Files\Java\jdk-8\bin;C:\WINDOWS\system32;C:\WINDOWS;C:\WINDOWS\System32\Wbem;C:\WINDOWS\System32\WindowsPowerShell\v1.0\;C:\WINDOWS\System32\OpenSSH\;C:\Program Files\Microsoft VS Code\bin;D:\wamp64\bin\php\php7.1.9;C:\ProgramData\ComposerSetup\bin;D:\LatestSeleniumSoftwares\apache-maven-3.6.0-bin\apache-maven-3.6.0\bin;C:\Program Files\Git\cmd;D:\LatestSeleniumSoftwares\apache-ant-1.10.5-bin\apache-ant-1.10.5\bin;D:\wamp64\bin\php\php7.1.9;C:\Users\TB-DB\AppData\Roaming\Composer\vendor\bin;;D:\New_selenium\eclipse-java-oxygen-3a-win32-x86_64\eclipse;
USERNAME=TB-DB
OS=Windows_NT
PROCESSOR_IDENTIFIER=Intel64 Family 6 Model 15 Stepping 11, GenuineIntel



---------------  S Y S T E M  ---------------

OS: Windows 10 , 64 bit Build 17134 (10.0.17134.753)

CPU:total 4 (initial active 4) (4 cores per cpu, 1 threads per core) family 6 model 15 stepping 11, cmov, cx8, fxsr, mmx, sse, sse2, sse3, ssse3, tsc

Memory: 4k page, physical 6289700k(2548592k free), swap 8059172k(3401196k free)

vm_info: Java HotSpot(TM) 64-Bit Server VM (9.0.4+11) for windows-amd64 JRE (9.0.4+11), built on Dec 20 2017 02:18:54 by "mach5one" with MS VC++ 12.0 (VS2013)

END.
