#
# A fatal error has been detected by the Java Runtime Environment:
#
#  EXCEPTION_ACCESS_VIOLATION (0xc0000005) at pc=0x000001b34ce68200, pid=5744, tid=9096
#
# JRE version: Java(TM) SE Runtime Environment (9.0+11) (build 9.0.4+11)
# Java VM: Java HotSpot(TM) 64-Bit Server VM (9.0.4+11, mixed mode, tiered, compressed oops, g1 gc, windows-amd64)
# Problematic frame:
# C  0x000001b34ce68200
#
# No core dump will be written. Minidumps are not enabled by default on client versions of Windows
#
# If you would like to submit a bug report, please visit:
#   http://bugreport.java.com/bugreport/crash.jsp
#

---------------  S U M M A R Y ------------

Command Line: -Dmaven.home=EMBEDDED -Dclassworlds.conf=C:\Users\TB-DB\eclipse-workspace\.metadata\.plugins\org.eclipse.m2e.launching\launches\m2conf8552183886747119421.tmp -Dmaven.multiModuleProjectDirectory=C:\Users\TB-DB\git\DDFramework\DDFramework -Dfile.encoding=Cp1252 org.codehaus.plexus.classworlds.launcher.Launcher -B test

Host: Intel(R) Core(TM)2 Quad CPU    Q6600  @ 2.40GHz, 4 cores, 5G,  Windows 10 , 64 bit Build 17134 (10.0.17134.753)
Time: Fri Aug 02 12:03:49 2019 India Standard Time elapsed time: 3 seconds (0d 0h 0m 3s)

---------------  T H R E A D  ---------------

Current thread (0x000001b3afe4d800):  JavaThread "main" [_thread_in_Java, id=9096, stack(0x000000763bd00000,0x000000763be00000)]

Stack: [0x000000763bd00000,0x000000763be00000],  sp=0x000000763bdfcf78,  free space=1011k
Native frames: (J=compiled Java code, j=interpreted, Vv=VM code, C=native code)
C  0x000001b34ce68200


siginfo: EXCEPTION_ACCESS_VIOLATION (0xc0000005), data execution prevention violation at address 0x000001b34ce68200


Register to memory mapping:

RIP=0x000001b34ce68200 is an unknown value
RAX=0x0000000100043a40 is pointing into metadata
RBX=0x0000000000001777 is an unknown value
RCX=0x0000000000000000 is an unknown value
RDX=0x00000000a5ed58e8 is an oop
java.util.ArrayList 
{0x00000000a5ed58e8} - klass: 'java/util/ArrayList'
RSP=0x000000763bdfcf78 is pointing into the stack for thread: 0x000001b3afe4d800
RBP=0x000000763bdfd1a0 is pointing into the stack for thread: 0x000001b3afe4d800
RSI=0x0000000100043a40 is pointing into metadata
RDI=0x0000000000000170 is an unknown value
R8 =0x0000000000000008 is an unknown value
R9 =0x00000000a5ed58d0 is an oop
org.apache.maven.model.PluginManagement 
{0x00000000a5ed58d0} - klass: 'org/apache/maven/model/PluginManagement'
R10=0x0000000100043a40 is pointing into metadata
R11=0x000001b3bc9a93a0 is at entry_point+32 in (nmethod*)0x000001b3bc9a8b10
R12=0x0000000000000000 is an unknown value
R13=0x000000763bdfd130 is pointing into the stack for thread: 0x000001b3afe4d800
R14=0x0000000000000000 is an unknown value
R15=0x000001b3afe4d800 is a thread


Registers:
RAX=0x0000000100043a40, RBX=0x0000000000001777, RCX=0x0000000000000000, RDX=0x00000000a5ed58e8
RSP=0x000000763bdfcf78, RBP=0x000000763bdfd1a0, RSI=0x0000000100043a40, RDI=0x0000000000000170
R8 =0x0000000000000008, R9 =0x00000000a5ed58d0, R10=0x0000000100043a40, R11=0x000001b3bc9a93a0
R12=0x0000000000000000, R13=0x000000763bdfd130, R14=0x0000000000000000, R15=0x000001b3afe4d800
RIP=0x000001b34ce68200, EFLAGS=0x0000000000010246

Top of Stack: (sp=0x000000763bdfcf78)
0x000000763bdfcf78:   000001b3bc9a9cac 00000000a5ed7790
0x000000763bdfcf88:   00000000c8c3240f 00000000a233beb8
0x000000763bdfcf98:   00000000a5ed6048 0000000100000001
0x000000763bdfcfa8:   00000000a5ed60b8 000001b3afe4d800
0x000000763bdfcfb8:   000001b3afe4e548 000001b3afe4da18
0x000000763bdfcfc8:   0000000072b1e150 00007e7e6c7734d9
0x000000763bdfcfd8:   0000000072b1e160 0000000000333ff0
0x000000763bdfcfe8:   000001b3bbf75903 00000000a5ed6048
0x000000763bdfcff8:   00000000a5ed6018 0000000000000000
0x000000763bdfd008:   000001b3d180f0f8 0000000000000000
0x000000763bdfd018:   00000000a5ed7778 00000000a5ed58e8
0x000000763bdfd028:   00000000a234afb0 0000000000000000
0x000000763bdfd038:   00000000a5ed7118 00000000a5ed77a8
0x000000763bdfd048:   00000000a5ed7790 0000000000000000
0x000000763bdfd058:   0000000000000000 0000000000000000
0x000000763bdfd068:   0000000000000000 0000000000000000 

Instructions: (pc=0x000001b34ce68200)
0x000001b34ce681e0:   
[error occurred during error reporting (printing registers, top of stack, instructions near pc), id 0xc0000005]


---------------  P R O C E S S  ---------------

Java Threads: ( => current thread )
  0x000001b3d20b2800 JavaThread "Service Thread" daemon [_thread_blocked, id=12008, stack(0x000000763d300000,0x000000763d400000)]
  0x000001b3d1e97800 JavaThread "Common-Cleaner" daemon [_thread_blocked, id=11852, stack(0x000000763d200000,0x000000763d300000)]
  0x000001b3d1e1e000 JavaThread "Sweeper thread" daemon [_thread_blocked, id=11892, stack(0x000000763d100000,0x000000763d200000)]
  0x000001b3d1e11000 JavaThread "C1 CompilerThread2" daemon [_thread_blocked, id=6288, stack(0x000000763d000000,0x000000763d100000)]
  0x000001b3d1deb000 JavaThread "C2 CompilerThread1" daemon [_thread_blocked, id=10648, stack(0x000000763cf00000,0x000000763d000000)]
  0x000001b3d1ddd800 JavaThread "C2 CompilerThread0" daemon [_thread_blocked, id=7072, stack(0x000000763ce00000,0x000000763cf00000)]
  0x000001b3d1dd9800 JavaThread "Attach Listener" daemon [_thread_blocked, id=11864, stack(0x000000763cd00000,0x000000763ce00000)]
  0x000001b3d1dd8800 JavaThread "Signal Dispatcher" daemon [_thread_blocked, id=11900, stack(0x000000763cc00000,0x000000763cd00000)]
  0x000001b3d1d8b000 JavaThread "Finalizer" daemon [_thread_blocked, id=11936, stack(0x000000763cb00000,0x000000763cc00000)]
  0x000001b3d1d7a000 JavaThread "Reference Handler" daemon [_thread_blocked, id=11992, stack(0x000000763ca00000,0x000000763cb00000)]
=>0x000001b3afe4d800 JavaThread "main" [_thread_in_Java, id=9096, stack(0x000000763bd00000,0x000000763be00000)]

Other Threads:
  0x000001b3d1d77000 VMThread "VM Thread" [stack: 0x000000763c900000,0x000000763ca00000] [id=4992]
  0x000001b3d20b8800 WatcherThread [stack: 0x000000763d400000,0x000000763d500000] [id=596]
  0x000001b3afe65800 GCTaskThread "GC Thread#0" [stack: 0x000000763be00000,0x000000763bf00000] [id=8548]
  0x000001b3afe6b000 GCTaskThread "GC Thread#1" [stack: 0x000000763bf00000,0x000000763c000000] [id=6652]
  0x000001b3afe6f000 GCTaskThread "GC Thread#2" [stack: 0x000000763c000000,0x000000763c100000] [id=2896]
  0x000001b3afe76000 GCTaskThread "GC Thread#3" [stack: 0x000000763c100000,0x000000763c200000] [id=4296]
  0x000001b3afedd000 ConcurrentGCThread "G1 Main Marker" [stack: 0x000000763c700000,0x000000763c800000] [id=11932]
  0x000001b3afede000 ConcurrentGCThread "G1 Marker#0" [stack: 0x000000763c800000,0x000000763c900000] [id=7960]
  0x000001b3afe85000 ConcurrentGCThread "G1 Refine#0" [stack: 0x000000763c500000,0x000000763c600000] [id=9236]
  0x000001b3afe84000 ConcurrentGCThread "G1 Refine#1" [stack: 0x000000763c400000,0x000000763c500000] [id=9536]
  0x000001b3afe7e000 ConcurrentGCThread "G1 Refine#2" [stack: 0x000000763c300000,0x000000763c400000] [id=2996]
  0x000001b3afe75800 ConcurrentGCThread "G1 Refine#3" [stack: 0x000000763c200000,0x000000763c300000] [id=11004]
  0x000001b3afe86800 ConcurrentGCThread "G1 Young RemSet Sampling" [stack: 0x000000763c600000,0x000000763c700000] [id=1908]

Threads with active compile tasks:

VM state:not at safepoint (normal execution)

VM Mutex/Monitor currently owned by a thread: None

Heap address: 0x00000000a0000000, size: 1536 MB, Compressed Oops mode: 32-bit
Narrow klass base: 0x0000000000000000, Narrow klass shift: 3
Compressed class space size: 1073741824 Address: 0x0000000100000000

Heap:
 garbage-first heap   total 98304K, used 14042K [0x00000000a0000000, 0x00000000a0100300, 0x0000000100000000)
  region size 1024K, 10 young (10240K), 8 survivors (8192K)
 Metaspace       used 19616K, capacity 20006K, committed 20224K, reserved 1067008K
  class space    used 2104K, capacity 2239K, committed 2304K, reserved 1048576K
Heap Regions: E=young(eden), S=young(survivor), O=old, HS=humongous(starts), HC=humongous(continues), CS=collection set, F=free, A=archive, TS=gc time stamp, AC=allocation context, TAMS=top-at-mark-start (previous, next)
|   0|0x00000000a0000000, 0x00000000a0100000, 0x00000000a0100000|100%| O|  |TS  1|AC  0|TAMS 0x00000000a0000000, 0x00000000a0000000|
|   1|0x00000000a0100000, 0x00000000a0200000, 0x00000000a0200000|100%| O|  |TS  1|AC  0|TAMS 0x00000000a0100000, 0x00000000a0100000|
|   2|0x00000000a0200000, 0x00000000a0300000, 0x00000000a0300000|100%| O|  |TS  3|AC  0|TAMS 0x00000000a0200000, 0x00000000a0200000|
|   3|0x00000000a0300000, 0x00000000a0400000, 0x00000000a0400000|100%| O|  |TS  3|AC  0|TAMS 0x00000000a0300000, 0x00000000a0300000|
|   4|0x00000000a0400000, 0x00000000a04b6a00, 0x00000000a0500000| 71%| O|  |TS  7|AC  0|TAMS 0x00000000a0400000, 0x00000000a0400000|
|   5|0x00000000a0500000, 0x00000000a0500000, 0x00000000a0600000|  0%| F|  |TS  0|AC  0|TAMS 0x00000000a0500000, 0x00000000a0500000|
|   6|0x00000000a0600000, 0x00000000a0600000, 0x00000000a0700000|  0%| F|  |TS  0|AC  0|TAMS 0x00000000a0600000, 0x00000000a0600000|
|   7|0x00000000a0700000, 0x00000000a0700000, 0x00000000a0800000|  0%| F|  |TS  0|AC  0|TAMS 0x00000000a0700000, 0x00000000a0700000|
|   8|0x00000000a0800000, 0x00000000a0800000, 0x00000000a0900000|  0%| F|  |TS  0|AC  0|TAMS 0x00000000a0800000, 0x00000000a0800000|
|   9|0x00000000a0900000, 0x00000000a0900000, 0x00000000a0a00000|  0%| F|  |TS  0|AC  0|TAMS 0x00000000a0900000, 0x00000000a0900000|
|  10|0x00000000a0a00000, 0x00000000a0a00000, 0x00000000a0b00000|  0%| F|  |TS  0|AC  0|TAMS 0x00000000a0a00000, 0x00000000a0a00000|
|  11|0x00000000a0b00000, 0x00000000a0b00000, 0x00000000a0c00000|  0%| F|  |TS  0|AC  0|TAMS 0x00000000a0b00000, 0x00000000a0b00000|
|  12|0x00000000a0c00000, 0x00000000a0c00000, 0x00000000a0d00000|  0%| F|  |TS  0|AC  0|TAMS 0x00000000a0c00000, 0x00000000a0c00000|
|  13|0x00000000a0d00000, 0x00000000a0d00000, 0x00000000a0e00000|  0%| F|  |TS  0|AC  0|TAMS 0x00000000a0d00000, 0x00000000a0d00000|
|  14|0x00000000a0e00000, 0x00000000a0e00000, 0x00000000a0f00000|  0%| F|  |TS  0|AC  0|TAMS 0x00000000a0e00000, 0x00000000a0e00000|
|  15|0x00000000a0f00000, 0x00000000a0f00000, 0x00000000a1000000|  0%| F|  |TS  0|AC  0|TAMS 0x00000000a0f00000, 0x00000000a0f00000|
|  16|0x00000000a1000000, 0x00000000a1000000, 0x00000000a1100000|  0%| F|  |TS  0|AC  0|TAMS 0x00000000a1000000, 0x00000000a1000000|
|  17|0x00000000a1100000, 0x00000000a1100000, 0x00000000a1200000|  0%| F|  |TS  0|AC  0|TAMS 0x00000000a1100000, 0x00000000a1100000|
|  18|0x00000000a1200000, 0x00000000a1200000, 0x00000000a1300000|  0%| F|  |TS  0|AC  0|TAMS 0x00000000a1200000, 0x00000000a1200000|
|  19|0x00000000a1300000, 0x00000000a1300000, 0x00000000a1400000|  0%| F|  |TS  0|AC  0|TAMS 0x00000000a1300000, 0x00000000a1300000|
|  20|0x00000000a1400000, 0x00000000a1400000, 0x00000000a1500000|  0%| F|  |TS  0|AC  0|TAMS 0x00000000a1400000, 0x00000000a1400000|
|  21|0x00000000a1500000, 0x00000000a1500000, 0x00000000a1600000|  0%| F|  |TS  0|AC  0|TAMS 0x00000000a1500000, 0x00000000a1500000|
|  22|0x00000000a1600000, 0x00000000a1600000, 0x00000000a1700000|  0%| F|  |TS  0|AC  0|TAMS 0x00000000a1600000, 0x00000000a1600000|
|  23|0x00000000a1700000, 0x00000000a1700000, 0x00000000a1800000|  0%| F|  |TS  0|AC  0|TAMS 0x00000000a1700000, 0x00000000a1700000|
|  24|0x00000000a1800000, 0x00000000a1800000, 0x00000000a1900000|  0%| F|  |TS  0|AC  0|TAMS 0x00000000a1800000, 0x00000000a1800000|
|  25|0x00000000a1900000, 0x00000000a1900000, 0x00000000a1a00000|  0%| F|  |TS  0|AC  0|TAMS 0x00000000a1900000, 0x00000000a1900000|
|  26|0x00000000a1a00000, 0x00000000a1a00000, 0x00000000a1b00000|  0%| F|  |TS  0|AC  0|TAMS 0x00000000a1a00000, 0x00000000a1a00000|
|  27|0x00000000a1b00000, 0x00000000a1b00000, 0x00000000a1c00000|  0%| F|  |TS  0|AC  0|TAMS 0x00000000a1b00000, 0x00000000a1b00000|
|  28|0x00000000a1c00000, 0x00000000a1c00000, 0x00000000a1d00000|  0%| F|  |TS  0|AC  0|TAMS 0x00000000a1c00000, 0x00000000a1c00000|
|  29|0x00000000a1d00000, 0x00000000a1d00000, 0x00000000a1e00000|  0%| F|  |TS  0|AC  0|TAMS 0x00000000a1d00000, 0x00000000a1d00000|
|  30|0x00000000a1e00000, 0x00000000a1e00000, 0x00000000a1f00000|  0%| F|  |TS  0|AC  0|TAMS 0x00000000a1e00000, 0x00000000a1e00000|
|  31|0x00000000a1f00000, 0x00000000a2000000, 0x00000000a2000000|100%| S|CS|TS  7|AC  0|TAMS 0x00000000a1f00000, 0x00000000a1f00000|
|  32|0x00000000a2000000, 0x00000000a2100000, 0x00000000a2100000|100%| S|CS|TS  7|AC  0|TAMS 0x00000000a2000000, 0x00000000a2000000|
|  33|0x00000000a2100000, 0x00000000a2200000, 0x00000000a2200000|100%| S|CS|TS  7|AC  0|TAMS 0x00000000a2100000, 0x00000000a2100000|
|  34|0x00000000a2200000, 0x00000000a2300000, 0x00000000a2300000|100%| S|CS|TS  7|AC  0|TAMS 0x00000000a2200000, 0x00000000a2200000|
|  35|0x00000000a2300000, 0x00000000a2400000, 0x00000000a2400000|100%| S|CS|TS  7|AC  0|TAMS 0x00000000a2300000, 0x00000000a2300000|
|  36|0x00000000a2400000, 0x00000000a2500000, 0x00000000a2500000|100%| S|CS|TS  7|AC  0|TAMS 0x00000000a2400000, 0x00000000a2400000|
|  37|0x00000000a2500000, 0x00000000a2600000, 0x00000000a2600000|100%| S|CS|TS  7|AC  0|TAMS 0x00000000a2500000, 0x00000000a2500000|
|  38|0x00000000a2600000, 0x00000000a2700000, 0x00000000a2700000|100%| S|CS|TS  7|AC  0|TAMS 0x00000000a2600000, 0x00000000a2600000|
|  39|0x00000000a2700000, 0x00000000a2700000, 0x00000000a2800000|  0%| F|  |TS  7|AC  0|TAMS 0x00000000a2700000, 0x00000000a2700000|
|  40|0x00000000a2800000, 0x00000000a2800000, 0x00000000a2900000|  0%| F|  |TS  7|AC  0|TAMS 0x00000000a2800000, 0x00000000a2800000|
|  41|0x00000000a2900000, 0x00000000a2900000, 0x00000000a2a00000|  0%| F|  |TS  7|AC  0|TAMS 0x00000000a2900000, 0x00000000a2900000|
|  42|0x00000000a2a00000, 0x00000000a2a00000, 0x00000000a2b00000|  0%| F|  |TS  7|AC  0|TAMS 0x00000000a2a00000, 0x00000000a2a00000|
|  43|0x00000000a2b00000, 0x00000000a2b00000, 0x00000000a2c00000|  0%| F|  |TS  7|AC  0|TAMS 0x00000000a2b00000, 0x00000000a2b00000|
|  44|0x00000000a2c00000, 0x00000000a2c00000, 0x00000000a2d00000|  0%| F|  |TS  7|AC  0|TAMS 0x00000000a2c00000, 0x00000000a2c00000|
|  45|0x00000000a2d00000, 0x00000000a2d00000, 0x00000000a2e00000|  0%| F|  |TS  7|AC  0|TAMS 0x00000000a2d00000, 0x00000000a2d00000|
|  46|0x00000000a2e00000, 0x00000000a2e00000, 0x00000000a2f00000|  0%| F|  |TS  7|AC  0|TAMS 0x00000000a2e00000, 0x00000000a2e00000|
|  47|0x00000000a2f00000, 0x00000000a2f00000, 0x00000000a3000000|  0%| F|  |TS  7|AC  0|TAMS 0x00000000a2f00000, 0x00000000a2f00000|
|  48|0x00000000a3000000, 0x00000000a3000000, 0x00000000a3100000|  0%| F|  |TS  7|AC  0|TAMS 0x00000000a3000000, 0x00000000a3000000|
|  49|0x00000000a3100000, 0x00000000a3100000, 0x00000000a3200000|  0%| F|  |TS  7|AC  0|TAMS 0x00000000a3100000, 0x00000000a3100000|
|  50|0x00000000a3200000, 0x00000000a3200000, 0x00000000a3300000|  0%| F|  |TS  7|AC  0|TAMS 0x00000000a3200000, 0x00000000a3200000|
|  51|0x00000000a3300000, 0x00000000a3300000, 0x00000000a3400000|  0%| F|  |TS  7|AC  0|TAMS 0x00000000a3300000, 0x00000000a3300000|
|  52|0x00000000a3400000, 0x00000000a3400000, 0x00000000a3500000|  0%| F|  |TS  7|AC  0|TAMS 0x00000000a3400000, 0x00000000a3400000|
|  53|0x00000000a3500000, 0x00000000a3500000, 0x00000000a3600000|  0%| F|  |TS  7|AC  0|TAMS 0x00000000a3500000, 0x00000000a3500000|
|  54|0x00000000a3600000, 0x00000000a3600000, 0x00000000a3700000|  0%| F|  |TS  7|AC  0|TAMS 0x00000000a3600000, 0x00000000a3600000|
|  55|0x00000000a3700000, 0x00000000a3700000, 0x00000000a3800000|  0%| F|  |TS  7|AC  0|TAMS 0x00000000a3700000, 0x00000000a3700000|
|  56|0x00000000a3800000, 0x00000000a3800000, 0x00000000a3900000|  0%| F|  |TS  7|AC  0|TAMS 0x00000000a3800000, 0x00000000a3800000|
|  57|0x00000000a3900000, 0x00000000a3900000, 0x00000000a3a00000|  0%| F|  |TS  7|AC  0|TAMS 0x00000000a3900000, 0x00000000a3900000|
|  58|0x00000000a3a00000, 0x00000000a3a00000, 0x00000000a3b00000|  0%| F|  |TS  7|AC  0|TAMS 0x00000000a3a00000, 0x00000000a3a00000|
|  59|0x00000000a3b00000, 0x00000000a3b00000, 0x00000000a3c00000|  0%| F|  |TS  7|AC  0|TAMS 0x00000000a3b00000, 0x00000000a3b00000|
|  60|0x00000000a3c00000, 0x00000000a3c00000, 0x00000000a3d00000|  0%| F|  |TS  7|AC  0|TAMS 0x00000000a3c00000, 0x00000000a3c00000|
|  61|0x00000000a3d00000, 0x00000000a3d00000, 0x00000000a3e00000|  0%| F|  |TS  7|AC  0|TAMS 0x00000000a3d00000, 0x00000000a3d00000|
|  62|0x00000000a3e00000, 0x00000000a3e00000, 0x00000000a3f00000|  0%| F|  |TS  7|AC  0|TAMS 0x00000000a3e00000, 0x00000000a3e00000|
|  63|0x00000000a3f00000, 0x00000000a3f00000, 0x00000000a4000000|  0%| F|  |TS  7|AC  0|TAMS 0x00000000a3f00000, 0x00000000a3f00000|
|  64|0x00000000a4000000, 0x00000000a4000000, 0x00000000a4100000|  0%| F|  |TS  7|AC  0|TAMS 0x00000000a4000000, 0x00000000a4000000|
|  65|0x00000000a4100000, 0x00000000a4100000, 0x00000000a4200000|  0%| F|  |TS  7|AC  0|TAMS 0x00000000a4100000, 0x00000000a4100000|
|  66|0x00000000a4200000, 0x00000000a4200000, 0x00000000a4300000|  0%| F|  |TS  7|AC  0|TAMS 0x00000000a4200000, 0x00000000a4200000|
|  67|0x00000000a4300000, 0x00000000a4300000, 0x00000000a4400000|  0%| F|  |TS  7|AC  0|TAMS 0x00000000a4300000, 0x00000000a4300000|
|  68|0x00000000a4400000, 0x00000000a4400000, 0x00000000a4500000|  0%| F|  |TS  7|AC  0|TAMS 0x00000000a4400000, 0x00000000a4400000|
|  69|0x00000000a4500000, 0x00000000a4500000, 0x00000000a4600000|  0%| F|  |TS  7|AC  0|TAMS 0x00000000a4500000, 0x00000000a4500000|
|  70|0x00000000a4600000, 0x00000000a4600000, 0x00000000a4700000|  0%| F|  |TS  7|AC  0|TAMS 0x00000000a4600000, 0x00000000a4600000|
|  71|0x00000000a4700000, 0x00000000a4700000, 0x00000000a4800000|  0%| F|  |TS  7|AC  0|TAMS 0x00000000a4700000, 0x00000000a4700000|
|  72|0x00000000a4800000, 0x00000000a4800000, 0x00000000a4900000|  0%| F|  |TS  7|AC  0|TAMS 0x00000000a4800000, 0x00000000a4800000|
|  73|0x00000000a4900000, 0x00000000a4900000, 0x00000000a4a00000|  0%| F|  |TS  7|AC  0|TAMS 0x00000000a4900000, 0x00000000a4900000|
|  74|0x00000000a4a00000, 0x00000000a4a00000, 0x00000000a4b00000|  0%| F|  |TS  7|AC  0|TAMS 0x00000000a4a00000, 0x00000000a4a00000|
|  75|0x00000000a4b00000, 0x00000000a4b00000, 0x00000000a4c00000|  0%| F|  |TS  7|AC  0|TAMS 0x00000000a4b00000, 0x00000000a4b00000|
|  76|0x00000000a4c00000, 0x00000000a4c00000, 0x00000000a4d00000|  0%| F|  |TS  7|AC  0|TAMS 0x00000000a4c00000, 0x00000000a4c00000|
|  77|0x00000000a4d00000, 0x00000000a4d00000, 0x00000000a4e00000|  0%| F|  |TS  7|AC  0|TAMS 0x00000000a4d00000, 0x00000000a4d00000|
|  78|0x00000000a4e00000, 0x00000000a4e00000, 0x00000000a4f00000|  0%| F|  |TS  7|AC  0|TAMS 0x00000000a4e00000, 0x00000000a4e00000|
|  79|0x00000000a4f00000, 0x00000000a4f00000, 0x00000000a5000000|  0%| F|  |TS  7|AC  0|TAMS 0x00000000a4f00000, 0x00000000a4f00000|
|  80|0x00000000a5000000, 0x00000000a5000000, 0x00000000a5100000|  0%| F|  |TS  7|AC  0|TAMS 0x00000000a5000000, 0x00000000a5000000|
|  81|0x00000000a5100000, 0x00000000a5100000, 0x00000000a5200000|  0%| F|  |TS  7|AC  0|TAMS 0x00000000a5100000, 0x00000000a5100000|
|  82|0x00000000a5200000, 0x00000000a5200000, 0x00000000a5300000|  0%| F|  |TS  7|AC  0|TAMS 0x00000000a5200000, 0x00000000a5200000|
|  83|0x00000000a5300000, 0x00000000a5300000, 0x00000000a5400000|  0%| F|  |TS  7|AC  0|TAMS 0x00000000a5300000, 0x00000000a5300000|
|  84|0x00000000a5400000, 0x00000000a5400000, 0x00000000a5500000|  0%| F|  |TS  7|AC  0|TAMS 0x00000000a5400000, 0x00000000a5400000|
|  85|0x00000000a5500000, 0x00000000a5500000, 0x00000000a5600000|  0%| F|  |TS  7|AC  0|TAMS 0x00000000a5500000, 0x00000000a5500000|
|  86|0x00000000a5600000, 0x00000000a5600000, 0x00000000a5700000|  0%| F|  |TS  7|AC  0|TAMS 0x00000000a5600000, 0x00000000a5600000|
|  87|0x00000000a5700000, 0x00000000a5700000, 0x00000000a5800000|  0%| F|  |TS  7|AC  0|TAMS 0x00000000a5700000, 0x00000000a5700000|
|  88|0x00000000a5800000, 0x00000000a5800000, 0x00000000a5900000|  0%| F|  |TS  7|AC  0|TAMS 0x00000000a5800000, 0x00000000a5800000|
|  89|0x00000000a5900000, 0x00000000a5900000, 0x00000000a5a00000|  0%| F|  |TS  7|AC  0|TAMS 0x00000000a5900000, 0x00000000a5900000|
|  90|0x00000000a5a00000, 0x00000000a5a00000, 0x00000000a5b00000|  0%| F|  |TS  7|AC  0|TAMS 0x00000000a5a00000, 0x00000000a5a00000|
|  91|0x00000000a5b00000, 0x00000000a5b00000, 0x00000000a5c00000|  0%| F|  |TS  7|AC  0|TAMS 0x00000000a5b00000, 0x00000000a5b00000|
|  92|0x00000000a5c00000, 0x00000000a5c00000, 0x00000000a5d00000|  0%| F|  |TS  7|AC  0|TAMS 0x00000000a5c00000, 0x00000000a5c00000|
|  93|0x00000000a5d00000, 0x00000000a5d00000, 0x00000000a5e00000|  0%| F|  |TS  7|AC  0|TAMS 0x00000000a5d00000, 0x00000000a5d00000|
|  94|0x00000000a5e00000, 0x00000000a5f00000, 0x00000000a5f00000|100%| E|  |TS  7|AC  0|TAMS 0x00000000a5e00000, 0x00000000a5e00000|
|  95|0x00000000a5f00000, 0x00000000a6000000, 0x00000000a6000000|100%| E|CS|TS  7|AC  0|TAMS 0x00000000a5f00000, 0x00000000a5f00000|

Card table byte_map: [0x000001b3cb990000,0x000001b3cbc90000] byte_map_base: 0x000001b3cb490000

Marking Bits (Prev, Next): (CMBitMap*) 0x000001b3afedc460, (CMBitMap*) 0x000001b3afedc498
 Prev Bits: [0x000001b3cbf90000, 0x000001b3cd790000)
 Next Bits: [0x000001b3cd790000, 0x000001b3cef90000)

Polling page: 0x000001b3afda0000

CodeHeap 'non-profiled nmethods': size=120064Kb used=1248Kb max_used=1248Kb free=118815Kb
 bounds [0x000001b3c3920000, 0x000001b3c3b90000, 0x000001b3cae60000]
CodeHeap 'profiled nmethods': size=120000Kb used=6074Kb max_used=6074Kb free=113925Kb
 bounds [0x000001b3bc3f0000, 0x000001b3bc9e0000, 0x000001b3c3920000]
CodeHeap 'non-nmethods': size=5696Kb used=1243Kb max_used=1280Kb free=4452Kb
 bounds [0x000001b3bbe60000, 0x000001b3bc0d0000, 0x000001b3bc3f0000]
 total_blobs=3724 nmethods=2757 adapters=316
 compilation: enabled

Compilation events (10 events):
Event: 3.397 Thread 0x000001b3d1e11000 nmethod 2756 0x000001b3bc9dca10 code [0x000001b3bc9dcbc0, 0x000001b3bc9dce70]
Event: 3.397 Thread 0x000001b3d1deb000 nmethod 2692 0x000001b3c3a52810 code [0x000001b3c3a529a0, 0x000001b3c3a52b38]
Event: 3.397 Thread 0x000001b3d1deb000 2563       4       java.util.ArrayList::iterator (9 bytes)
Event: 3.397 Thread 0x000001b3d1e11000 2758       3       sun.nio.ch.FileChannelImpl::ensureOpen (16 bytes)
Event: 3.398 Thread 0x000001b3d1e11000 nmethod 2758 0x000001b3bc9dcf10 code [0x000001b3bc9dd0e0, 0x000001b3bc9dd430]
Event: 3.398 Thread 0x000001b3d1e11000 2759   !   3       sun.nio.ch.NativeThreadSet::add (155 bytes)
Event: 3.398 Thread 0x000001b3d1e11000 nmethod 2759 0x000001b3bc9dd510 code [0x000001b3bc9dd700, 0x000001b3bc9dddf0]
Event: 3.398 Thread 0x000001b3d1e11000 2760   !   3       sun.nio.ch.NativeThreadSet::remove (50 bytes)
Event: 3.399 Thread 0x000001b3d1deb000 nmethod 2563 0x000001b3c3a52c90 code [0x000001b3c3a52e20, 0x000001b3c3a52ef8]
Event: 3.399 Thread 0x000001b3d1deb000 2742       4       java.util.AbstractCollection::isEmpty (13 bytes)

GC Heap History (8 events):
Event: 0.900 GC heap before
{Heap before GC invocations=0 (full 0):
 garbage-first heap   total 98304K, used 14336K [0x00000000a0000000, 0x00000000a0100300, 0x0000000100000000)
  region size 1024K, 14 young (14336K), 0 survivors (0K)
 Metaspace       used 9996K, capacity 10292K, committed 10624K, reserved 1058816K
  class space    used 965K, capacity 1070K, committed 1152K, reserved 1048576K
}
Event: 0.917 GC heap after
{Heap after GC invocations=1 (full 0):
 garbage-first heap   total 98304K, used 4154K [0x00000000a0000000, 0x00000000a0100300, 0x0000000100000000)
  region size 1024K, 2 young (2048K), 2 survivors (2048K)
 Metaspace       used 9996K, capacity 10292K, committed 10624K, reserved 1058816K
  class space    used 965K, capacity 1070K, committed 1152K, reserved 1048576K
}
Event: 1.110 GC heap before
{Heap before GC invocations=1 (full 0):
 garbage-first heap   total 98304K, used 11322K [0x00000000a0000000, 0x00000000a0100300, 0x0000000100000000)
  region size 1024K, 9 young (9216K), 2 survivors (2048K)
 Metaspace       used 11650K, capacity 11870K, committed 12032K, reserved 1060864K
  class space    used 1191K, capacity 1277K, committed 1280K, reserved 1048576K
}
Event: 1.119 GC heap after
{Heap after GC invocations=2 (full 0):
 garbage-first heap   total 98304K, used 5599K [0x00000000a0000000, 0x00000000a0100300, 0x0000000100000000)
  region size 1024K, 2 young (2048K), 2 survivors (2048K)
 Metaspace       used 11650K, capacity 11870K, committed 12032K, reserved 1060864K
  class space    used 1191K, capacity 1277K, committed 1280K, reserved 1048576K
}
Event: 1.638 GC heap before
{Heap before GC invocations=2 (full 0):
 garbage-first heap   total 98304K, used 29151K [0x00000000a0000000, 0x00000000a0100300, 0x0000000100000000)
  region size 1024K, 25 young (25600K), 2 survivors (2048K)
 Metaspace       used 13647K, capacity 13920K, committed 14080K, reserved 1062912K
  class space    used 1432K, capacity 1508K, committed 1536K, reserved 1048576K
}
Event: 1.648 GC heap after
{Heap after GC invocations=3 (full 0):
 garbage-first heap   total 98304K, used 7434K [0x00000000a0000000, 0x00000000a0100300, 0x0000000100000000)
  region size 1024K, 4 young (4096K), 4 survivors (4096K)
 Metaspace       used 13647K, capacity 13920K, committed 14080K, reserved 1062912K
  class space    used 1432K, capacity 1508K, committed 1536K, reserved 1048576K
}
Event: 3.327 GC heap before
{Heap before GC invocations=3 (full 0):
 garbage-first heap   total 98304K, used 61706K [0x00000000a0000000, 0x00000000a0100300, 0x0000000100000000)
  region size 1024K, 57 young (58368K), 4 survivors (4096K)
 Metaspace       used 19599K, capacity 20006K, committed 20224K, reserved 1067008K
  class space    used 2104K, capacity 2239K, committed 2304K, reserved 1048576K
}
Event: 3.349 GC heap after
{Heap after GC invocations=4 (full 0):
 garbage-first heap   total 98304K, used 13018K [0x00000000a0000000, 0x00000000a0100300, 0x0000000100000000)
  region size 1024K, 8 young (8192K), 8 survivors (8192K)
 Metaspace       used 19599K, capacity 20006K, committed 20224K, reserved 1067008K
  class space    used 2104K, capacity 2239K, committed 2304K, reserved 1048576K
}

Deoptimization events (10 events):
Event: 2.878 Thread 0x000001b3afe4d800 Uncommon trap: reason=unstable_if action=reinterpret pc=0x000001b3c3a03770 method=org.codehaus.plexus.util.xml.pull.MXParser.nextImpl()I @ 306 c2
Event: 2.886 Thread 0x000001b3afe4d800 Uncommon trap: reason=class_check action=maybe_recompile pc=0x000001b3c39888b0 method=java.nio.charset.CharsetDecoder.decode(Ljava/nio/ByteBuffer;Ljava/nio/CharBuffer;Z)Ljava/nio/charset/CoderResult; @ 57 c2
Event: 2.886 Thread 0x000001b3afe4d800 Uncommon trap: reason=class_check action=maybe_recompile pc=0x000001b3c39888b0 method=java.nio.charset.CharsetDecoder.decode(Ljava/nio/ByteBuffer;Ljava/nio/CharBuffer;Z)Ljava/nio/charset/CoderResult; @ 57 c2
Event: 2.887 Thread 0x000001b3afe4d800 Uncommon trap: reason=class_check action=maybe_recompile pc=0x000001b3c39888b0 method=java.nio.charset.CharsetDecoder.decode(Ljava/nio/ByteBuffer;Ljava/nio/CharBuffer;Z)Ljava/nio/charset/CoderResult; @ 57 c2
Event: 2.887 Thread 0x000001b3afe4d800 Uncommon trap: reason=class_check action=maybe_recompile pc=0x000001b3c39888b0 method=java.nio.charset.CharsetDecoder.decode(Ljava/nio/ByteBuffer;Ljava/nio/CharBuffer;Z)Ljava/nio/charset/CoderResult; @ 57 c2
Event: 2.891 Thread 0x000001b3afe4d800 Uncommon trap: reason=speculate_class_check action=maybe_recompile pc=0x000001b3c3a09b10 method=java.nio.charset.CharsetDecoder.decode(Ljava/nio/ByteBuffer;Ljava/nio/CharBuffer;Z)Ljava/nio/charset/CoderResult; @ 57 c2
Event: 2.892 Thread 0x000001b3afe4d800 Uncommon trap: reason=speculate_class_check action=maybe_recompile pc=0x000001b3c3a09b10 method=java.nio.charset.CharsetDecoder.decode(Ljava/nio/ByteBuffer;Ljava/nio/CharBuffer;Z)Ljava/nio/charset/CoderResult; @ 57 c2
Event: 2.894 Thread 0x000001b3afe4d800 Uncommon trap: reason=speculate_class_check action=maybe_recompile pc=0x000001b3c3a09b10 method=java.nio.charset.CharsetDecoder.decode(Ljava/nio/ByteBuffer;Ljava/nio/CharBuffer;Z)Ljava/nio/charset/CoderResult; @ 57 c2
Event: 2.897 Thread 0x000001b3afe4d800 Uncommon trap: reason=speculate_class_check action=maybe_recompile pc=0x000001b3c3a09b10 method=java.nio.charset.CharsetDecoder.decode(Ljava/nio/ByteBuffer;Ljava/nio/CharBuffer;Z)Ljava/nio/charset/CoderResult; @ 57 c2
Event: 2.999 Thread 0x000001b3afe4d800 Uncommon trap: reason=unstable_if action=reinterpret pc=0x000001b3c39b2100 method=java.lang.String.regionMatches(ZILjava/lang/String;II)Z @ 21 c2

Classes redefined (0 events):
No events

Internal exceptions (10 events):
Event: 1.060 Thread 0x000001b3afe4d800 Exception <a 'java/lang/NoSuchMethodError'{0x00000000a5adffa0}: java.lang.invoke.DirectMethodHandle$Holder.invokeInterface(Ljava/lang/Object;Ljava/lang/Object;Ljava/lang/Object;)I> (0x00000000a5adffa0) thrown at [t:/workspace/hotspot/src/share/vm/interpre
Event: 1.064 Thread 0x000001b3afe4d800 Exception <a 'java/lang/NoSuchMethodError'{0x00000000a5aebb00}: java.lang.invoke.DirectMethodHandle$Holder.invokeStatic(Ljava/lang/Object;Ljava/lang/Object;)I> (0x00000000a5aebb00) thrown at [t:/workspace/hotspot/src/share/vm/interpreter/linkResolver.cpp,
Event: 1.069 Thread 0x000001b3afe4d800 Exception <a 'java/lang/NoSuchMethodError'{0x00000000a5af8b00}: java.lang.Object.of([Ljava/lang/Object;)Ljava/util/stream/Stream;> (0x00000000a5af8b00) thrown at [t:/workspace/hotspot/src/share/vm/interpreter/linkResolver.cpp, line 731]
Event: 2.156 Thread 0x000001b3afe4d800 Exception <a 'java/lang/NoClassDefFoundError'{0x00000000a4cc6fa0}: com/google/inject/servlet/ServletModuleTargetVisitor> (0x00000000a4cc6fa0) thrown at [t:/workspace/hotspot/src/share/vm/classfile/systemDictionary.cpp, line 207]
Event: 2.156 Thread 0x000001b3afe4d800 Exception <a 'java/lang/NoClassDefFoundError'{0x00000000a4cc6fa0}> (0x00000000a4cc6fa0) thrown at [t:/workspace/hotspot/src/share/vm/prims/jvm.cpp, line 1314]
Event: 2.157 Thread 0x000001b3afe4d800 Exception <a 'java/lang/NoClassDefFoundError'{0x00000000a4cccd68}: javax/annotation/Priority> (0x00000000a4cccd68) thrown at [t:/workspace/hotspot/src/share/vm/classfile/systemDictionary.cpp, line 207]
Event: 2.262 Thread 0x000001b3afe4d800 Exception <a 'java/lang/NoSuchMethodError'{0x00000000a4acbe28}: method resolution failed> (0x00000000a4acbe28) thrown at [t:/workspace/hotspot/src/share/vm/prims/methodHandles.cpp, line 1256]
Event: 2.263 Thread 0x000001b3afe4d800 Exception <a 'java/lang/NoSuchMethodError'{0x00000000a4ad0190}: java.lang.invoke.DirectMethodHandle$Holder.invokeStaticInit(Ljava/lang/Object;IIII)Ljava/lang/Object;> (0x00000000a4ad0190) thrown at [t:/workspace/hotspot/src/share/vm/interpreter/linkResolv
Event: 2.664 Thread 0x000001b3afe4d800 Implicit null exception at 0x000001b3c39c0b75 to 0x000001b3c39c0d19
Event: 2.666 Thread 0x000001b3afe4d800 Implicit null exception at 0x000001b3c392ad2f to 0x000001b3c392ad99

Events (10 events):
Event: 3.318 loading class org/apache/maven/artifact/repository/metadata/io/xpp3/MetadataXpp3Reader$ContentTransformer
Event: 3.318 loading class org/apache/maven/artifact/repository/metadata/io/xpp3/MetadataXpp3Reader$ContentTransformer done
Event: 3.319 loading class org/apache/maven/artifact/repository/metadata/io/xpp3/MetadataXpp3Reader$1
Event: 3.319 loading class org/apache/maven/artifact/repository/metadata/io/xpp3/MetadataXpp3Reader$1 done
Event: 3.321 loading class java/util/ComparableTimSort
Event: 3.322 loading class java/util/ComparableTimSort done
Event: 3.326 Thread 0x000001b3afe4d800 DEOPT PACKING pc=0x000001b3bc8f18fe sp=0x000000763bdfd010
Event: 3.326 Thread 0x000001b3afe4d800 DEOPT UNPACKING pc=0x000001b3bbead83f sp=0x000000763bdfc560 mode 0
Event: 3.327 Executing VM operation: G1IncCollectionPause
Event: 3.349 Executing VM operation: G1IncCollectionPause done


Dynamic libraries:
0x00007ff601460000 - 0x00007ff60149e000 	C:\Program Files\Java\jdk-9.0.4\bin\javaw.exe
0x00007ffe478d0000 - 0x00007ffe47ab1000 	C:\WINDOWS\SYSTEM32\ntdll.dll
0x00007ffe47550000 - 0x00007ffe47601000 	C:\WINDOWS\System32\KERNEL32.DLL
0x00007ffe443a0000 - 0x00007ffe44613000 	C:\WINDOWS\System32\KERNELBASE.dll
0x00007ffe46060000 - 0x00007ffe46101000 	C:\WINDOWS\System32\ADVAPI32.dll
0x00007ffe44d30000 - 0x00007ffe44dce000 	C:\WINDOWS\System32\msvcrt.dll
0x00007ffe45ff0000 - 0x00007ffe4604b000 	C:\WINDOWS\System32\sechost.dll
0x00007ffe45d50000 - 0x00007ffe45e74000 	C:\WINDOWS\System32\RPCRT4.dll
0x00007ffe47610000 - 0x00007ffe477a0000 	C:\WINDOWS\System32\USER32.dll
0x00007ffe44190000 - 0x00007ffe441b0000 	C:\WINDOWS\System32\win32u.dll
0x00007ffe453a0000 - 0x00007ffe453c8000 	C:\WINDOWS\System32\GDI32.dll
0x00007ffe44200000 - 0x00007ffe44391000 	C:\WINDOWS\System32\gdi32full.dll
0x00007ffe43df0000 - 0x00007ffe43e8f000 	C:\WINDOWS\System32\msvcp_win.dll
0x00007ffe43c70000 - 0x00007ffe43d68000 	C:\WINDOWS\System32\ucrtbase.dll
0x00007ffe3a650000 - 0x00007ffe3a8b9000 	C:\WINDOWS\WinSxS\amd64_microsoft.windows.common-controls_6595b64144ccf1df_6.0.17134.885_none_fb42a3473065565f\COMCTL32.dll
0x00007ffe3f060000 - 0x00007ffe3f06a000 	C:\WINDOWS\SYSTEM32\VERSION.dll
0x00007ffe453d0000 - 0x00007ffe456f2000 	C:\WINDOWS\System32\combase.dll
0x00007ffe43d70000 - 0x00007ffe43de9000 	C:\WINDOWS\System32\bcryptPrimitives.dll
0x00007ffe44dd0000 - 0x00007ffe44dfd000 	C:\WINDOWS\System32\IMM32.DLL
0x00007ffe30f50000 - 0x00007ffe3103f000 	C:\Program Files\Java\jdk-9.0.4\bin\msvcr120.dll
0x00007ffe20330000 - 0x00007ffe203d6000 	C:\Program Files\Java\jdk-9.0.4\bin\msvcp120.dll
0x00000000729c0000 - 0x00000000733e5000 	C:\Program Files\Java\jdk-9.0.4\bin\server\jvm.dll
0x00007ffe45fe0000 - 0x00007ffe45fe8000 	C:\WINDOWS\System32\PSAPI.DLL
0x00007ffe22df0000 - 0x00007ffe22df9000 	C:\WINDOWS\SYSTEM32\WSOCK32.dll
0x00007ffe41d40000 - 0x00007ffe41d63000 	C:\WINDOWS\SYSTEM32\WINMM.dll
0x00007ffe45700000 - 0x00007ffe4576c000 	C:\WINDOWS\System32\WS2_32.dll
0x00007ffe41d10000 - 0x00007ffe41d3a000 	C:\WINDOWS\SYSTEM32\WINMMBASE.dll
0x00007ffe441b0000 - 0x00007ffe441f9000 	C:\WINDOWS\System32\cfgmgr32.dll
0x00007ffe340a0000 - 0x00007ffe340af000 	C:\Program Files\Java\jdk-9.0.4\bin\verify.dll
0x00007ffe2eb30000 - 0x00007ffe2eb57000 	C:\Program Files\Java\jdk-9.0.4\bin\java.dll
0x00007ffe34010000 - 0x00007ffe34026000 	C:\Program Files\Java\jdk-9.0.4\bin\zip.dll
0x00007ffe34090000 - 0x00007ffe3409a000 	C:\Program Files\Java\jdk-9.0.4\bin\jimage.dll
0x00007ffe46110000 - 0x00007ffe47550000 	C:\WINDOWS\System32\SHELL32.dll
0x00007ffe45bc0000 - 0x00007ffe45c69000 	C:\WINDOWS\System32\shcore.dll
0x00007ffe44620000 - 0x00007ffe44d2d000 	C:\WINDOWS\System32\windows.storage.dll
0x00007ffe45f80000 - 0x00007ffe45fd1000 	C:\WINDOWS\System32\shlwapi.dll
0x00007ffe43bd0000 - 0x00007ffe43be1000 	C:\WINDOWS\System32\kernel.appcore.dll
0x00007ffe43c50000 - 0x00007ffe43c6f000 	C:\WINDOWS\System32\profapi.dll
0x00007ffe43bf0000 - 0x00007ffe43c3c000 	C:\WINDOWS\System32\powrprof.dll
0x00007ffe43c40000 - 0x00007ffe43c4a000 	C:\WINDOWS\System32\FLTLIB.DLL
0x00007ffe30f30000 - 0x00007ffe30f4a000 	C:\Program Files\Java\jdk-9.0.4\bin\net.dll
0x00007ffe3f280000 - 0x00007ffe3f35d000 	C:\WINDOWS\SYSTEM32\WINHTTP.dll
0x00007ffe43430000 - 0x00007ffe43496000 	C:\WINDOWS\system32\mswsock.dll
0x00007ffe30840000 - 0x00007ffe30851000 	C:\Program Files\Java\jdk-9.0.4\bin\nio.dll
0x00007ffe33e40000 - 0x00007ffe34009000 	C:\WINDOWS\SYSTEM32\dbghelp.dll

VM Arguments:
jvm_args: -Dmaven.home=EMBEDDED -Dclassworlds.conf=C:\Users\TB-DB\eclipse-workspace\.metadata\.plugins\org.eclipse.m2e.launching\launches\m2conf8552183886747119421.tmp -Dmaven.multiModuleProjectDirectory=C:\Users\TB-DB\git\DDFramework\DDFramework -Dfile.encoding=Cp1252 
java_command: org.codehaus.plexus.classworlds.launcher.Launcher -B test
java_class_path (initial): D:\New_selenium\eclipse-java-oxygen-3a-win32-x86_64\eclipse\plugins\org.eclipse.m2e.maven.runtime_1.8.3.20180227-2135\jars\plexus-classworlds-2.5.2.jar
Launcher Type: SUN_STANDARD

Logging:
Log output configuration:
#0: stdout all=warning uptime,level,tags
#1: stderr all=off uptime,level,tags

Environment Variables:
JAVA_HOME=C:\Program Files\Java\jdk-8
PATH=C:/Program Files/Java/jdk-8/bin/../jre/bin/server;C:/Program Files/Java/jdk-8/bin/../jre/bin;C:/Program Files/Java/jdk-8/bin/../jre/lib/amd64;"C:\Windows\System32;C:\Program Files\Java\jdk-8\bin";C:\Program Files\Java\jdk-8\bin;C:\WINDOWS\system32;C:\WINDOWS;C:\WINDOWS\System32\Wbem;C:\WINDOWS\System32\WindowsPowerShell\v1.0\;C:\WINDOWS\System32\OpenSSH\;C:\Program Files\Microsoft VS Code\bin;D:\wamp64\bin\php\php7.1.9;C:\ProgramData\ComposerSetup\bin;D:\LatestSeleniumSoftwares\apache-maven-3.6.0-bin\apache-maven-3.6.0\bin;C:\Program Files\Git\cmd;D:\LatestSeleniumSoftwares\apache-ant-1.10.5-bin\apache-ant-1.10.5\bin;D:\wamp64\bin\php\php7.1.9;C:\Users\TB-DB\AppData\Roaming\Composer\vendor\bin;;D:\New_selenium\eclipse-java-oxygen-3a-win32-x86_64\eclipse;
USERNAME=TB-DB
OS=Windows_NT
PROCESSOR_IDENTIFIER=Intel64 Family 6 Model 15 Stepping 11, GenuineIntel



---------------  S Y S T E M  ---------------

OS: Windows 10 , 64 bit Build 17134 (10.0.17134.753)

CPU:total 4 (initial active 4) (4 cores per cpu, 1 threads per core) family 6 model 15 stepping 11, cmov, cx8, fxsr, mmx, sse, sse2, sse3, ssse3, tsc

Memory: 4k page, physical 6289700k(1590108k free), swap 7862564k(2082888k free)

vm_info: Java HotSpot(TM) 64-Bit Server VM (9.0.4+11) for windows-amd64 JRE (9.0.4+11), built on Dec 20 2017 02:18:54 by "mach5one" with MS VC++ 12.0 (VS2013)

END.
