#
# A fatal error has been detected by the Java Runtime Environment:
#
#  EXCEPTION_ACCESS_VIOLATION (0xc0000005) at pc=0x0000018391008200, pid=9068, tid=11328
#
# JRE version: Java(TM) SE Runtime Environment (9.0+11) (build 9.0.4+11)
# Java VM: Java HotSpot(TM) 64-Bit Server VM (9.0.4+11, mixed mode, tiered, compressed oops, g1 gc, windows-amd64)
# Problematic frame:
# C  0x0000018391008200
#
# No core dump will be written. Minidumps are not enabled by default on client versions of Windows
#
# If you would like to submit a bug report, please visit:
#   http://bugreport.java.com/bugreport/crash.jsp
#

---------------  S U M M A R Y ------------

Command Line: -ea -Dfile.encoding=Cp1252 org.testng.remote.RemoteTestNG -serport 52352 -protocol json -d C:\Users\TB-DB\git\DDFramework\DDFramework\test-output C:\Users\TB-DB\git\DDFramework\DDFramework\src\test\resources\runner\testng.xml

Host: Intel(R) Core(TM)2 Quad CPU    Q6600  @ 2.40GHz, 4 cores, 5G,  Windows 10 , 64 bit Build 17134 (10.0.17134.753)
Time: Fri Aug 02 12:34:32 2019 India Standard Time elapsed time: 10 seconds (0d 0h 0m 10s)

---------------  T H R E A D  ---------------

Current thread (0x0000018472080000):  JavaThread "Forwarding screenshot on session faee7dd9b3118abd0da0bc8ed2589ea2 to remote" [_thread_in_Java, id=11328, stack(0x00000031b3600000,0x00000031b3700000)]

Stack: [0x00000031b3600000,0x00000031b3700000],  sp=0x00000031b36fccc8,  free space=1011k
Native frames: (J=compiled Java code, j=interpreted, Vv=VM code, C=native code)
C  0x0000018391008200


siginfo: EXCEPTION_ACCESS_VIOLATION (0xc0000005), data execution prevention violation at address 0x0000018391008200


Register to memory mapping:

RIP=0x0000018391008200 is an unknown value
RAX={method} {0x0000018417339a98} 'read' '()C' in 'org/openqa/selenium/json/Input'
RBX={method} {0x0000018417339a98} 'read' '()C' in 'org/openqa/selenium/json/Input'
RCX=0x00000000a7670ce0 is an oop
org.openqa.selenium.json.Input 
{0x00000000a7670ce0} - klass: 'org/openqa/selenium/json/Input'
RDX=0x00000000a7670ce0 is an oop
org.openqa.selenium.json.Input 
{0x00000000a7670ce0} - klass: 'org/openqa/selenium/json/Input'
RSP=0x00000031b36fccc8 is pointing into the stack for thread: 0x0000018472080000
RBP=0x00000031b36fcd28 is pointing into the stack for thread: 0x0000018472080000
RSI=0x00000000a766e165 is pointing into object: 0x00000000a766b978
[B 
{0x00000000a766b978} - klass: {type array byte}
 - length: 21146
RDI=0x00000000a76f241a is pointing into object: 0x00000000a76f2408
[C 
{0x00000000a76f2408} - klass: {type array char}
 - length: 1
R8 =0x0000000000000001 is an unknown value
R9 =0x00000000a76f241a is pointing into object: 0x00000000a76f2408
[C 
{0x00000000a76f2408} - klass: {type array char}
 - length: 1
R10=0x0000000073337bc0 jvm.dll
R11=0x0000018400b06680 is at entry_point+32 in (nmethod*)0x0000018400b06490
R12=0x0000000000000000 is an unknown value
R13=0x00000031b36fccd8 is pointing into the stack for thread: 0x0000018472080000
R14=0x0000000000000000 is an unknown value
R15=0x0000018472080000 is a thread


Registers:
RAX=0x0000018417339a90, RBX=0x0000018417339a90, RCX=0x00000000a7670ce0, RDX=0x00000000a7670ce0
RSP=0x00000031b36fccc8, RBP=0x00000031b36fcd28, RSI=0x00000000a766e165, RDI=0x00000000a76f241a
R8 =0x0000000000000001, R9 =0x00000000a76f241a, R10=0x0000000073337bc0, R11=0x0000018400b06680
R12=0x0000000000000000, R13=0x00000031b36fccd8, R14=0x0000000000000000, R15=0x0000018472080000
RIP=0x0000018391008200, EFLAGS=0x0000000000010202

Top of Stack: (sp=0x00000031b36fccc8)
0x00000031b36fccc8:   000001840000aea0 000001840000aea0
0x00000031b36fccd8:   00000000a7670ce0 00000031b36fcce0
0x00000031b36fcce8:   0000018417337c7c 00000031b36fcd48
0x00000031b36fccf8:   00000184173381d8 0000000000000000
0x00000031b36fcd08:   00000000a4110940 0000018417337d18
0x00000031b36fcd18:   00000031b36fccd8 00000031b36fcd48
0x00000031b36fcd28:   00000031b36fcd98 000001840000b380
0x00000031b36fcd38:   0000000000000042 00000000a7672070
0x00000031b36fcd48:   00000000a7670c50 00000031b36fcd50
0x00000031b36fcd58:   0000018417337108 00000031b36fcda8
0x00000031b36fcd68:   00000184173381d8 0000000000000000
0x00000031b36fcd78:   00000000a4110940 0000018417337120
0x00000031b36fcd88:   00000031b36fcd48 00000031b36fcda8
0x00000031b36fcd98:   00000031b36fcdf8 000001840000b380
0x00000031b36fcda8:   00000000a7670c50 00000031b36fcdb0
0x00000031b36fcdb8:   00000184171a5726 00000031b36fce10 

Instructions: (pc=0x0000018391008200)
0x00000183910081e0:   
[error occurred during error reporting (printing registers, top of stack, instructions near pc), id 0xc0000005]


---------------  P R O C E S S  ---------------

Java Threads: ( => current thread )
  0x0000018417500800 JavaThread "Okio Watchdog" daemon [_thread_blocked, id=7700, stack(0x00000031b5600000,0x00000031b5700000)]
  0x0000018415dd4800 JavaThread "OkHttp ConnectionPool" daemon [_thread_blocked, id=11412, stack(0x00000031b5500000,0x00000031b5600000)]
  0x0000018415b97000 JavaThread "Exec Stream Pumper" daemon [_thread_in_native, id=6856, stack(0x00000031b5300000,0x00000031b5400000)]
  0x0000018415df8000 JavaThread "Exec Stream Pumper" daemon [_thread_in_native, id=10480, stack(0x00000031b5200000,0x00000031b5300000)]
  0x0000018415efb800 JavaThread "UrlChecker-2" daemon [_thread_blocked, id=9648, stack(0x00000031b5100000,0x00000031b5200000)]
  0x0000018415e75000 JavaThread "Exec Default Executor" daemon [_thread_in_native, id=11504, stack(0x00000031b5000000,0x00000031b5100000)]
  0x0000018414a3f800 JavaThread "ReaderThread" [_thread_in_native, id=972, stack(0x00000031b4f00000,0x00000031b5000000)]
  0x00000184144be800 JavaThread "Service Thread" daemon [_thread_blocked, id=6628, stack(0x00000031b4c00000,0x00000031b4d00000)]
  0x00000184141d7800 JavaThread "Common-Cleaner" daemon [_thread_blocked, id=7972, stack(0x00000031b4b00000,0x00000031b4c00000)]
  0x00000184141a2000 JavaThread "Sweeper thread" daemon [_thread_blocked, id=10840, stack(0x00000031b4a00000,0x00000031b4b00000)]
  0x000001841412d800 JavaThread "C1 CompilerThread2" daemon [_thread_blocked, id=11968, stack(0x00000031b4900000,0x00000031b4a00000)]
  0x0000018414129800 JavaThread "C2 CompilerThread1" daemon [_thread_blocked, id=3924, stack(0x00000031b4800000,0x00000031b4900000)]
  0x000001841411d000 JavaThread "C2 CompilerThread0" daemon [_thread_blocked, id=336, stack(0x00000031b4700000,0x00000031b4800000)]
  0x0000018414119800 JavaThread "Attach Listener" daemon [_thread_blocked, id=9096, stack(0x00000031b4600000,0x00000031b4700000)]
  0x00000184140d0800 JavaThread "Signal Dispatcher" daemon [_thread_blocked, id=6788, stack(0x00000031b4500000,0x00000031b4600000)]
  0x00000184140cb800 JavaThread "Finalizer" daemon [_thread_blocked, id=6200, stack(0x00000031b4400000,0x00000031b4500000)]
  0x00000184140b9800 JavaThread "Reference Handler" daemon [_thread_blocked, id=8712, stack(0x00000031b4300000,0x00000031b4400000)]
=>0x0000018472080000 JavaThread "Forwarding screenshot on session faee7dd9b3118abd0da0bc8ed2589ea2 to remote" [_thread_in_Java, id=11328, stack(0x00000031b3600000,0x00000031b3700000)]

Other Threads:
  0x00000184140b7800 VMThread "VM Thread" [stack: 0x00000031b4200000,0x00000031b4300000] [id=6948]
  0x00000184144c1000 WatcherThread [stack: 0x00000031b4d00000,0x00000031b4e00000] [id=3452]
  0x0000018472098800 GCTaskThread "GC Thread#0" [stack: 0x00000031b3700000,0x00000031b3800000] [id=4828]
  0x0000018472099800 GCTaskThread "GC Thread#1" [stack: 0x00000031b3800000,0x00000031b3900000] [id=2684]
  0x000001847209c800 GCTaskThread "GC Thread#2" [stack: 0x00000031b3900000,0x00000031b3a00000] [id=12124]
  0x000001847209f800 GCTaskThread "GC Thread#3" [stack: 0x00000031b3a00000,0x00000031b3b00000] [id=11440]
  0x000001847210c800 ConcurrentGCThread "G1 Main Marker" [stack: 0x00000031b4000000,0x00000031b4100000] [id=10608]
  0x00000184720a6000 ConcurrentGCThread "G1 Marker#0" [stack: 0x00000031b4100000,0x00000031b4200000] [id=940]
  0x00000184720bc800 ConcurrentGCThread "G1 Refine#0" [stack: 0x00000031b3e00000,0x00000031b3f00000] [id=4120]
  0x00000184720bb800 ConcurrentGCThread "G1 Refine#1" [stack: 0x00000031b3d00000,0x00000031b3e00000] [id=8676]
  0x00000184720b2000 ConcurrentGCThread "G1 Refine#2" [stack: 0x00000031b3c00000,0x00000031b3d00000] [id=2812]
  0x00000184720aa800 ConcurrentGCThread "G1 Refine#3" [stack: 0x00000031b3b00000,0x00000031b3c00000] [id=12008]
  0x00000184720bd800 ConcurrentGCThread "G1 Young RemSet Sampling" [stack: 0x00000031b3f00000,0x00000031b4000000] [id=6744]

Threads with active compile tasks:

VM state:not at safepoint (normal execution)

VM Mutex/Monitor currently owned by a thread: None

Heap address: 0x00000000a0000000, size: 1536 MB, Compressed Oops mode: 32-bit
Narrow klass base: 0x0000000000000000, Narrow klass shift: 3
Compressed class space size: 1073741824 Address: 0x0000000100000000

Heap:
 garbage-first heap   total 135168K, used 39041K [0x00000000a0000000, 0x00000000a0100420, 0x0000000100000000)
  region size 1024K, 19 young (19456K), 5 survivors (5120K)
 Metaspace       used 29723K, capacity 30800K, committed 31104K, reserved 1077248K
  class space    used 3382K, capacity 3608K, committed 3712K, reserved 1048576K
Heap Regions: E=young(eden), S=young(survivor), O=old, HS=humongous(starts), HC=humongous(continues), CS=collection set, F=free, A=archive, TS=gc time stamp, AC=allocation context, TAMS=top-at-mark-start (previous, next)
|   0|0x00000000a0000000, 0x00000000a0100000, 0x00000000a0100000|100%|HS|  |TS  0|AC  0|TAMS 0x00000000a0100000, 0x00000000a0100000|
|   1|0x00000000a0100000, 0x00000000a0200000, 0x00000000a0200000|100%|HS|  |TS  0|AC  0|TAMS 0x00000000a0200000, 0x00000000a0200000|
|   2|0x00000000a0200000, 0x00000000a0300000, 0x00000000a0300000|100%| O|  |TS  0|AC  0|TAMS 0x00000000a0300000, 0x00000000a0300000|
|   3|0x00000000a0300000, 0x00000000a0400000, 0x00000000a0400000|100%| O|  |TS  0|AC  0|TAMS 0x00000000a0400000, 0x00000000a0400000|
|   4|0x00000000a0400000, 0x00000000a0500000, 0x00000000a0500000|100%| O|  |TS  0|AC  0|TAMS 0x00000000a0500000, 0x00000000a0500000|
|   5|0x00000000a0500000, 0x00000000a0600000, 0x00000000a0600000|100%| O|  |TS  0|AC  0|TAMS 0x00000000a0600000, 0x00000000a0600000|
|   6|0x00000000a0600000, 0x00000000a0700000, 0x00000000a0700000|100%| O|  |TS  0|AC  0|TAMS 0x00000000a0700000, 0x00000000a0700000|
|   7|0x00000000a0700000, 0x00000000a0800000, 0x00000000a0800000|100%| O|  |TS  0|AC  0|TAMS 0x00000000a0800000, 0x00000000a0800000|
|   8|0x00000000a0800000, 0x00000000a0900000, 0x00000000a0900000|100%| O|  |TS  0|AC  0|TAMS 0x00000000a0900000, 0x00000000a0900000|
|   9|0x00000000a0900000, 0x00000000a0a00000, 0x00000000a0a00000|100%| O|  |TS  0|AC  0|TAMS 0x00000000a0a00000, 0x00000000a0a00000|
|  10|0x00000000a0a00000, 0x00000000a0b00000, 0x00000000a0b00000|100%| O|  |TS  0|AC  0|TAMS 0x00000000a0b00000, 0x00000000a0b00000|
|  11|0x00000000a0b00000, 0x00000000a0c00000, 0x00000000a0c00000|100%| O|  |TS  0|AC  0|TAMS 0x00000000a0c00000, 0x00000000a0c00000|
|  12|0x00000000a0c00000, 0x00000000a0d00000, 0x00000000a0d00000|100%| O|  |TS  0|AC  0|TAMS 0x00000000a0d00000, 0x00000000a0d00000|
|  13|0x00000000a0d00000, 0x00000000a0e00000, 0x00000000a0e00000|100%| O|  |TS  0|AC  0|TAMS 0x00000000a0e00000, 0x00000000a0e00000|
|  14|0x00000000a0e00000, 0x00000000a0f00000, 0x00000000a0f00000|100%| O|  |TS  0|AC  0|TAMS 0x00000000a0f00000, 0x00000000a0f00000|
|  15|0x00000000a0f00000, 0x00000000a1000000, 0x00000000a1000000|100%| O|  |TS  1|AC  0|TAMS 0x00000000a0f8f200, 0x00000000a0f8f200|
|  16|0x00000000a1000000, 0x00000000a1100000, 0x00000000a1100000|100%| O|  |TS  1|AC  0|TAMS 0x00000000a1000000, 0x00000000a1000000|
|  17|0x00000000a1100000, 0x00000000a1200000, 0x00000000a1200000|100%| O|  |TS  1|AC  0|TAMS 0x00000000a1100000, 0x00000000a1100000|
|  18|0x00000000a1200000, 0x00000000a1300000, 0x00000000a1300000|100%| O|  |TS  1|AC  0|TAMS 0x00000000a1200000, 0x00000000a1200000|
|  19|0x00000000a1300000, 0x00000000a1400000, 0x00000000a1400000|100%| O|  |TS  1|AC  0|TAMS 0x00000000a1300000, 0x00000000a1300000|
|  20|0x00000000a1400000, 0x00000000a1420400, 0x00000000a1500000| 12%| O|  |TS  1|AC  0|TAMS 0x00000000a1400000, 0x00000000a1400000|
|  21|0x00000000a1500000, 0x00000000a1500000, 0x00000000a1600000|  0%| F|  |TS  0|AC  0|TAMS 0x00000000a1500000, 0x00000000a1500000|
|  22|0x00000000a1600000, 0x00000000a1600000, 0x00000000a1700000|  0%| F|  |TS  0|AC  0|TAMS 0x00000000a1600000, 0x00000000a1600000|
|  23|0x00000000a1700000, 0x00000000a1700000, 0x00000000a1800000|  0%| F|  |TS  0|AC  0|TAMS 0x00000000a1700000, 0x00000000a1700000|
|  24|0x00000000a1800000, 0x00000000a1800000, 0x00000000a1900000|  0%| F|  |TS  0|AC  0|TAMS 0x00000000a1800000, 0x00000000a1800000|
|  25|0x00000000a1900000, 0x00000000a1900000, 0x00000000a1a00000|  0%| F|  |TS  0|AC  0|TAMS 0x00000000a1900000, 0x00000000a1900000|
|  26|0x00000000a1a00000, 0x00000000a1a00000, 0x00000000a1b00000|  0%| F|  |TS  0|AC  0|TAMS 0x00000000a1a00000, 0x00000000a1a00000|
|  27|0x00000000a1b00000, 0x00000000a1b00000, 0x00000000a1c00000|  0%| F|  |TS  0|AC  0|TAMS 0x00000000a1b00000, 0x00000000a1b00000|
|  28|0x00000000a1c00000, 0x00000000a1c00000, 0x00000000a1d00000|  0%| F|  |TS  0|AC  0|TAMS 0x00000000a1c00000, 0x00000000a1c00000|
|  29|0x00000000a1d00000, 0x00000000a1d00000, 0x00000000a1e00000|  0%| F|  |TS  0|AC  0|TAMS 0x00000000a1d00000, 0x00000000a1d00000|
|  30|0x00000000a1e00000, 0x00000000a1e00000, 0x00000000a1f00000|  0%| F|  |TS  0|AC  0|TAMS 0x00000000a1e00000, 0x00000000a1e00000|
|  31|0x00000000a1f00000, 0x00000000a1f00000, 0x00000000a2000000|  0%| F|  |TS  0|AC  0|TAMS 0x00000000a1f00000, 0x00000000a1f00000|
|  32|0x00000000a2000000, 0x00000000a2000000, 0x00000000a2100000|  0%| F|  |TS  0|AC  0|TAMS 0x00000000a2000000, 0x00000000a2000000|
|  33|0x00000000a2100000, 0x00000000a2100000, 0x00000000a2200000|  0%| F|  |TS  0|AC  0|TAMS 0x00000000a2100000, 0x00000000a2100000|
|  34|0x00000000a2200000, 0x00000000a2200000, 0x00000000a2300000|  0%| F|  |TS  0|AC  0|TAMS 0x00000000a2200000, 0x00000000a2200000|
|  35|0x00000000a2300000, 0x00000000a2300000, 0x00000000a2400000|  0%| F|  |TS  0|AC  0|TAMS 0x00000000a2300000, 0x00000000a2300000|
|  36|0x00000000a2400000, 0x00000000a2400000, 0x00000000a2500000|  0%| F|  |TS  0|AC  0|TAMS 0x00000000a2400000, 0x00000000a2400000|
|  37|0x00000000a2500000, 0x00000000a2500000, 0x00000000a2600000|  0%| F|  |TS  0|AC  0|TAMS 0x00000000a2500000, 0x00000000a2500000|
|  38|0x00000000a2600000, 0x00000000a2600000, 0x00000000a2700000|  0%| F|  |TS  0|AC  0|TAMS 0x00000000a2600000, 0x00000000a2600000|
|  39|0x00000000a2700000, 0x00000000a2700000, 0x00000000a2800000|  0%| F|  |TS  0|AC  0|TAMS 0x00000000a2700000, 0x00000000a2700000|
|  40|0x00000000a2800000, 0x00000000a2800000, 0x00000000a2900000|  0%| F|  |TS  0|AC  0|TAMS 0x00000000a2800000, 0x00000000a2800000|
|  41|0x00000000a2900000, 0x00000000a2900000, 0x00000000a2a00000|  0%| F|  |TS  0|AC  0|TAMS 0x00000000a2900000, 0x00000000a2900000|
|  42|0x00000000a2a00000, 0x00000000a2a00000, 0x00000000a2b00000|  0%| F|  |TS  0|AC  0|TAMS 0x00000000a2a00000, 0x00000000a2a00000|
|  43|0x00000000a2b00000, 0x00000000a2b00000, 0x00000000a2c00000|  0%| F|  |TS  0|AC  0|TAMS 0x00000000a2b00000, 0x00000000a2b00000|
|  44|0x00000000a2c00000, 0x00000000a2c00000, 0x00000000a2d00000|  0%| F|  |TS  0|AC  0|TAMS 0x00000000a2c00000, 0x00000000a2c00000|
|  45|0x00000000a2d00000, 0x00000000a2d00000, 0x00000000a2e00000|  0%| F|  |TS  0|AC  0|TAMS 0x00000000a2d00000, 0x00000000a2d00000|
|  46|0x00000000a2e00000, 0x00000000a2e00000, 0x00000000a2f00000|  0%| F|  |TS  0|AC  0|TAMS 0x00000000a2e00000, 0x00000000a2e00000|
|  47|0x00000000a2f00000, 0x00000000a2f00000, 0x00000000a3000000|  0%| F|  |TS  0|AC  0|TAMS 0x00000000a2f00000, 0x00000000a2f00000|
|  48|0x00000000a3000000, 0x00000000a3000000, 0x00000000a3100000|  0%| F|  |TS  0|AC  0|TAMS 0x00000000a3000000, 0x00000000a3000000|
|  49|0x00000000a3100000, 0x00000000a3100000, 0x00000000a3200000|  0%| F|  |TS  0|AC  0|TAMS 0x00000000a3100000, 0x00000000a3100000|
|  50|0x00000000a3200000, 0x00000000a3200000, 0x00000000a3300000|  0%| F|  |TS  0|AC  0|TAMS 0x00000000a3200000, 0x00000000a3200000|
|  51|0x00000000a3300000, 0x00000000a3300000, 0x00000000a3400000|  0%| F|  |TS  0|AC  0|TAMS 0x00000000a3300000, 0x00000000a3300000|
|  52|0x00000000a3400000, 0x00000000a3400000, 0x00000000a3500000|  0%| F|  |TS  0|AC  0|TAMS 0x00000000a3400000, 0x00000000a3400000|
|  53|0x00000000a3500000, 0x00000000a3500000, 0x00000000a3600000|  0%| F|  |TS  0|AC  0|TAMS 0x00000000a3500000, 0x00000000a3500000|
|  54|0x00000000a3600000, 0x00000000a3600000, 0x00000000a3700000|  0%| F|  |TS  0|AC  0|TAMS 0x00000000a3600000, 0x00000000a3600000|
|  55|0x00000000a3700000, 0x00000000a3700000, 0x00000000a3800000|  0%| F|  |TS  0|AC  0|TAMS 0x00000000a3700000, 0x00000000a3700000|
|  56|0x00000000a3800000, 0x00000000a3800000, 0x00000000a3900000|  0%| F|  |TS  0|AC  0|TAMS 0x00000000a3800000, 0x00000000a3800000|
|  57|0x00000000a3900000, 0x00000000a3a00000, 0x00000000a3a00000|100%| S|CS|TS  1|AC  0|TAMS 0x00000000a3900000, 0x00000000a3900000|
|  58|0x00000000a3a00000, 0x00000000a3b00000, 0x00000000a3b00000|100%| S|CS|TS  1|AC  0|TAMS 0x00000000a3a00000, 0x00000000a3a00000|
|  59|0x00000000a3b00000, 0x00000000a3c00000, 0x00000000a3c00000|100%| S|CS|TS  1|AC  0|TAMS 0x00000000a3b00000, 0x00000000a3b00000|
|  60|0x00000000a3c00000, 0x00000000a3d00000, 0x00000000a3d00000|100%| S|CS|TS  1|AC  0|TAMS 0x00000000a3c00000, 0x00000000a3c00000|
|  61|0x00000000a3d00000, 0x00000000a3d00000, 0x00000000a3e00000|  0%| F|  |TS  1|AC  0|TAMS 0x00000000a3d00000, 0x00000000a3d00000|
|  62|0x00000000a3e00000, 0x00000000a3e00000, 0x00000000a3f00000|  0%| F|  |TS  1|AC  0|TAMS 0x00000000a3e00000, 0x00000000a3e00000|
|  63|0x00000000a3f00000, 0x00000000a3f00000, 0x00000000a4000000|  0%| F|  |TS  1|AC  0|TAMS 0x00000000a3f00000, 0x00000000a3f00000|
|  64|0x00000000a4000000, 0x00000000a4000000, 0x00000000a4100000|  0%| F|  |TS  1|AC  0|TAMS 0x00000000a4000000, 0x00000000a4000000|
|  65|0x00000000a4100000, 0x00000000a4200000, 0x00000000a4200000|100%| S|CS|TS  1|AC  0|TAMS 0x00000000a4100000, 0x00000000a4100000|
|  66|0x00000000a4200000, 0x00000000a4200000, 0x00000000a4300000|  0%| F|  |TS  1|AC  0|TAMS 0x00000000a4200000, 0x00000000a4200000|
|  67|0x00000000a4300000, 0x00000000a4300000, 0x00000000a4400000|  0%| F|  |TS  1|AC  0|TAMS 0x00000000a4300000, 0x00000000a4300000|
|  68|0x00000000a4400000, 0x00000000a4400000, 0x00000000a4500000|  0%| F|  |TS  1|AC  0|TAMS 0x00000000a4400000, 0x00000000a4400000|
|  69|0x00000000a4500000, 0x00000000a4500000, 0x00000000a4600000|  0%| F|  |TS  1|AC  0|TAMS 0x00000000a4500000, 0x00000000a4500000|
|  70|0x00000000a4600000, 0x00000000a4600000, 0x00000000a4700000|  0%| F|  |TS  1|AC  0|TAMS 0x00000000a4600000, 0x00000000a4600000|
|  71|0x00000000a4700000, 0x00000000a4700000, 0x00000000a4800000|  0%| F|  |TS  1|AC  0|TAMS 0x00000000a4700000, 0x00000000a4700000|
|  72|0x00000000a4800000, 0x00000000a4800000, 0x00000000a4900000|  0%| F|  |TS  1|AC  0|TAMS 0x00000000a4800000, 0x00000000a4800000|
|  73|0x00000000a4900000, 0x00000000a4900000, 0x00000000a4a00000|  0%| F|  |TS  1|AC  0|TAMS 0x00000000a4900000, 0x00000000a4900000|
|  74|0x00000000a4a00000, 0x00000000a4a00000, 0x00000000a4b00000|  0%| F|  |TS  1|AC  0|TAMS 0x00000000a4a00000, 0x00000000a4a00000|
|  75|0x00000000a4b00000, 0x00000000a4b00000, 0x00000000a4c00000|  0%| F|  |TS  1|AC  0|TAMS 0x00000000a4b00000, 0x00000000a4b00000|
|  76|0x00000000a4c00000, 0x00000000a4c00000, 0x00000000a4d00000|  0%| F|  |TS  1|AC  0|TAMS 0x00000000a4c00000, 0x00000000a4c00000|
|  77|0x00000000a4d00000, 0x00000000a4d00000, 0x00000000a4e00000|  0%| F|  |TS  1|AC  0|TAMS 0x00000000a4d00000, 0x00000000a4d00000|
|  78|0x00000000a4e00000, 0x00000000a4e00000, 0x00000000a4f00000|  0%| F|  |TS  1|AC  0|TAMS 0x00000000a4e00000, 0x00000000a4e00000|
|  79|0x00000000a4f00000, 0x00000000a4f00000, 0x00000000a5000000|  0%| F|  |TS  1|AC  0|TAMS 0x00000000a4f00000, 0x00000000a4f00000|
|  80|0x00000000a5000000, 0x00000000a5000000, 0x00000000a5100000|  0%| F|  |TS  1|AC  0|TAMS 0x00000000a5000000, 0x00000000a5000000|
|  81|0x00000000a5100000, 0x00000000a5100000, 0x00000000a5200000|  0%| F|  |TS  1|AC  0|TAMS 0x00000000a5100000, 0x00000000a5100000|
|  82|0x00000000a5200000, 0x00000000a5200000, 0x00000000a5300000|  0%| F|  |TS  1|AC  0|TAMS 0x00000000a5200000, 0x00000000a5200000|
|  83|0x00000000a5300000, 0x00000000a5300000, 0x00000000a5400000|  0%| F|  |TS  1|AC  0|TAMS 0x00000000a5300000, 0x00000000a5300000|
|  84|0x00000000a5400000, 0x00000000a5400000, 0x00000000a5500000|  0%| F|  |TS  1|AC  0|TAMS 0x00000000a5400000, 0x00000000a5400000|
|  85|0x00000000a5500000, 0x00000000a5500000, 0x00000000a5600000|  0%| F|  |TS  1|AC  0|TAMS 0x00000000a5500000, 0x00000000a5500000|
|  86|0x00000000a5600000, 0x00000000a5600000, 0x00000000a5700000|  0%| F|  |TS  1|AC  0|TAMS 0x00000000a5600000, 0x00000000a5600000|
|  87|0x00000000a5700000, 0x00000000a5700000, 0x00000000a5800000|  0%| F|  |TS  1|AC  0|TAMS 0x00000000a5700000, 0x00000000a5700000|
|  88|0x00000000a5800000, 0x00000000a5800000, 0x00000000a5900000|  0%| F|  |TS  1|AC  0|TAMS 0x00000000a5800000, 0x00000000a5800000|
|  89|0x00000000a5900000, 0x00000000a5900000, 0x00000000a5a00000|  0%| F|  |TS  1|AC  0|TAMS 0x00000000a5900000, 0x00000000a5900000|
|  90|0x00000000a5a00000, 0x00000000a5a00000, 0x00000000a5b00000|  0%| F|  |TS  1|AC  0|TAMS 0x00000000a5a00000, 0x00000000a5a00000|
|  91|0x00000000a5b00000, 0x00000000a5b00000, 0x00000000a5c00000|  0%| F|  |TS  1|AC  0|TAMS 0x00000000a5b00000, 0x00000000a5b00000|
|  92|0x00000000a5c00000, 0x00000000a5c00000, 0x00000000a5d00000|  0%| F|  |TS  1|AC  0|TAMS 0x00000000a5c00000, 0x00000000a5c00000|
|  93|0x00000000a5d00000, 0x00000000a5d00000, 0x00000000a5e00000|  0%| F|  |TS  1|AC  0|TAMS 0x00000000a5d00000, 0x00000000a5d00000|
|  94|0x00000000a5e00000, 0x00000000a5e00000, 0x00000000a5f00000|  0%| F|  |TS  1|AC  0|TAMS 0x00000000a5e00000, 0x00000000a5e00000|
|  95|0x00000000a5f00000, 0x00000000a5f00000, 0x00000000a6000000|  0%| F|  |TS  1|AC  0|TAMS 0x00000000a5f00000, 0x00000000a5f00000|
|  96|0x00000000a6000000, 0x00000000a6000000, 0x00000000a6100000|  0%| F|  |TS  1|AC  0|TAMS 0x00000000a6000000, 0x00000000a6000000|
|  97|0x00000000a6100000, 0x00000000a6100000, 0x00000000a6200000|  0%| F|  |TS  1|AC  0|TAMS 0x00000000a6100000, 0x00000000a6100000|
|  98|0x00000000a6200000, 0x00000000a6200000, 0x00000000a6300000|  0%| F|  |TS  1|AC  0|TAMS 0x00000000a6200000, 0x00000000a6200000|
|  99|0x00000000a6300000, 0x00000000a6300000, 0x00000000a6400000|  0%| F|  |TS  1|AC  0|TAMS 0x00000000a6300000, 0x00000000a6300000|
| 100|0x00000000a6400000, 0x00000000a6400000, 0x00000000a6500000|  0%| F|  |TS  1|AC  0|TAMS 0x00000000a6400000, 0x00000000a6400000|
| 101|0x00000000a6500000, 0x00000000a6500000, 0x00000000a6600000|  0%| F|  |TS  1|AC  0|TAMS 0x00000000a6500000, 0x00000000a6500000|
| 102|0x00000000a6600000, 0x00000000a6600000, 0x00000000a6700000|  0%| F|  |TS  1|AC  0|TAMS 0x00000000a6600000, 0x00000000a6600000|
| 103|0x00000000a6700000, 0x00000000a6700000, 0x00000000a6800000|  0%| F|  |TS  1|AC  0|TAMS 0x00000000a6700000, 0x00000000a6700000|
| 104|0x00000000a6800000, 0x00000000a6800000, 0x00000000a6900000|  0%| F|  |TS  1|AC  0|TAMS 0x00000000a6800000, 0x00000000a6800000|
| 105|0x00000000a6900000, 0x00000000a6900000, 0x00000000a6a00000|  0%| F|  |TS  1|AC  0|TAMS 0x00000000a6900000, 0x00000000a6900000|
| 106|0x00000000a6a00000, 0x00000000a6a00000, 0x00000000a6b00000|  0%| F|  |TS  1|AC  0|TAMS 0x00000000a6a00000, 0x00000000a6a00000|
| 107|0x00000000a6b00000, 0x00000000a6b00000, 0x00000000a6c00000|  0%| F|  |TS  1|AC  0|TAMS 0x00000000a6b00000, 0x00000000a6b00000|
| 108|0x00000000a6c00000, 0x00000000a6c00000, 0x00000000a6d00000|  0%| F|  |TS  1|AC  0|TAMS 0x00000000a6c00000, 0x00000000a6c00000|
| 109|0x00000000a6d00000, 0x00000000a6d00000, 0x00000000a6e00000|  0%| F|  |TS  1|AC  0|TAMS 0x00000000a6d00000, 0x00000000a6d00000|
| 110|0x00000000a6e00000, 0x00000000a6e00000, 0x00000000a6f00000|  0%| F|  |TS  1|AC  0|TAMS 0x00000000a6e00000, 0x00000000a6e00000|
| 111|0x00000000a6f00000, 0x00000000a6f00000, 0x00000000a7000000|  0%| F|  |TS  1|AC  0|TAMS 0x00000000a6f00000, 0x00000000a6f00000|
| 112|0x00000000a7000000, 0x00000000a7000000, 0x00000000a7100000|  0%| F|  |TS  1|AC  0|TAMS 0x00000000a7000000, 0x00000000a7000000|
| 113|0x00000000a7100000, 0x00000000a7100000, 0x00000000a7200000|  0%| F|  |TS  1|AC  0|TAMS 0x00000000a7100000, 0x00000000a7100000|
| 114|0x00000000a7200000, 0x00000000a7200000, 0x00000000a7300000|  0%| F|  |TS  1|AC  0|TAMS 0x00000000a7200000, 0x00000000a7200000|
| 115|0x00000000a7300000, 0x00000000a7300000, 0x00000000a7400000|  0%| F|  |TS  1|AC  0|TAMS 0x00000000a7300000, 0x00000000a7300000|
| 116|0x00000000a7400000, 0x00000000a7400000, 0x00000000a7500000|  0%| F|  |TS  1|AC  0|TAMS 0x00000000a7400000, 0x00000000a7400000|
| 117|0x00000000a7500000, 0x00000000a7500000, 0x00000000a7600000|  0%| F|  |TS  1|AC  0|TAMS 0x00000000a7500000, 0x00000000a7500000|
| 118|0x00000000a7600000, 0x00000000a7700000, 0x00000000a7700000|100%| E|  |TS  1|AC  0|TAMS 0x00000000a7600000, 0x00000000a7600000|
| 119|0x00000000a7700000, 0x00000000a7800000, 0x00000000a7800000|100%| E|CS|TS  1|AC  0|TAMS 0x00000000a7700000, 0x00000000a7700000|
| 120|0x00000000a7800000, 0x00000000a7900000, 0x00000000a7900000|100%| E|CS|TS  1|AC  0|TAMS 0x00000000a7800000, 0x00000000a7800000|
| 121|0x00000000a7900000, 0x00000000a7a00000, 0x00000000a7a00000|100%| E|CS|TS  1|AC  0|TAMS 0x00000000a7900000, 0x00000000a7900000|
| 122|0x00000000a7a00000, 0x00000000a7b00000, 0x00000000a7b00000|100%| E|CS|TS  1|AC  0|TAMS 0x00000000a7a00000, 0x00000000a7a00000|
| 123|0x00000000a7b00000, 0x00000000a7c00000, 0x00000000a7c00000|100%| E|CS|TS  1|AC  0|TAMS 0x00000000a7b00000, 0x00000000a7b00000|
| 124|0x00000000a7c00000, 0x00000000a7d00000, 0x00000000a7d00000|100%| E|CS|TS  1|AC  0|TAMS 0x00000000a7c00000, 0x00000000a7c00000|
| 125|0x00000000a7d00000, 0x00000000a7e00000, 0x00000000a7e00000|100%| E|CS|TS  1|AC  0|TAMS 0x00000000a7d00000, 0x00000000a7d00000|
| 126|0x00000000a7e00000, 0x00000000a7f00000, 0x00000000a7f00000|100%| E|CS|TS  1|AC  0|TAMS 0x00000000a7e00000, 0x00000000a7e00000|
| 127|0x00000000a7f00000, 0x00000000a8000000, 0x00000000a8000000|100%| E|CS|TS  1|AC  0|TAMS 0x00000000a7f00000, 0x00000000a7f00000|
| 128|0x00000000a8000000, 0x00000000a8100000, 0x00000000a8100000|100%| E|CS|TS  1|AC  0|TAMS 0x00000000a8000000, 0x00000000a8000000|
| 129|0x00000000a8100000, 0x00000000a8200000, 0x00000000a8200000|100%| E|CS|TS  1|AC  0|TAMS 0x00000000a8100000, 0x00000000a8100000|
| 130|0x00000000a8200000, 0x00000000a8300000, 0x00000000a8300000|100%| E|CS|TS  1|AC  0|TAMS 0x00000000a8200000, 0x00000000a8200000|
| 131|0x00000000a8300000, 0x00000000a8400000, 0x00000000a8400000|100%| E|CS|TS  1|AC  0|TAMS 0x00000000a8300000, 0x00000000a8300000|

Card table byte_map: [0x000001847ec70000,0x000001847ef70000] byte_map_base: 0x000001847e770000

Marking Bits (Prev, Next): (CMBitMap*) 0x000001847210ba98, (CMBitMap*) 0x000001847210ba60
 Prev Bits: [0x0000018410800000, 0x0000018412000000)
 Next Bits: [0x000001840f000000, 0x0000018410800000)

Polling page: 0x0000018472150000

CodeHeap 'non-profiled nmethods': size=120064Kb used=1060Kb max_used=1060Kb free=119003Kb
 bounds [0x0000018407ac0000, 0x0000018407d30000, 0x000001840f000000]
CodeHeap 'profiled nmethods': size=120000Kb used=5926Kb max_used=5926Kb free=114073Kb
 bounds [0x0000018400590000, 0x0000018400b60000, 0x0000018407ac0000]
CodeHeap 'non-nmethods': size=5696Kb used=1318Kb max_used=1338Kb free=4377Kb
 bounds [0x0000018400000000, 0x0000018400270000, 0x0000018400590000]
 total_blobs=3769 nmethods=2632 adapters=435
 compilation: enabled

Compilation events (10 events):
Event: 10.416 Thread 0x000001841412d800 nmethod 2626 0x0000018400b56210 code [0x0000018400b563e0, 0x0000018400b56650]
Event: 10.416 Thread 0x000001841412d800 2628       3       java.util.Arrays::binarySearch0 (72 bytes)
Event: 10.416 Thread 0x000001841412d800 nmethod 2628 0x0000018400b56790 code [0x0000018400b56960, 0x0000018400b56c18]
Event: 10.416 Thread 0x000001841412d800 2627       3       java.util.Arrays::binarySearch (9 bytes)
Event: 10.416 Thread 0x000001841412d800 nmethod 2627 0x0000018400b56d90 code [0x0000018400b56f40, 0x0000018400b570d0]
Event: 10.416 Thread 0x000001841412d800 2630       3       org.openqa.selenium.json.JsonInput::readString (129 bytes)
Event: 10.417 Thread 0x0000018414129800 2631       4       org.openqa.selenium.json.Input::read (18 bytes)
Event: 10.418 Thread 0x000001841412d800 nmethod 2630 0x0000018400b57190 code [0x0000018400b575c0, 0x0000018400b592f0]
Event: 10.419 Thread 0x0000018414129800 nmethod 2631 0x0000018407bc8010 code [0x0000018407bc81a0, 0x0000018407bc82c8]
Event: 10.419 Thread 0x0000018414129800 2632       4       org.openqa.selenium.json.Input::append (57 bytes)

GC Heap History (10 events):
Event: 1.018 GC heap before
{Heap before GC invocations=0 (full 0):
 garbage-first heap   total 98304K, used 16384K [0x00000000a0000000, 0x00000000a0100300, 0x0000000100000000)
  region size 1024K, 14 young (14336K), 0 survivors (0K)
 Metaspace       used 10979K, capacity 11266K, committed 11520K, reserved 1058816K
  class space    used 1085K, capacity 1173K, committed 1280K, reserved 1048576K
}
Event: 1.042 GC heap after
{Heap after GC invocations=1 (full 0):
 garbage-first heap   total 98304K, used 9554K [0x00000000a0000000, 0x00000000a0100300, 0x0000000100000000)
  region size 1024K, 2 young (2048K), 2 survivors (2048K)
 Metaspace       used 10979K, capacity 11266K, committed 11520K, reserved 1058816K
  class space    used 1085K, capacity 1173K, committed 1280K, reserved 1048576K
}
Event: 1.220 GC heap before
{Heap before GC invocations=1 (full 0):
 garbage-first heap   total 98304K, used 12626K [0x00000000a0000000, 0x00000000a0100300, 0x0000000100000000)
  region size 1024K, 5 young (5120K), 2 survivors (2048K)
 Metaspace       used 11832K, capacity 12144K, committed 12288K, reserved 1060864K
  class space    used 1163K, capacity 1248K, committed 1280K, reserved 1048576K
}
Event: 1.239 GC heap after
{Heap after GC invocations=2 (full 0):
 garbage-first heap   total 98304K, used 10245K [0x00000000a0000000, 0x00000000a0100300, 0x0000000100000000)
  region size 1024K, 1 young (1024K), 1 survivors (1024K)
 Metaspace       used 11832K, capacity 12144K, committed 12288K, reserved 1060864K
  class space    used 1163K, capacity 1248K, committed 1280K, reserved 1048576K
}
Event: 1.828 GC heap before
{Heap before GC invocations=2 (full 0):
 garbage-first heap   total 98304K, used 24581K [0x00000000a0000000, 0x00000000a0100300, 0x0000000100000000)
  region size 1024K, 15 young (15360K), 1 survivors (1024K)
 Metaspace       used 14612K, capacity 14996K, committed 15232K, reserved 1062912K
  class space    used 1453K, capacity 1542K, committed 1664K, reserved 1048576K
}
Event: 1.838 GC heap after
{Heap after GC invocations=3 (full 0):
 garbage-first heap   total 98304K, used 14217K [0x00000000a0000000, 0x00000000a0100300, 0x0000000100000000)
  region size 1024K, 2 young (2048K), 2 survivors (2048K)
 Metaspace       used 14612K, capacity 14996K, committed 15232K, reserved 1062912K
  class space    used 1453K, capacity 1542K, committed 1664K, reserved 1048576K
}
Event: 2.736 GC heap before
{Heap before GC invocations=3 (full 0):
 garbage-first heap   total 98304K, used 42889K [0x00000000a0000000, 0x00000000a0100300, 0x0000000100000000)
  region size 1024K, 31 young (31744K), 2 survivors (2048K)
 Metaspace       used 20590K, capacity 21094K, committed 21296K, reserved 1069056K
  class space    used 2206K, capacity 2314K, committed 2432K, reserved 1048576K
}
Event: 2.758 GC heap after
{Heap after GC invocations=4 (full 0):
 garbage-first heap   total 98304K, used 20028K [0x00000000a0000000, 0x00000000a0100300, 0x0000000100000000)
  region size 1024K, 4 young (4096K), 4 survivors (4096K)
 Metaspace       used 20590K, capacity 21094K, committed 21296K, reserved 1069056K
  class space    used 2206K, capacity 2314K, committed 2432K, reserved 1048576K
}
Event: 4.133 GC heap before
{Heap before GC invocations=5 (full 0):
 garbage-first heap   total 98304K, used 50748K [0x00000000a0000000, 0x00000000a0100300, 0x0000000100000000)
  region size 1024K, 34 young (34816K), 4 survivors (4096K)
 Metaspace       used 27355K, capacity 28236K, committed 28416K, reserved 1075200K
  class space    used 3074K, capacity 3252K, committed 3328K, reserved 1048576K
}
Event: 4.166 GC heap after
{Heap after GC invocations=6 (full 0):
 garbage-first heap   total 135168K, used 25729K [0x00000000a0000000, 0x00000000a0100420, 0x0000000100000000)
  region size 1024K, 5 young (5120K), 5 survivors (5120K)
 Metaspace       used 27355K, capacity 28236K, committed 28416K, reserved 1075200K
  class space    used 3074K, capacity 3252K, committed 3328K, reserved 1048576K
}

Deoptimization events (10 events):
Event: 3.328 Thread 0x0000018472080000 Uncommon trap: reason=unstable_if action=reinterpret pc=0x0000018407ac9c34 method=java.lang.StringLatin1.regionMatchesCI([BI[BII)Z @ 66 c2
Event: 3.331 Thread 0x0000018472080000 Uncommon trap: reason=bimorphic_or_optimized_type_check action=maybe_recompile pc=0x0000018407b78f1c method=java.net.URL.<init>(Ljava/net/URL;Ljava/lang/String;Ljava/net/URLStreamHandler;)V @ 507 c2
Event: 3.331 Thread 0x0000018472080000 Uncommon trap: reason=unstable_if action=reinterpret pc=0x0000018407b89f50 method=java.net.URLStreamHandler.parseURL(Ljava/net/URL;Ljava/lang/String;II)V @ 155 c2
Event: 3.371 Thread 0x0000018472080000 Uncommon trap: reason=unstable_if action=reinterpret pc=0x0000018407b99258 method=java.io.ByteArrayInputStream.read([BII)I @ 63 c2
Event: 3.427 Thread 0x0000018472080000 Uncommon trap: reason=unstable_if action=reinterpret pc=0x0000018407b32c7c method=java.lang.String.replace(CC)Ljava/lang/String; @ 2 c2
Event: 3.429 Thread 0x0000018472080000 Uncommon trap: reason=bimorphic_or_optimized_type_check action=maybe_recompile pc=0x0000018407b78f1c method=java.net.URL.<init>(Ljava/net/URL;Ljava/lang/String;Ljava/net/URLStreamHandler;)V @ 507 c2
Event: 3.435 Thread 0x0000018472080000 Uncommon trap: reason=unstable_if action=reinterpret pc=0x0000018407b2cc8c method=jdk.internal.org.objectweb.asm.Type.getArgumentsAndReturnSizes(Ljava/lang/String;)I @ 88 c2
Event: 4.351 Thread 0x0000018472080000 Uncommon trap: reason=class_check action=maybe_recompile pc=0x0000018407b7b140 method=java.util.HashSet.contains(Ljava/lang/Object;)Z @ 5 c2
Event: 4.351 Thread 0x0000018472080000 Uncommon trap: reason=class_check action=maybe_recompile pc=0x0000018407b7b140 method=java.util.HashSet.contains(Ljava/lang/Object;)Z @ 5 c2
Event: 9.674 Thread 0x0000018472080000 Uncommon trap: reason=class_check action=maybe_recompile pc=0x0000018407b379dc method=java.util.concurrent.ConcurrentHashMap.putVal(Ljava/lang/Object;Ljava/lang/Object;Z)Ljava/lang/Object; @ 242 c2

Classes redefined (0 events):
No events

Internal exceptions (10 events):
Event: 4.086 Thread 0x0000018472080000 Exception <a 'java/lang/NoSuchMethodError'{0x00000000a44e8370}: method resolution failed> (0x00000000a44e8370) thrown at [t:/workspace/hotspot/src/share/vm/prims/methodHandles.cpp, line 1256]
Event: 4.193 Thread 0x0000018472080000 Exception <a 'java/lang/NoSuchMethodError'{0x00000000a8237238}: method resolution failed> (0x00000000a8237238) thrown at [t:/workspace/hotspot/src/share/vm/prims/methodHandles.cpp, line 1256]
Event: 4.203 Thread 0x0000018472080000 Exception <a 'java/lang/NoSuchMethodError'{0x00000000a825a568}: java.lang.invoke.DirectMethodHandle$Holder.invokeStatic(Ljava/lang/Object;Ljava/lang/Object;Ljava/lang/Object;Ljava/lang/Object;Ljava/lang/Object;)V> (0x00000000a825a568) thrown at [t:/worksp
Event: 4.324 Thread 0x0000018472080000 Exception <a 'java/lang/NoSuchMethodError'{0x00000000a7dbc758}: java.lang.invoke.DirectMethodHandle$Holder.invokeStatic(Ljava/lang/Object;Ljava/lang/Object;Ljava/lang/Object;Ljava/lang/Object;)V> (0x00000000a7dbc758) thrown at [t:/workspace/hotspot/src/sh
Event: 6.323 Thread 0x0000018472080000 Exception <a 'java/lang/NoSuchMethodError'{0x00000000a7a94748}: java.lang.Object.lambda$getResponseFunction$0(Lorg/openqa/selenium/remote/InitialHandshakeResponse;)Lorg/openqa/selenium/remote/ProtocolHandshake$Result;> (0x00000000a7a94748) thrown at [t:/w
Event: 6.346 Thread 0x0000018472080000 Exception <a 'java/lang/ClassNotFoundException'{0x00000000a7adfcb0}: sun/util/logging/resources/spi/loggingProvider> (0x00000000a7adfcb0) thrown at [t:/workspace/hotspot/src/share/vm/classfile/systemDictionary.cpp, line 218]
Event: 6.384 Thread 0x0000018472080000 Exception <a 'java/net/SocketTimeoutException'{0x00000000a7847bb8}: Read timed out> (0x00000000a7847bb8) thrown at [t:/workspace/hotspot/src/share/vm/prims/jni.cpp, line 625]
Event: 8.417 Thread 0x0000018472080000 Exception <a 'java/net/SocketTimeoutException'{0x00000000a788c290}: Read timed out> (0x00000000a788c290) thrown at [t:/workspace/hotspot/src/share/vm/prims/jni.cpp, line 625]
Event: 9.603 Thread 0x0000018472080000 Exception <a 'java/net/SocketTimeoutException'{0x00000000a78a72b8}: Read timed out> (0x00000000a78a72b8) thrown at [t:/workspace/hotspot/src/share/vm/prims/jni.cpp, line 625]
Event: 9.636 Thread 0x0000018472080000 Exception <a 'java/lang/NoSuchMethodError'{0x00000000a78d3238}: java.lang.Object.lambda$static$0(Ljava/time/Duration;)V> (0x00000000a78d3238) thrown at [t:/workspace/hotspot/src/share/vm/interpreter/linkResolver.cpp, line 731]

Events (10 events):
Event: 9.689 loading class org/testng/internal/EclipseInterface
Event: 9.689 loading class org/testng/internal/EclipseInterface done
Event: 9.690 loading class org/openqa/selenium/OutputType
Event: 9.690 loading class org/openqa/selenium/OutputType done
Event: 9.691 loading class org/openqa/selenium/OutputType$1
Event: 9.691 loading class org/openqa/selenium/OutputType$1 done
Event: 9.691 loading class org/openqa/selenium/OutputType$2
Event: 9.691 loading class org/openqa/selenium/OutputType$2 done
Event: 9.692 loading class org/openqa/selenium/OutputType$3
Event: 9.692 loading class org/openqa/selenium/OutputType$3 done


Dynamic libraries:
0x00007ff601460000 - 0x00007ff60149e000 	C:\Program Files\Java\jdk-9.0.4\bin\javaw.exe
0x00007ffe478d0000 - 0x00007ffe47ab1000 	C:\WINDOWS\SYSTEM32\ntdll.dll
0x00007ffe47550000 - 0x00007ffe47601000 	C:\WINDOWS\System32\KERNEL32.DLL
0x00007ffe443a0000 - 0x00007ffe44613000 	C:\WINDOWS\System32\KERNELBASE.dll
0x00007ffe46060000 - 0x00007ffe46101000 	C:\WINDOWS\System32\ADVAPI32.dll
0x00007ffe44d30000 - 0x00007ffe44dce000 	C:\WINDOWS\System32\msvcrt.dll
0x00007ffe45ff0000 - 0x00007ffe4604b000 	C:\WINDOWS\System32\sechost.dll
0x00007ffe45d50000 - 0x00007ffe45e74000 	C:\WINDOWS\System32\RPCRT4.dll
0x00007ffe47610000 - 0x00007ffe477a0000 	C:\WINDOWS\System32\USER32.dll
0x00007ffe44190000 - 0x00007ffe441b0000 	C:\WINDOWS\System32\win32u.dll
0x00007ffe453a0000 - 0x00007ffe453c8000 	C:\WINDOWS\System32\GDI32.dll
0x00007ffe44200000 - 0x00007ffe44391000 	C:\WINDOWS\System32\gdi32full.dll
0x00007ffe43df0000 - 0x00007ffe43e8f000 	C:\WINDOWS\System32\msvcp_win.dll
0x00007ffe43c70000 - 0x00007ffe43d68000 	C:\WINDOWS\System32\ucrtbase.dll
0x00007ffe3a650000 - 0x00007ffe3a8b9000 	C:\WINDOWS\WinSxS\amd64_microsoft.windows.common-controls_6595b64144ccf1df_6.0.17134.885_none_fb42a3473065565f\COMCTL32.dll
0x00007ffe453d0000 - 0x00007ffe456f2000 	C:\WINDOWS\System32\combase.dll
0x00007ffe43d70000 - 0x00007ffe43de9000 	C:\WINDOWS\System32\bcryptPrimitives.dll
0x00007ffe3f060000 - 0x00007ffe3f06a000 	C:\WINDOWS\SYSTEM32\VERSION.dll
0x00007ffe44dd0000 - 0x00007ffe44dfd000 	C:\WINDOWS\System32\IMM32.DLL
0x00007ffe202f0000 - 0x00007ffe203df000 	C:\Program Files\Java\jdk-9.0.4\bin\msvcr120.dll
0x00007ffe20150000 - 0x00007ffe201f6000 	C:\Program Files\Java\jdk-9.0.4\bin\msvcp120.dll
0x00000000729c0000 - 0x00000000733e5000 	C:\Program Files\Java\jdk-9.0.4\bin\server\jvm.dll
0x00007ffe45fe0000 - 0x00007ffe45fe8000 	C:\WINDOWS\System32\PSAPI.DLL
0x00007ffe41d40000 - 0x00007ffe41d63000 	C:\WINDOWS\SYSTEM32\WINMM.dll
0x00007ffe22df0000 - 0x00007ffe22df9000 	C:\WINDOWS\SYSTEM32\WSOCK32.dll
0x00007ffe45700000 - 0x00007ffe4576c000 	C:\WINDOWS\System32\WS2_32.dll
0x00007ffe41d10000 - 0x00007ffe41d3a000 	C:\WINDOWS\SYSTEM32\WINMMBASE.dll
0x00007ffe441b0000 - 0x00007ffe441f9000 	C:\WINDOWS\System32\cfgmgr32.dll
0x00007ffe381c0000 - 0x00007ffe381cf000 	C:\Program Files\Java\jdk-9.0.4\bin\verify.dll
0x00007ffe38010000 - 0x00007ffe38037000 	C:\Program Files\Java\jdk-9.0.4\bin\java.dll
0x00007ffe34140000 - 0x00007ffe34156000 	C:\Program Files\Java\jdk-9.0.4\bin\zip.dll
0x00007ffe381b0000 - 0x00007ffe381ba000 	C:\Program Files\Java\jdk-9.0.4\bin\jimage.dll
0x00007ffe46110000 - 0x00007ffe47550000 	C:\WINDOWS\System32\SHELL32.dll
0x00007ffe45bc0000 - 0x00007ffe45c69000 	C:\WINDOWS\System32\shcore.dll
0x00007ffe44620000 - 0x00007ffe44d2d000 	C:\WINDOWS\System32\windows.storage.dll
0x00007ffe45f80000 - 0x00007ffe45fd1000 	C:\WINDOWS\System32\shlwapi.dll
0x00007ffe43bd0000 - 0x00007ffe43be1000 	C:\WINDOWS\System32\kernel.appcore.dll
0x00007ffe43c50000 - 0x00007ffe43c6f000 	C:\WINDOWS\System32\profapi.dll
0x00007ffe43bf0000 - 0x00007ffe43c3c000 	C:\WINDOWS\System32\powrprof.dll
0x00007ffe43c40000 - 0x00007ffe43c4a000 	C:\WINDOWS\System32\FLTLIB.DLL
0x00007ffe34120000 - 0x00007ffe3413a000 	C:\Program Files\Java\jdk-9.0.4\bin\net.dll
0x00007ffe3f280000 - 0x00007ffe3f35d000 	C:\WINDOWS\SYSTEM32\WINHTTP.dll
0x00007ffe43430000 - 0x00007ffe43496000 	C:\WINDOWS\system32\mswsock.dll
0x00007ffe34090000 - 0x00007ffe340a1000 	C:\Program Files\Java\jdk-9.0.4\bin\nio.dll
0x00007ffe43200000 - 0x00007ffe432be000 	C:\WINDOWS\SYSTEM32\DNSAPI.dll
0x00007ffe45100000 - 0x00007ffe45108000 	C:\WINDOWS\System32\NSI.dll
0x00007ffe431c0000 - 0x00007ffe431f8000 	C:\WINDOWS\SYSTEM32\IPHLPAPI.DLL
0x00007ffe3cc00000 - 0x00007ffe3cc0a000 	C:\Windows\System32\rasadhlp.dll
0x00007ffe3a5d0000 - 0x00007ffe3a642000 	C:\WINDOWS\System32\fwpuclnt.dll
0x00007ffe43710000 - 0x00007ffe43735000 	C:\WINDOWS\SYSTEM32\bcrypt.dll
0x00007ffe435e0000 - 0x00007ffe435f7000 	C:\WINDOWS\SYSTEM32\CRYPTSP.dll
0x00007ffe42fc0000 - 0x00007ffe42ff3000 	C:\WINDOWS\system32\rsaenh.dll
0x00007ffe43ae0000 - 0x00007ffe43b08000 	C:\WINDOWS\SYSTEM32\USERENV.dll
0x00007ffe43600000 - 0x00007ffe4360b000 	C:\WINDOWS\SYSTEM32\CRYPTBASE.dll
0x00007ffe3d930000 - 0x00007ffe3d946000 	C:\WINDOWS\SYSTEM32\dhcpcsvc6.DLL
0x00007ffe3d910000 - 0x00007ffe3d92a000 	C:\WINDOWS\SYSTEM32\dhcpcsvc.DLL
0x00007ffe40640000 - 0x00007ffe40656000 	C:\WINDOWS\system32\napinsp.dll
0x00007ffe37600000 - 0x00007ffe3761a000 	C:\WINDOWS\system32\pnrpnsp.dll
0x00007ffe40520000 - 0x00007ffe40539000 	C:\WINDOWS\system32\NLAapi.dll
0x00007ffe40630000 - 0x00007ffe4063e000 	C:\WINDOWS\System32\winrnr.dll
0x00007ffe34020000 - 0x00007ffe3402b000 	C:\Program Files\Java\jdk-9.0.4\bin\sunmscapi.dll
0x00007ffe43fa0000 - 0x00007ffe44182000 	C:\WINDOWS\System32\CRYPT32.dll
0x00007ffe43bb0000 - 0x00007ffe43bc2000 	C:\WINDOWS\System32\MSASN1.dll
0x00007ffe30fa0000 - 0x00007ffe30fc3000 	C:\Program Files\Java\jdk-9.0.4\bin\sunec.dll
0x00007ffe33e40000 - 0x00007ffe34009000 	C:\WINDOWS\SYSTEM32\dbghelp.dll

VM Arguments:
jvm_args: -ea -Dfile.encoding=Cp1252 
java_command: org.testng.remote.RemoteTestNG -serport 52352 -protocol json -d C:\Users\TB-DB\git\DDFramework\DDFramework\test-output C:\Users\TB-DB\git\DDFramework\DDFramework\src\test\resources\runner\testng.xml
java_class_path (initial): D:\New_selenium\eclipse-java-oxygen-3a-win32-x86_64\eclipse\configuration\org.eclipse.osgi\513\0\.cp\lib\testng-remote.jar;C:\Users\TB-DB\git\DDFramework\DDFramework\target\test-classes;C:\Users\TB-DB\git\DDFramework\DDFramework\target\classes;D:\New_selenium\eclipse-java-oxygen-3a-win32-x86_64\eclipse\plugins\org.testng_6.14.3.r201802240500.jar;D:\New_selenium\eclipse-java-oxygen-3a-win32-x86_64\eclipse\plugins\com.beust.jcommander_1.72.0.jar;D:\New_selenium\eclipse-java-oxygen-3a-win32-x86_64\eclipse\plugins\org.apache-extras.beanshell.bsh_2.0.0.b6.jar;D:\New_selenium\eclipse-java-oxygen-3a-win32-x86_64\eclipse\plugins\org.yaml.snakeyaml_1.17.0.jar;D:\LatestSeleniumSoftwares\poi-bin-4.1.0-20190412\poi-4.1.0\poi-4.1.0.jar;D:\LatestSeleniumSoftwares\poi-bin-4.1.0-20190412\poi-4.1.0\poi-examples-4.1.0.jar;D:\LatestSeleniumSoftwares\poi-bin-4.1.0-20190412\poi-4.1.0\poi-excelant-4.1.0.jar;D:\LatestSeleniumSoftwares\poi-bin-4.1.0-20190412\poi-4.1.0\poi-ooxml-4.1.0.jar;D:\LatestSeleniumSoftwares\poi-bin-4.1.0-20190412\poi-4.1.0\poi-ooxml-schemas-4.1.0.jar;D:\LatestSeleniumSoftwares\poi-bin-4.1.0-20190412\poi-4.1.0\poi-scratchpad-4.1.0.jar;D:\LatestSeleniumSoftwares\poi-bin-4.1.0-20190412\poi-4.1.0\ooxml-lib\curvesapi-1.06.jar;D:\LatestSeleniumSoftwares\poi-bin-4.1.0-20190412\poi-4.1.0\ooxml-lib\xmlbeans-3.1.0.jar;D:\LatestSeleniumSoftwares\poi-bin-4.1.0-20190412\poi-4.1.0\lib\activation-1.1.1.jar;D:\LatestSeleniumSoftwares\poi-bin-4.1.0-20190412\poi-4.1.0\lib\commons-codec-1.12.jar;D:\LatestSeleniumSoftwares\poi-bin-4.1.0-20190412\poi-4.1.0\lib\commons-collections4-4.3.jar;D:\LatestSeleniumSoftwares\poi-bin-4.1.0-20190412\poi-4.1.0\lib\commons-compress-1.18.jar;D:\LatestSeleniumSoftwares\poi-bin-4.1.0-20190412\poi-4.1.0\lib\commons-logging-1.2.jar;D:\LatestSeleniumSoftwares\poi-bin-4.1.0-20190412\poi-4.1.0\lib\commons-math3-3.6.1.jar;D:\LatestSeleniumSoftwares\poi-bin-4.1.0-20190412\poi-4.1.0\lib\jaxb-api-2.3.0.jar;D:\LatestSeleniumSoftwares\
Launcher Type: SUN_STANDARD

Logging:
Log output configuration:
#0: stdout all=warning uptime,level,tags
#1: stderr all=off uptime,level,tags

Environment Variables:
JAVA_HOME=C:\Program Files\Java\jdk-8
PATH=C:/Program Files/Java/jdk-8/bin/../jre/bin/server;C:/Program Files/Java/jdk-8/bin/../jre/bin;C:/Program Files/Java/jdk-8/bin/../jre/lib/amd64;"C:\Windows\System32;C:\Program Files\Java\jdk-8\bin";C:\Program Files\Java\jdk-8\bin;C:\WINDOWS\system32;C:\WINDOWS;C:\WINDOWS\System32\Wbem;C:\WINDOWS\System32\WindowsPowerShell\v1.0\;C:\WINDOWS\System32\OpenSSH\;C:\Program Files\Microsoft VS Code\bin;D:\wamp64\bin\php\php7.1.9;C:\ProgramData\ComposerSetup\bin;D:\LatestSeleniumSoftwares\apache-maven-3.6.0-bin\apache-maven-3.6.0\bin;C:\Program Files\Git\cmd;D:\LatestSeleniumSoftwares\apache-ant-1.10.5-bin\apache-ant-1.10.5\bin;D:\wamp64\bin\php\php7.1.9;C:\Users\TB-DB\AppData\Roaming\Composer\vendor\bin;;D:\New_selenium\eclipse-java-oxygen-3a-win32-x86_64\eclipse;
USERNAME=TB-DB
OS=Windows_NT
PROCESSOR_IDENTIFIER=Intel64 Family 6 Model 15 Stepping 11, GenuineIntel



---------------  S Y S T E M  ---------------

OS: Windows 10 , 64 bit Build 17134 (10.0.17134.753)

CPU:total 4 (initial active 4) (4 cores per cpu, 1 threads per core) family 6 model 15 stepping 11, cmov, cx8, fxsr, mmx, sse, sse2, sse3, ssse3, tsc

Memory: 4k page, physical 6289700k(1474000k free), swap 7862564k(1433484k free)

vm_info: Java HotSpot(TM) 64-Bit Server VM (9.0.4+11) for windows-amd64 JRE (9.0.4+11), built on Dec 20 2017 02:18:54 by "mach5one" with MS VC++ 12.0 (VS2013)

END.
