#
# A fatal error has been detected by the Java Runtime Environment:
#
#  EXCEPTION_ACCESS_VIOLATION (0xc0000005) at pc=0x000001d41df38200, pid=6232, tid=10972
#
# JRE version: Java(TM) SE Runtime Environment (9.0+11) (build 9.0.4+11)
# Java VM: Java HotSpot(TM) 64-Bit Server VM (9.0.4+11, mixed mode, tiered, compressed oops, g1 gc, windows-amd64)
# Problematic frame:
# C  0x000001d41df38200
#
# No core dump will be written. Minidumps are not enabled by default on client versions of Windows
#
# If you would like to submit a bug report, please visit:
#   http://bugreport.java.com/bugreport/crash.jsp
#

---------------  S U M M A R Y ------------

Command Line: -ea -Dfile.encoding=Cp1252 org.testng.remote.RemoteTestNG -serport 50807 -protocol json -d C:\Users\TB-DB\eclipse-workspace\DDFramework\test-output C:\Users\TB-DB\eclipse-workspace\DDFramework\src\test\resources\runner\testng.xml

Host: Intel(R) Core(TM)2 Quad CPU    Q6600  @ 2.40GHz, 4 cores, 5G,  Windows 10 , 64 bit Build 17134 (10.0.17134.753)
Time: Wed Jul 31 11:59:16 2019 India Standard Time elapsed time: 0 seconds (0d 0h 0m 0s)

---------------  T H R E A D  ---------------

Current thread (0x000001d481010000):  JavaThread "main" [_thread_in_Java, id=10972, stack(0x0000005ad4c00000,0x0000005ad4d00000)]

Stack: [0x0000005ad4c00000,0x0000005ad4d00000],  sp=0x0000005ad4cfb218,  free space=1004k
Native frames: (J=compiled Java code, j=interpreted, Vv=VM code, C=native code)
C  0x000001d41df38200


siginfo: EXCEPTION_ACCESS_VIOLATION (0xc0000005), data execution prevention violation at address 0x000001d41df38200


Register to memory mapping:

RIP=0x000001d41df38200 is an unknown value
RAX={method} {0x000001d4a2b15738} 'CENCOM' '([BI)I' in 'java/util/zip/ZipUtils'
RBX={method} {0x000001d4a2b15738} 'CENCOM' '([BI)I' in 'java/util/zip/ZipUtils'
RCX=0x000001d4a2ac5960 is pointing into metadata
RDX=0x00000000a0000000 is an oop
[B 
{0x00000000a0000000} - klass: {type array byte}
 - length: 974306
RSP=0x0000005ad4cfb218 is pointing into the stack for thread: 0x000001d481010000
RBP=0x0000005ad4cfb280 is pointing into the stack for thread: 0x000001d481010000
RSI=0x000001d4a2ba5ac0 is pointing into metadata
RDI=0x0000000000000178 is an unknown value
R8 =0x00000000000a332e is an unknown value
R9 =0x00000000000edde2 is an unknown value
R10=0x0000000063b87bc0 jvm.dll
R11=0x000001d48d51b6c0 is at entry_point+0 in (nmethod*)0x000001d48d51b510
R12=0x0000000000000000 is an unknown value
R13=0x0000005ad4cfb228 is pointing into the stack for thread: 0x000001d481010000
R14=0x0000005ad4cfb2f8 is pointing into the stack for thread: 0x000001d481010000
R15=0x000001d481010000 is a thread


Registers:
RAX=0x000001d4a2b15730, RBX=0x000001d4a2b15730, RCX=0x000001d4a2ac5960, RDX=0x00000000a0000000
RSP=0x0000005ad4cfb218, RBP=0x0000005ad4cfb280, RSI=0x000001d4a2ba5ac0, RDI=0x0000000000000178
R8 =0x00000000000a332e, R9 =0x00000000000edde2, R10=0x0000000063b87bc0, R11=0x000001d48d51b6c0
R12=0x0000000000000000, R13=0x0000005ad4cfb228, R14=0x0000005ad4cfb2f8, R15=0x000001d481010000
RIP=0x000001d41df38200, EFLAGS=0x0000000000010202

Top of Stack: (sp=0x0000005ad4cfb218)
0x0000005ad4cfb218:   000001d48cf3b040 000001d48cf3b040
0x0000005ad4cfb228:   00000000000a332e 00000000a0000000
0x0000005ad4cfb238:   0000005ad4cfb238 000001d4a2ac49a1
0x0000005ad4cfb248:   0000005ad4cfb2f8 000001d4a2ac5960
0x0000005ad4cfb258:   0000000000000000 00000000a5eee530
0x0000005ad4cfb268:   000001d4a2ac4be8 0000005ad4cfb228
0x0000005ad4cfb278:   0000005ad4cfb2f0 0000005ad4cfb348
0x0000005ad4cfb288:   000001d48cf3b603 0000000000000000
0x0000005ad4cfb298:   0000000000000000 000000000000005c
0x0000005ad4cfb2a8:   0000000000000008 00000000000eddcc
0x0000005ad4cfb2b8:   00000000000a332e 00000000000008bb
0x0000005ad4cfb2c8:   000000000000146e 00000000a5bd4870
0x0000005ad4cfb2d8:   00000000000020f7 000000005efa83b3
0x0000005ad4cfb2e8:   0000000000003d4a 00000000ffffffff
0x0000005ad4cfb2f8:   00000000a5bd46f8 0000005ad4cfb300
0x0000005ad4cfb308:   000001d4a2ac3e4c 0000005ad4cfb378 

Instructions: (pc=0x000001d41df38200)
0x000001d41df381e0:   
[error occurred during error reporting (printing registers, top of stack, instructions near pc), id 0xc0000005]


---------------  P R O C E S S  ---------------

Java Threads: ( => current thread )
  0x000001d4a33a7800 JavaThread "Service Thread" daemon [_thread_blocked, id=8200, stack(0x0000005ad6200000,0x0000005ad6300000)]
  0x000001d4a3101000 JavaThread "Common-Cleaner" daemon [_thread_blocked, id=6080, stack(0x0000005ad6100000,0x0000005ad6200000)]
  0x000001d4a305a000 JavaThread "Sweeper thread" daemon [_thread_blocked, id=3852, stack(0x0000005ad6000000,0x0000005ad6100000)]
  0x000001d4a304d000 JavaThread "C1 CompilerThread2" daemon [_thread_blocked, id=6452, stack(0x0000005ad5f00000,0x0000005ad6000000)]
  0x000001d4a3049000 JavaThread "C2 CompilerThread1" daemon [_thread_blocked, id=5168, stack(0x0000005ad5e00000,0x0000005ad5f00000)]
  0x000001d4a3044800 JavaThread "C2 CompilerThread0" daemon [_thread_blocked, id=3416, stack(0x0000005ad5d00000,0x0000005ad5e00000)]
  0x000001d4a303a000 JavaThread "Attach Listener" daemon [_thread_blocked, id=2072, stack(0x0000005ad5c00000,0x0000005ad5d00000)]
  0x000001d4a3039800 JavaThread "Signal Dispatcher" daemon [_thread_blocked, id=5052, stack(0x0000005ad5b00000,0x0000005ad5c00000)]
  0x000001d4a2fe5000 JavaThread "Finalizer" daemon [_thread_blocked, id=7324, stack(0x0000005ad5a00000,0x0000005ad5b00000)]
  0x000001d4a2fda800 JavaThread "Reference Handler" daemon [_thread_blocked, id=4308, stack(0x0000005ad5900000,0x0000005ad5a00000)]
=>0x000001d481010000 JavaThread "main" [_thread_in_Java, id=10972, stack(0x0000005ad4c00000,0x0000005ad4d00000)]

Other Threads:
  0x000001d4a2fd8000 VMThread "VM Thread" [stack: 0x0000005ad5800000,0x0000005ad5900000] [id=10956]
  0x000001d4a33ac800 WatcherThread [stack: 0x0000005ad6300000,0x0000005ad6400000] [id=2532]
  0x000001d481028800 GCTaskThread "GC Thread#0" [stack: 0x0000005ad4d00000,0x0000005ad4e00000] [id=8756]
  0x000001d48102a000 GCTaskThread "GC Thread#1" [stack: 0x0000005ad4e00000,0x0000005ad4f00000] [id=10948]
  0x000001d48102c800 GCTaskThread "GC Thread#2" [stack: 0x0000005ad4f00000,0x0000005ad5000000] [id=1692]
  0x000001d481037000 GCTaskThread "GC Thread#3" [stack: 0x0000005ad5000000,0x0000005ad5100000] [id=2612]
  0x000001d48109d000 ConcurrentGCThread "G1 Main Marker" [stack: 0x0000005ad5600000,0x0000005ad5700000] [id=3912]
  0x000001d481034000 ConcurrentGCThread "G1 Marker#0" [stack: 0x0000005ad5700000,0x0000005ad5800000] [id=3868]
  0x000001d48104d000 ConcurrentGCThread "G1 Refine#0" [stack: 0x0000005ad5400000,0x0000005ad5500000] [id=3484]
  0x000001d481047800 ConcurrentGCThread "G1 Refine#1" [stack: 0x0000005ad5300000,0x0000005ad5400000] [id=3924]
  0x000001d481042000 ConcurrentGCThread "G1 Refine#2" [stack: 0x0000005ad5200000,0x0000005ad5300000] [id=11204]
  0x000001d48103e000 ConcurrentGCThread "G1 Refine#3" [stack: 0x0000005ad5100000,0x0000005ad5200000] [id=8036]
  0x000001d48104e000 ConcurrentGCThread "G1 Young RemSet Sampling" [stack: 0x0000005ad5500000,0x0000005ad5600000] [id=10688]

Threads with active compile tasks:

VM state:not at safepoint (normal execution)

VM Mutex/Monitor currently owned by a thread: None

Heap address: 0x00000000a0000000, size: 1536 MB, Compressed Oops mode: 32-bit
Narrow klass base: 0x0000000000000000, Narrow klass shift: 3
Compressed class space size: 1073741824 Address: 0x0000000100000000

Heap:
 garbage-first heap   total 98304K, used 6144K [0x00000000a0000000, 0x00000000a0100300, 0x0000000100000000)
  region size 1024K, 6 young (6144K), 0 survivors (0K)
 Metaspace       used 7394K, capacity 7526K, committed 7680K, reserved 1056768K
  class space    used 682K, capacity 719K, committed 768K, reserved 1048576K
Heap Regions: E=young(eden), S=young(survivor), O=old, HS=humongous(starts), HC=humongous(continues), CS=collection set, F=free, A=archive, TS=gc time stamp, AC=allocation context, TAMS=top-at-mark-start (previous, next)
|   0|0x00000000a0000000, 0x00000000a0100000, 0x00000000a0100000|100%|HS|  |TS  0|AC  0|TAMS 0x00000000a0000000, 0x00000000a0000000|
|   1|0x00000000a0100000, 0x00000000a0100000, 0x00000000a0200000|  0%| F|  |TS  0|AC  0|TAMS 0x00000000a0100000, 0x00000000a0100000|
|   2|0x00000000a0200000, 0x00000000a0200000, 0x00000000a0300000|  0%| F|  |TS  0|AC  0|TAMS 0x00000000a0200000, 0x00000000a0200000|
|   3|0x00000000a0300000, 0x00000000a0300000, 0x00000000a0400000|  0%| F|  |TS  0|AC  0|TAMS 0x00000000a0300000, 0x00000000a0300000|
|   4|0x00000000a0400000, 0x00000000a0400000, 0x00000000a0500000|  0%| F|  |TS  0|AC  0|TAMS 0x00000000a0400000, 0x00000000a0400000|
|   5|0x00000000a0500000, 0x00000000a0500000, 0x00000000a0600000|  0%| F|  |TS  0|AC  0|TAMS 0x00000000a0500000, 0x00000000a0500000|
|   6|0x00000000a0600000, 0x00000000a0600000, 0x00000000a0700000|  0%| F|  |TS  0|AC  0|TAMS 0x00000000a0600000, 0x00000000a0600000|
|   7|0x00000000a0700000, 0x00000000a0700000, 0x00000000a0800000|  0%| F|  |TS  0|AC  0|TAMS 0x00000000a0700000, 0x00000000a0700000|
|   8|0x00000000a0800000, 0x00000000a0800000, 0x00000000a0900000|  0%| F|  |TS  0|AC  0|TAMS 0x00000000a0800000, 0x00000000a0800000|
|   9|0x00000000a0900000, 0x00000000a0900000, 0x00000000a0a00000|  0%| F|  |TS  0|AC  0|TAMS 0x00000000a0900000, 0x00000000a0900000|
|  10|0x00000000a0a00000, 0x00000000a0a00000, 0x00000000a0b00000|  0%| F|  |TS  0|AC  0|TAMS 0x00000000a0a00000, 0x00000000a0a00000|
|  11|0x00000000a0b00000, 0x00000000a0b00000, 0x00000000a0c00000|  0%| F|  |TS  0|AC  0|TAMS 0x00000000a0b00000, 0x00000000a0b00000|
|  12|0x00000000a0c00000, 0x00000000a0c00000, 0x00000000a0d00000|  0%| F|  |TS  0|AC  0|TAMS 0x00000000a0c00000, 0x00000000a0c00000|
|  13|0x00000000a0d00000, 0x00000000a0d00000, 0x00000000a0e00000|  0%| F|  |TS  0|AC  0|TAMS 0x00000000a0d00000, 0x00000000a0d00000|
|  14|0x00000000a0e00000, 0x00000000a0e00000, 0x00000000a0f00000|  0%| F|  |TS  0|AC  0|TAMS 0x00000000a0e00000, 0x00000000a0e00000|
|  15|0x00000000a0f00000, 0x00000000a0f00000, 0x00000000a1000000|  0%| F|  |TS  0|AC  0|TAMS 0x00000000a0f00000, 0x00000000a0f00000|
|  16|0x00000000a1000000, 0x00000000a1000000, 0x00000000a1100000|  0%| F|  |TS  0|AC  0|TAMS 0x00000000a1000000, 0x00000000a1000000|
|  17|0x00000000a1100000, 0x00000000a1100000, 0x00000000a1200000|  0%| F|  |TS  0|AC  0|TAMS 0x00000000a1100000, 0x00000000a1100000|
|  18|0x00000000a1200000, 0x00000000a1200000, 0x00000000a1300000|  0%| F|  |TS  0|AC  0|TAMS 0x00000000a1200000, 0x00000000a1200000|
|  19|0x00000000a1300000, 0x00000000a1300000, 0x00000000a1400000|  0%| F|  |TS  0|AC  0|TAMS 0x00000000a1300000, 0x00000000a1300000|
|  20|0x00000000a1400000, 0x00000000a1400000, 0x00000000a1500000|  0%| F|  |TS  0|AC  0|TAMS 0x00000000a1400000, 0x00000000a1400000|
|  21|0x00000000a1500000, 0x00000000a1500000, 0x00000000a1600000|  0%| F|  |TS  0|AC  0|TAMS 0x00000000a1500000, 0x00000000a1500000|
|  22|0x00000000a1600000, 0x00000000a1600000, 0x00000000a1700000|  0%| F|  |TS  0|AC  0|TAMS 0x00000000a1600000, 0x00000000a1600000|
|  23|0x00000000a1700000, 0x00000000a1700000, 0x00000000a1800000|  0%| F|  |TS  0|AC  0|TAMS 0x00000000a1700000, 0x00000000a1700000|
|  24|0x00000000a1800000, 0x00000000a1800000, 0x00000000a1900000|  0%| F|  |TS  0|AC  0|TAMS 0x00000000a1800000, 0x00000000a1800000|
|  25|0x00000000a1900000, 0x00000000a1900000, 0x00000000a1a00000|  0%| F|  |TS  0|AC  0|TAMS 0x00000000a1900000, 0x00000000a1900000|
|  26|0x00000000a1a00000, 0x00000000a1a00000, 0x00000000a1b00000|  0%| F|  |TS  0|AC  0|TAMS 0x00000000a1a00000, 0x00000000a1a00000|
|  27|0x00000000a1b00000, 0x00000000a1b00000, 0x00000000a1c00000|  0%| F|  |TS  0|AC  0|TAMS 0x00000000a1b00000, 0x00000000a1b00000|
|  28|0x00000000a1c00000, 0x00000000a1c00000, 0x00000000a1d00000|  0%| F|  |TS  0|AC  0|TAMS 0x00000000a1c00000, 0x00000000a1c00000|
|  29|0x00000000a1d00000, 0x00000000a1d00000, 0x00000000a1e00000|  0%| F|  |TS  0|AC  0|TAMS 0x00000000a1d00000, 0x00000000a1d00000|
|  30|0x00000000a1e00000, 0x00000000a1e00000, 0x00000000a1f00000|  0%| F|  |TS  0|AC  0|TAMS 0x00000000a1e00000, 0x00000000a1e00000|
|  31|0x00000000a1f00000, 0x00000000a1f00000, 0x00000000a2000000|  0%| F|  |TS  0|AC  0|TAMS 0x00000000a1f00000, 0x00000000a1f00000|
|  32|0x00000000a2000000, 0x00000000a2000000, 0x00000000a2100000|  0%| F|  |TS  0|AC  0|TAMS 0x00000000a2000000, 0x00000000a2000000|
|  33|0x00000000a2100000, 0x00000000a2100000, 0x00000000a2200000|  0%| F|  |TS  0|AC  0|TAMS 0x00000000a2100000, 0x00000000a2100000|
|  34|0x00000000a2200000, 0x00000000a2200000, 0x00000000a2300000|  0%| F|  |TS  0|AC  0|TAMS 0x00000000a2200000, 0x00000000a2200000|
|  35|0x00000000a2300000, 0x00000000a2300000, 0x00000000a2400000|  0%| F|  |TS  0|AC  0|TAMS 0x00000000a2300000, 0x00000000a2300000|
|  36|0x00000000a2400000, 0x00000000a2400000, 0x00000000a2500000|  0%| F|  |TS  0|AC  0|TAMS 0x00000000a2400000, 0x00000000a2400000|
|  37|0x00000000a2500000, 0x00000000a2500000, 0x00000000a2600000|  0%| F|  |TS  0|AC  0|TAMS 0x00000000a2500000, 0x00000000a2500000|
|  38|0x00000000a2600000, 0x00000000a2600000, 0x00000000a2700000|  0%| F|  |TS  0|AC  0|TAMS 0x00000000a2600000, 0x00000000a2600000|
|  39|0x00000000a2700000, 0x00000000a2700000, 0x00000000a2800000|  0%| F|  |TS  0|AC  0|TAMS 0x00000000a2700000, 0x00000000a2700000|
|  40|0x00000000a2800000, 0x00000000a2800000, 0x00000000a2900000|  0%| F|  |TS  0|AC  0|TAMS 0x00000000a2800000, 0x00000000a2800000|
|  41|0x00000000a2900000, 0x00000000a2900000, 0x00000000a2a00000|  0%| F|  |TS  0|AC  0|TAMS 0x00000000a2900000, 0x00000000a2900000|
|  42|0x00000000a2a00000, 0x00000000a2a00000, 0x00000000a2b00000|  0%| F|  |TS  0|AC  0|TAMS 0x00000000a2a00000, 0x00000000a2a00000|
|  43|0x00000000a2b00000, 0x00000000a2b00000, 0x00000000a2c00000|  0%| F|  |TS  0|AC  0|TAMS 0x00000000a2b00000, 0x00000000a2b00000|
|  44|0x00000000a2c00000, 0x00000000a2c00000, 0x00000000a2d00000|  0%| F|  |TS  0|AC  0|TAMS 0x00000000a2c00000, 0x00000000a2c00000|
|  45|0x00000000a2d00000, 0x00000000a2d00000, 0x00000000a2e00000|  0%| F|  |TS  0|AC  0|TAMS 0x00000000a2d00000, 0x00000000a2d00000|
|  46|0x00000000a2e00000, 0x00000000a2e00000, 0x00000000a2f00000|  0%| F|  |TS  0|AC  0|TAMS 0x00000000a2e00000, 0x00000000a2e00000|
|  47|0x00000000a2f00000, 0x00000000a2f00000, 0x00000000a3000000|  0%| F|  |TS  0|AC  0|TAMS 0x00000000a2f00000, 0x00000000a2f00000|
|  48|0x00000000a3000000, 0x00000000a3000000, 0x00000000a3100000|  0%| F|  |TS  0|AC  0|TAMS 0x00000000a3000000, 0x00000000a3000000|
|  49|0x00000000a3100000, 0x00000000a3100000, 0x00000000a3200000|  0%| F|  |TS  0|AC  0|TAMS 0x00000000a3100000, 0x00000000a3100000|
|  50|0x00000000a3200000, 0x00000000a3200000, 0x00000000a3300000|  0%| F|  |TS  0|AC  0|TAMS 0x00000000a3200000, 0x00000000a3200000|
|  51|0x00000000a3300000, 0x00000000a3300000, 0x00000000a3400000|  0%| F|  |TS  0|AC  0|TAMS 0x00000000a3300000, 0x00000000a3300000|
|  52|0x00000000a3400000, 0x00000000a3400000, 0x00000000a3500000|  0%| F|  |TS  0|AC  0|TAMS 0x00000000a3400000, 0x00000000a3400000|
|  53|0x00000000a3500000, 0x00000000a3500000, 0x00000000a3600000|  0%| F|  |TS  0|AC  0|TAMS 0x00000000a3500000, 0x00000000a3500000|
|  54|0x00000000a3600000, 0x00000000a3600000, 0x00000000a3700000|  0%| F|  |TS  0|AC  0|TAMS 0x00000000a3600000, 0x00000000a3600000|
|  55|0x00000000a3700000, 0x00000000a3700000, 0x00000000a3800000|  0%| F|  |TS  0|AC  0|TAMS 0x00000000a3700000, 0x00000000a3700000|
|  56|0x00000000a3800000, 0x00000000a3800000, 0x00000000a3900000|  0%| F|  |TS  0|AC  0|TAMS 0x00000000a3800000, 0x00000000a3800000|
|  57|0x00000000a3900000, 0x00000000a3900000, 0x00000000a3a00000|  0%| F|  |TS  0|AC  0|TAMS 0x00000000a3900000, 0x00000000a3900000|
|  58|0x00000000a3a00000, 0x00000000a3a00000, 0x00000000a3b00000|  0%| F|  |TS  0|AC  0|TAMS 0x00000000a3a00000, 0x00000000a3a00000|
|  59|0x00000000a3b00000, 0x00000000a3b00000, 0x00000000a3c00000|  0%| F|  |TS  0|AC  0|TAMS 0x00000000a3b00000, 0x00000000a3b00000|
|  60|0x00000000a3c00000, 0x00000000a3c00000, 0x00000000a3d00000|  0%| F|  |TS  0|AC  0|TAMS 0x00000000a3c00000, 0x00000000a3c00000|
|  61|0x00000000a3d00000, 0x00000000a3d00000, 0x00000000a3e00000|  0%| F|  |TS  0|AC  0|TAMS 0x00000000a3d00000, 0x00000000a3d00000|
|  62|0x00000000a3e00000, 0x00000000a3e00000, 0x00000000a3f00000|  0%| F|  |TS  0|AC  0|TAMS 0x00000000a3e00000, 0x00000000a3e00000|
|  63|0x00000000a3f00000, 0x00000000a3f00000, 0x00000000a4000000|  0%| F|  |TS  0|AC  0|TAMS 0x00000000a3f00000, 0x00000000a3f00000|
|  64|0x00000000a4000000, 0x00000000a4000000, 0x00000000a4100000|  0%| F|  |TS  0|AC  0|TAMS 0x00000000a4000000, 0x00000000a4000000|
|  65|0x00000000a4100000, 0x00000000a4100000, 0x00000000a4200000|  0%| F|  |TS  0|AC  0|TAMS 0x00000000a4100000, 0x00000000a4100000|
|  66|0x00000000a4200000, 0x00000000a4200000, 0x00000000a4300000|  0%| F|  |TS  0|AC  0|TAMS 0x00000000a4200000, 0x00000000a4200000|
|  67|0x00000000a4300000, 0x00000000a4300000, 0x00000000a4400000|  0%| F|  |TS  0|AC  0|TAMS 0x00000000a4300000, 0x00000000a4300000|
|  68|0x00000000a4400000, 0x00000000a4400000, 0x00000000a4500000|  0%| F|  |TS  0|AC  0|TAMS 0x00000000a4400000, 0x00000000a4400000|
|  69|0x00000000a4500000, 0x00000000a4500000, 0x00000000a4600000|  0%| F|  |TS  0|AC  0|TAMS 0x00000000a4500000, 0x00000000a4500000|
|  70|0x00000000a4600000, 0x00000000a4600000, 0x00000000a4700000|  0%| F|  |TS  0|AC  0|TAMS 0x00000000a4600000, 0x00000000a4600000|
|  71|0x00000000a4700000, 0x00000000a4700000, 0x00000000a4800000|  0%| F|  |TS  0|AC  0|TAMS 0x00000000a4700000, 0x00000000a4700000|
|  72|0x00000000a4800000, 0x00000000a4800000, 0x00000000a4900000|  0%| F|  |TS  0|AC  0|TAMS 0x00000000a4800000, 0x00000000a4800000|
|  73|0x00000000a4900000, 0x00000000a4900000, 0x00000000a4a00000|  0%| F|  |TS  0|AC  0|TAMS 0x00000000a4900000, 0x00000000a4900000|
|  74|0x00000000a4a00000, 0x00000000a4a00000, 0x00000000a4b00000|  0%| F|  |TS  0|AC  0|TAMS 0x00000000a4a00000, 0x00000000a4a00000|
|  75|0x00000000a4b00000, 0x00000000a4b00000, 0x00000000a4c00000|  0%| F|  |TS  0|AC  0|TAMS 0x00000000a4b00000, 0x00000000a4b00000|
|  76|0x00000000a4c00000, 0x00000000a4c00000, 0x00000000a4d00000|  0%| F|  |TS  0|AC  0|TAMS 0x00000000a4c00000, 0x00000000a4c00000|
|  77|0x00000000a4d00000, 0x00000000a4d00000, 0x00000000a4e00000|  0%| F|  |TS  0|AC  0|TAMS 0x00000000a4d00000, 0x00000000a4d00000|
|  78|0x00000000a4e00000, 0x00000000a4e00000, 0x00000000a4f00000|  0%| F|  |TS  0|AC  0|TAMS 0x00000000a4e00000, 0x00000000a4e00000|
|  79|0x00000000a4f00000, 0x00000000a4f00000, 0x00000000a5000000|  0%| F|  |TS  0|AC  0|TAMS 0x00000000a4f00000, 0x00000000a4f00000|
|  80|0x00000000a5000000, 0x00000000a5000000, 0x00000000a5100000|  0%| F|  |TS  0|AC  0|TAMS 0x00000000a5000000, 0x00000000a5000000|
|  81|0x00000000a5100000, 0x00000000a5100000, 0x00000000a5200000|  0%| F|  |TS  0|AC  0|TAMS 0x00000000a5100000, 0x00000000a5100000|
|  82|0x00000000a5200000, 0x00000000a5200000, 0x00000000a5300000|  0%| F|  |TS  0|AC  0|TAMS 0x00000000a5200000, 0x00000000a5200000|
|  83|0x00000000a5300000, 0x00000000a5300000, 0x00000000a5400000|  0%| F|  |TS  0|AC  0|TAMS 0x00000000a5300000, 0x00000000a5300000|
|  84|0x00000000a5400000, 0x00000000a5400000, 0x00000000a5500000|  0%| F|  |TS  0|AC  0|TAMS 0x00000000a5400000, 0x00000000a5400000|
|  85|0x00000000a5500000, 0x00000000a5500000, 0x00000000a5600000|  0%| F|  |TS  0|AC  0|TAMS 0x00000000a5500000, 0x00000000a5500000|
|  86|0x00000000a5600000, 0x00000000a5600000, 0x00000000a5700000|  0%| F|  |TS  0|AC  0|TAMS 0x00000000a5600000, 0x00000000a5600000|
|  87|0x00000000a5700000, 0x00000000a5700000, 0x00000000a5800000|  0%| F|  |TS  0|AC  0|TAMS 0x00000000a5700000, 0x00000000a5700000|
|  88|0x00000000a5800000, 0x00000000a5800000, 0x00000000a5900000|  0%| F|  |TS  0|AC  0|TAMS 0x00000000a5800000, 0x00000000a5800000|
|  89|0x00000000a5900000, 0x00000000a5900000, 0x00000000a5a00000|  0%| F|  |TS  0|AC  0|TAMS 0x00000000a5900000, 0x00000000a5900000|
|  90|0x00000000a5a00000, 0x00000000a5a19768, 0x00000000a5b00000|  9%| E|  |TS  0|AC  0|TAMS 0x00000000a5a00000, 0x00000000a5a00000|
|  91|0x00000000a5b00000, 0x00000000a5c00000, 0x00000000a5c00000|100%| E|CS|TS  0|AC  0|TAMS 0x00000000a5b00000, 0x00000000a5b00000|
|  92|0x00000000a5c00000, 0x00000000a5d00000, 0x00000000a5d00000|100%| E|CS|TS  0|AC  0|TAMS 0x00000000a5c00000, 0x00000000a5c00000|
|  93|0x00000000a5d00000, 0x00000000a5e00000, 0x00000000a5e00000|100%| E|CS|TS  0|AC  0|TAMS 0x00000000a5d00000, 0x00000000a5d00000|
|  94|0x00000000a5e00000, 0x00000000a5f00000, 0x00000000a5f00000|100%| E|CS|TS  0|AC  0|TAMS 0x00000000a5e00000, 0x00000000a5e00000|
|  95|0x00000000a5f00000, 0x00000000a6000000, 0x00000000a6000000|100%| E|CS|TS  0|AC  0|TAMS 0x00000000a5f00000, 0x00000000a5f00000|

Card table byte_map: [0x000001d49cb70000,0x000001d49ce70000] byte_map_base: 0x000001d49c670000

Marking Bits (Prev, Next): (CMBitMap*) 0x000001d48109c3a0, (CMBitMap*) 0x000001d48109c3d8
 Prev Bits: [0x000001d49d170000, 0x000001d49e970000)
 Next Bits: [0x000001d49e970000, 0x000001d4a0170000)

Polling page: 0x000001d480fb0000

CodeHeap 'non-profiled nmethods': size=120064Kb used=178Kb max_used=178Kb free=119885Kb
 bounds [0x000001d4949f0000, 0x000001d494c60000, 0x000001d49bf30000]
CodeHeap 'profiled nmethods': size=120000Kb used=757Kb max_used=757Kb free=119242Kb
 bounds [0x000001d48d4c0000, 0x000001d48d730000, 0x000001d4949f0000]
CodeHeap 'non-nmethods': size=5696Kb used=1195Kb max_used=1219Kb free=4500Kb
 bounds [0x000001d48cf30000, 0x000001d48d1a0000, 0x000001d48d4c0000]
 total_blobs=1001 nmethods=519 adapters=247
 compilation: enabled

Compilation events (10 events):
Event: 0.671 Thread 0x000001d4a3049000 nmethod 513 0x000001d494a1b110 code [0x000001d494a1b2a0, 0x000001d494a1b358]
Event: 0.671 Thread 0x000001d4a3049000  515       4       java.util.zip.ZipUtils::CENSIG (8 bytes)
Event: 0.671 Thread 0x000001d4a3044800 nmethod 514 0x000001d494a1b490 code [0x000001d494a1b620, 0x000001d494a1b6d8]
Event: 0.671 Thread 0x000001d4a3044800  516       4       java.util.zip.ZipUtils::CENEXT (9 bytes)
Event: 0.672 Thread 0x000001d4a3044800 nmethod 516 0x000001d494a1b810 code [0x000001d494a1b9a0, 0x000001d494a1ba58]
Event: 0.672 Thread 0x000001d4a3044800  517       4       java.util.zip.ZipUtils::CENCOM (9 bytes)
Event: 0.673 Thread 0x000001d4a3049000 nmethod 515 0x000001d494a1bb90 code [0x000001d494a1bd20, 0x000001d494a1bdf8]
Event: 0.673 Thread 0x000001d4a3049000  518       4       java.util.zip.ZipUtils::CENFLG (9 bytes)
Event: 0.674 Thread 0x000001d4a3044800 nmethod 517 0x000001d494a1bf10 code [0x000001d494a1c0a0, 0x000001d494a1c158]
Event: 0.674 Thread 0x000001d4a3044800  519       4       java.util.zip.ZipFile$Source::isMetaName (141 bytes)

GC Heap History (0 events):
No events

Deoptimization events (8 events):
Event: 0.338 Thread 0x000001d481010000 Uncommon trap: reason=unstable_if action=reinterpret pc=0x000001d4949f6504 method=java.lang.StringLatin1.indexOf([BII)I @ 23 c2
Event: 0.351 Thread 0x000001d481010000 Uncommon trap: reason=range_check action=reinterpret pc=0x000001d4949f922c method=java.lang.StringLatin1.indexOf([BII)I @ 13 c2
Event: 0.351 Thread 0x000001d481010000 Uncommon trap: reason=range_check action=reinterpret pc=0x000001d4949f3e54 method=java.lang.StringLatin1.indexOf([BII)I @ 13 c2
Event: 0.383 Thread 0x000001d481010000 Uncommon trap: reason=unstable_if action=reinterpret pc=0x000001d4949f2c98 method=java.lang.String.charAt(I)C @ 4 c2
Event: 0.401 Thread 0x000001d481010000 Uncommon trap: reason=null_check action=make_not_entrant pc=0x000001d4949f9678 method=java.lang.String.equals(Ljava/lang/Object;)Z @ 8 c2
Event: 0.589 Thread 0x000001d481010000 Uncommon trap: reason=bimorphic_or_optimized_type_check action=maybe_recompile pc=0x000001d494a1144c method=java.util.HashMap.getNode(ILjava/lang/Object;)Ljava/util/HashMap$Node; @ 126 c2
Event: 0.593 Thread 0x000001d481010000 Uncommon trap: reason=bimorphic_or_optimized_type_check action=maybe_recompile pc=0x000001d494a1144c method=java.util.HashMap.getNode(ILjava/lang/Object;)Ljava/util/HashMap$Node; @ 126 c2
Event: 0.617 Thread 0x000001d481010000 Uncommon trap: reason=bimorphic_or_optimized_type_check action=maybe_recompile pc=0x000001d494a16494 method=java.util.HashMap.getNode(ILjava/lang/Object;)Ljava/util/HashMap$Node; @ 59 c2

Classes redefined (0 events):
No events

Internal exceptions (4 events):
Event: 0.401 Thread 0x000001d481010000 Implicit null exception at 0x000001d4949f9555 to 0x000001d4949f9669
Event: 0.516 Thread 0x000001d481010000 Exception <a 'java/lang/NoSuchMethodError'{0x00000000a5c500f0}: java.lang.invoke.DirectMethodHandle$Holder.invokeInterface(Ljava/lang/Object;Ljava/lang/Object;Ljava/lang/Object;)I> (0x00000000a5c500f0) thrown at [t:/workspace/hotspot/src/share/vm/interpre
Event: 0.522 Thread 0x000001d481010000 Exception <a 'java/lang/NoSuchMethodError'{0x00000000a5c5c668}: java.lang.invoke.DirectMethodHandle$Holder.invokeStatic(Ljava/lang/Object;Ljava/lang/Object;)I> (0x00000000a5c5c668) thrown at [t:/workspace/hotspot/src/share/vm/interpreter/linkResolver.cpp,
Event: 0.525 Thread 0x000001d481010000 Exception <a 'java/lang/NoSuchMethodError'{0x00000000a5c695a8}: java.lang.Object.of([Ljava/lang/Object;)Ljava/util/stream/Stream;> (0x00000000a5c695a8) thrown at [t:/workspace/hotspot/src/share/vm/interpreter/linkResolver.cpp, line 731]

Events (10 events):
Event: 0.641 loading class jdk/internal/jimage/ImageLocation
Event: 0.642 loading class jdk/internal/jimage/ImageLocation done
Event: 0.644 loading class java/util/Collections$EmptyEnumeration
Event: 0.644 loading class java/util/Collections$EmptyEnumeration done
Event: 0.644 loading class jdk/internal/loader/BuiltinClassLoader$1
Event: 0.645 loading class jdk/internal/loader/BuiltinClassLoader$1 done
Event: 0.646 loading class java/lang/CompoundEnumeration
Event: 0.646 loading class java/lang/CompoundEnumeration done
Event: 0.647 loading class jdk/internal/loader/URLClassPath$1
Event: 0.647 loading class jdk/internal/loader/URLClassPath$1 done


Dynamic libraries:
0x00007ff6edc60000 - 0x00007ff6edc9e000 	C:\Program Files\Java\jdk-9.0.4\bin\javaw.exe
0x00007ffd62110000 - 0x00007ffd622f1000 	C:\WINDOWS\SYSTEM32\ntdll.dll
0x00007ffd61f20000 - 0x00007ffd61fd1000 	C:\WINDOWS\System32\KERNEL32.DLL
0x00007ffd5f0e0000 - 0x00007ffd5f353000 	C:\WINDOWS\System32\KERNELBASE.dll
0x00007ffd5f7f0000 - 0x00007ffd5f891000 	C:\WINDOWS\System32\ADVAPI32.dll
0x00007ffd617c0000 - 0x00007ffd6185e000 	C:\WINDOWS\System32\msvcrt.dll
0x00007ffd5fe10000 - 0x00007ffd5fe6b000 	C:\WINDOWS\System32\sechost.dll
0x00007ffd5fc70000 - 0x00007ffd5fd94000 	C:\WINDOWS\System32\RPCRT4.dll
0x00007ffd61cf0000 - 0x00007ffd61e80000 	C:\WINDOWS\System32\USER32.dll
0x00007ffd5f3b0000 - 0x00007ffd5f3d0000 	C:\WINDOWS\System32\win32u.dll
0x00007ffd5fe70000 - 0x00007ffd5fe98000 	C:\WINDOWS\System32\GDI32.dll
0x00007ffd5f3d0000 - 0x00007ffd5f561000 	C:\WINDOWS\System32\gdi32full.dll
0x00007ffd5e7d0000 - 0x00007ffd5e86f000 	C:\WINDOWS\System32\msvcp_win.dll
0x00007ffd5e8d0000 - 0x00007ffd5e9c8000 	C:\WINDOWS\System32\ucrtbase.dll
0x00007ffd54d90000 - 0x00007ffd54ff9000 	C:\WINDOWS\WinSxS\amd64_microsoft.windows.common-controls_6595b64144ccf1df_6.0.17134.885_none_fb42a3473065565f\COMCTL32.dll
0x00007ffd61860000 - 0x00007ffd61b82000 	C:\WINDOWS\System32\combase.dll
0x00007ffd5e750000 - 0x00007ffd5e7c9000 	C:\WINDOWS\System32\bcryptPrimitives.dll
0x00007ffd597f0000 - 0x00007ffd597fa000 	C:\WINDOWS\SYSTEM32\VERSION.dll
0x00007ffd5f570000 - 0x00007ffd5f59d000 	C:\WINDOWS\System32\IMM32.DLL
0x00007ffd43e70000 - 0x00007ffd43f5f000 	C:\Program Files\Java\jdk-9.0.4\bin\msvcr120.dll
0x00007ffd51e70000 - 0x00007ffd51f16000 	C:\Program Files\Java\jdk-9.0.4\bin\msvcp120.dll
0x0000000063210000 - 0x0000000063c35000 	C:\Program Files\Java\jdk-9.0.4\bin\server\jvm.dll
0x00007ffd617b0000 - 0x00007ffd617b8000 	C:\WINDOWS\System32\PSAPI.DLL
0x00007ffd4f680000 - 0x00007ffd4f689000 	C:\WINDOWS\SYSTEM32\WSOCK32.dll
0x00007ffd5fda0000 - 0x00007ffd5fe0c000 	C:\WINDOWS\System32\WS2_32.dll
0x00007ffd5bfc0000 - 0x00007ffd5bfe3000 	C:\WINDOWS\SYSTEM32\WINMM.dll
0x00007ffd5bf90000 - 0x00007ffd5bfba000 	C:\WINDOWS\SYSTEM32\WINMMBASE.dll
0x00007ffd5f360000 - 0x00007ffd5f3a9000 	C:\WINDOWS\System32\cfgmgr32.dll
0x00007ffd5aeb0000 - 0x00007ffd5aebf000 	C:\Program Files\Java\jdk-9.0.4\bin\verify.dll
0x00007ffd5ae80000 - 0x00007ffd5aea7000 	C:\Program Files\Java\jdk-9.0.4\bin\java.dll
0x00007ffd5ae30000 - 0x00007ffd5ae46000 	C:\Program Files\Java\jdk-9.0.4\bin\zip.dll
0x00007ffd54ac0000 - 0x00007ffd54aca000 	C:\Program Files\Java\jdk-9.0.4\bin\jimage.dll
0x00007ffd60370000 - 0x00007ffd617b0000 	C:\WINDOWS\System32\SHELL32.dll
0x00007ffd5f8a0000 - 0x00007ffd5f949000 	C:\WINDOWS\System32\shcore.dll
0x00007ffd5e9d0000 - 0x00007ffd5f0dd000 	C:\WINDOWS\System32\windows.storage.dll
0x00007ffd61ff0000 - 0x00007ffd62041000 	C:\WINDOWS\System32\shlwapi.dll
0x00007ffd5e460000 - 0x00007ffd5e471000 	C:\WINDOWS\System32\kernel.appcore.dll
0x00007ffd5e490000 - 0x00007ffd5e4af000 	C:\WINDOWS\System32\profapi.dll
0x00007ffd5e3f0000 - 0x00007ffd5e43c000 	C:\WINDOWS\System32\powrprof.dll
0x00007ffd5e480000 - 0x00007ffd5e48a000 	C:\WINDOWS\System32\FLTLIB.DLL
0x00007ffd4dd30000 - 0x00007ffd4dd4a000 	C:\Program Files\Java\jdk-9.0.4\bin\net.dll
0x00007ffd59aa0000 - 0x00007ffd59b7d000 	C:\WINDOWS\SYSTEM32\WINHTTP.dll
0x00007ffd5dc70000 - 0x00007ffd5dcd6000 	C:\WINDOWS\system32\mswsock.dll
0x00007ffd4b6f0000 - 0x00007ffd4b701000 	C:\Program Files\Java\jdk-9.0.4\bin\nio.dll
0x00007ffd4da40000 - 0x00007ffd4dc09000 	C:\WINDOWS\SYSTEM32\dbghelp.dll

VM Arguments:
jvm_args: -ea -Dfile.encoding=Cp1252 
java_command: org.testng.remote.RemoteTestNG -serport 50807 -protocol json -d C:\Users\TB-DB\eclipse-workspace\DDFramework\test-output C:\Users\TB-DB\eclipse-workspace\DDFramework\src\test\resources\runner\testng.xml
java_class_path (initial): D:\New_selenium\eclipse-java-oxygen-3a-win32-x86_64\eclipse\configuration\org.eclipse.osgi\513\0\.cp\lib\testng-remote.jar;C:\Users\TB-DB\eclipse-workspace\DDFramework\target\test-classes;C:\Users\TB-DB\eclipse-workspace\DDFramework\target\classes;D:\New_selenium\eclipse-java-oxygen-3a-win32-x86_64\eclipse\plugins\org.testng_6.14.3.r201802240500.jar;D:\New_selenium\eclipse-java-oxygen-3a-win32-x86_64\eclipse\plugins\com.beust.jcommander_1.72.0.jar;D:\New_selenium\eclipse-java-oxygen-3a-win32-x86_64\eclipse\plugins\org.apache-extras.beanshell.bsh_2.0.0.b6.jar;D:\New_selenium\eclipse-java-oxygen-3a-win32-x86_64\eclipse\plugins\org.yaml.snakeyaml_1.17.0.jar;D:\LatestSeleniumSoftwares\poi-bin-4.1.0-20190412\poi-4.1.0\poi-4.1.0.jar;D:\LatestSeleniumSoftwares\poi-bin-4.1.0-20190412\poi-4.1.0\poi-examples-4.1.0.jar;D:\LatestSeleniumSoftwares\poi-bin-4.1.0-20190412\poi-4.1.0\poi-excelant-4.1.0.jar;D:\LatestSeleniumSoftwares\poi-bin-4.1.0-20190412\poi-4.1.0\poi-ooxml-4.1.0.jar;D:\LatestSeleniumSoftwares\poi-bin-4.1.0-20190412\poi-4.1.0\poi-ooxml-schemas-4.1.0.jar;D:\LatestSeleniumSoftwares\poi-bin-4.1.0-20190412\poi-4.1.0\poi-scratchpad-4.1.0.jar;D:\LatestSeleniumSoftwares\poi-bin-4.1.0-20190412\poi-4.1.0\ooxml-lib\curvesapi-1.06.jar;D:\LatestSeleniumSoftwares\poi-bin-4.1.0-20190412\poi-4.1.0\ooxml-lib\xmlbeans-3.1.0.jar;D:\LatestSeleniumSoftwares\poi-bin-4.1.0-20190412\poi-4.1.0\lib\activation-1.1.1.jar;D:\LatestSeleniumSoftwares\poi-bin-4.1.0-20190412\poi-4.1.0\lib\commons-codec-1.12.jar;D:\LatestSeleniumSoftwares\poi-bin-4.1.0-20190412\poi-4.1.0\lib\commons-collections4-4.3.jar;D:\LatestSeleniumSoftwares\poi-bin-4.1.0-20190412\poi-4.1.0\lib\commons-compress-1.18.jar;D:\LatestSeleniumSoftwares\poi-bin-4.1.0-20190412\poi-4.1.0\lib\commons-logging-1.2.jar;D:\LatestSeleniumSoftwares\poi-bin-4.1.0-20190412\poi-4.1.0\lib\commons-math3-3.6.1.jar;D:\LatestSeleniumSoftwares\poi-bin-4.1.0-20190412\poi-4.1.0\lib\jaxb-api-2.3.0.jar;D:\LatestSeleniumSoftwa
Launcher Type: SUN_STANDARD

Logging:
Log output configuration:
#0: stdout all=warning uptime,level,tags
#1: stderr all=off uptime,level,tags

Environment Variables:
JAVA_HOME=C:\Program Files\Java\jdk-8
PATH=C:/Program Files/Java/jdk-8/bin/../jre/bin/server;C:/Program Files/Java/jdk-8/bin/../jre/bin;C:/Program Files/Java/jdk-8/bin/../jre/lib/amd64;"C:\Windows\System32;C:\Program Files\Java\jdk-8\bin";C:\Program Files\Java\jdk-8\bin;C:\WINDOWS\system32;C:\WINDOWS;C:\WINDOWS\System32\Wbem;C:\WINDOWS\System32\WindowsPowerShell\v1.0\;C:\WINDOWS\System32\OpenSSH\;C:\Program Files\Microsoft VS Code\bin;D:\wamp64\bin\php\php7.1.9;C:\ProgramData\ComposerSetup\bin;D:\LatestSeleniumSoftwares\apache-maven-3.6.0-bin\apache-maven-3.6.0\bin;C:\Program Files\Git\cmd;D:\LatestSeleniumSoftwares\apache-ant-1.10.5-bin\apache-ant-1.10.5\bin;D:\wamp64\bin\php\php7.1.9;C:\Users\TB-DB\AppData\Roaming\Composer\vendor\bin;;D:\New_selenium\eclipse-java-oxygen-3a-win32-x86_64\eclipse;
USERNAME=TB-DB
OS=Windows_NT
PROCESSOR_IDENTIFIER=Intel64 Family 6 Model 15 Stepping 11, GenuineIntel



---------------  S Y S T E M  ---------------

OS: Windows 10 , 64 bit Build 17134 (10.0.17134.753)

CPU:total 4 (initial active 4) (4 cores per cpu, 1 threads per core) family 6 model 15 stepping 11, cmov, cx8, fxsr, mmx, sse, sse2, sse3, ssse3, tsc

Memory: 4k page, physical 6289700k(3165160k free), swap 8059172k(3475020k free)

vm_info: Java HotSpot(TM) 64-Bit Server VM (9.0.4+11) for windows-amd64 JRE (9.0.4+11), built on Dec 20 2017 02:18:54 by "mach5one" with MS VC++ 12.0 (VS2013)

END.
