#
# A fatal error has been detected by the Java Runtime Environment:
#
#  EXCEPTION_ACCESS_VIOLATION (0xc0000005) at pc=0x000002021e0c8200, pid=1940, tid=10436
#
# JRE version: Java(TM) SE Runtime Environment (9.0+11) (build 9.0.4+11)
# Java VM: Java HotSpot(TM) 64-Bit Server VM (9.0.4+11, mixed mode, tiered, compressed oops, g1 gc, windows-amd64)
# Problematic frame:
# C  0x000002021e0c8200
#
# No core dump will be written. Minidumps are not enabled by default on client versions of Windows
#
# If you would like to submit a bug report, please visit:
#   http://bugreport.java.com/bugreport/crash.jsp
#

---------------  S U M M A R Y ------------

Command Line: -Dmaven.home=EMBEDDED -Dclassworlds.conf=C:\Users\TB-DB\eclipse-workspace\.metadata\.plugins\org.eclipse.m2e.launching\launches\m2conf1367629948889344652.tmp -Dmaven.multiModuleProjectDirectory=C:\Users\TB-DB\git\DDFramework\DDFramework -Dfile.encoding=Cp1252 org.codehaus.plexus.classworlds.launcher.Launcher -B test

Host: Intel(R) Core(TM)2 Quad CPU    Q6600  @ 2.40GHz, 4 cores, 5G,  Windows 10 , 64 bit Build 17134 (10.0.17134.753)
Time: Fri Aug 02 11:10:10 2019 India Standard Time elapsed time: 1 seconds (0d 0h 0m 1s)

---------------  T H R E A D  ---------------

Current thread (0x000002028110f000):  JavaThread "main" [_thread_in_Java, id=10436, stack(0x000000a631200000,0x000000a631300000)]

Stack: [0x000000a631200000,0x000000a631300000],  sp=0x000000a6312fd6c8,  free space=1013k
Native frames: (J=compiled Java code, j=interpreted, Vv=VM code, C=native code)
C  0x000002021e0c8200


siginfo: EXCEPTION_ACCESS_VIOLATION (0xc0000005), data execution prevention violation at address 0x000002021e0c8200


Register to memory mapping:

RIP=0x000002021e0c8200 is an unknown value
RAX=0x000000010006f080 is pointing into metadata
RBX={method} {0x00000202a2cbdbe8} 'position' '(I)Ljava/nio/Buffer;' in 'java/nio/CharBuffer'
RCX=0x0000000081001041 is an unknown value
RDX=0x00000000a5d484f0 is an oop
java.nio.HeapCharBuffer 
{0x00000000a5d484f0} - klass: 'java/nio/HeapCharBuffer'
RSP=0x000000a6312fd6c8 is pointing into the stack for thread: 0x000002028110f000
RBP=0x000000a6312fda48 is pointing into the stack for thread: 0x000002028110f000
RSI=0x00000000000010a5 is an unknown value
RDI=0x00000000000010a5 is an unknown value
R8 =0x0000000000000000 is an unknown value
R9 =0x0000000000000000 is an unknown value
R10=0x00000000733179b5 jvm.dll
R11=0x000002028d6e9800 is at entry_point+32 in (nmethod*)0x000002028d6e9610
R12=0x0000000000000000 is an unknown value
R13=0x000002028d735d24 is at entry_point+420 in (nmethod*)0x000002028d735890
R14=0x000000a6312fd6c0 is pointing into the stack for thread: 0x000002028110f000
R15=0x000002028110f000 is a thread


Registers:
RAX=0x000000010006f080, RBX=0x00000202a2cbdbe0, RCX=0x0000000081001041, RDX=0x00000000a5d484f0
RSP=0x000000a6312fd6c8, RBP=0x000000a6312fda48, RSI=0x00000000000010a5, RDI=0x00000000000010a5
R8 =0x0000000000000000, R9 =0x0000000000000000, R10=0x00000000733179b5, R11=0x000002028d6e9800
R12=0x0000000000000000, R13=0x000002028d735d24, R14=0x000000a6312fd6c0, R15=0x000002028110f000
RIP=0x000002021e0c8200, EFLAGS=0x0000000000010202

Top of Stack: (sp=0x000000a6312fd6c8)
0x000000a6312fd6c8:   000002028d735ddc 00000000a0254f80
0x000000a6312fd6d8:   00000202a2c35f58 0000000000000000
0x000000a6312fd6e8:   000000a6312fd700 000000a6312fd760
0x000000a6312fd6f8:   000002028d0cadd0 00000000a5d48478
0x000000a6312fd708:   000002028d0cadd0 00000000a001c390
0x000000a6312fd718:   000000a6312fd718 00000202a2ba2b4b
0x000000a6312fd728:   000000a6312fd7a0 00000202a2ba3590
0x000000a6312fd738:   00000202a5186620 00000000a0257a48
0x000000a6312fd748:   00000202a2ba2cc8 0000000000000000
0x000000a6312fd758:   000000a6312fd7b0 000000a6312fda48
0x000000a6312fd768:   000002028d868574 00000000a5d484f0
0x000000a6312fd778:   ffffffff00000000 0000000000000001
0x000000a6312fd788:   000000a600000000 00000000a5d48478
0x000000a6312fd798:   00000000a5ee7078 000000a6312fda48
0x000000a6312fd7a8:   000002028d867fd4 00000202811111f0
0x000000a6312fd7b8:   0000000000000000 000000a6312fd888 

Instructions: (pc=0x000002021e0c8200)
0x000002021e0c81e0:   
[error occurred during error reporting (printing registers, top of stack, instructions near pc), id 0xc0000005]


---------------  P R O C E S S  ---------------

Java Threads: ( => current thread )
  0x00000202a33c7800 JavaThread "Service Thread" daemon [_thread_blocked, id=2324, stack(0x000000a632800000,0x000000a632900000)]
  0x00000202a31ef800 JavaThread "Common-Cleaner" daemon [_thread_blocked, id=9620, stack(0x000000a632700000,0x000000a632800000)]
  0x00000202a31b2800 JavaThread "Sweeper thread" daemon [_thread_blocked, id=11080, stack(0x000000a632600000,0x000000a632700000)]
  0x00000202a3166000 JavaThread "C1 CompilerThread2" daemon [_thread_blocked, id=3908, stack(0x000000a632500000,0x000000a632600000)]
  0x00000202a3145800 JavaThread "C2 CompilerThread1" daemon [_thread_in_native, id=4628, stack(0x000000a632400000,0x000000a632500000)]
  0x00000202a3135000 JavaThread "C2 CompilerThread0" daemon [_thread_blocked, id=10468, stack(0x000000a632300000,0x000000a632400000)]
  0x00000202a3129800 JavaThread "Attach Listener" daemon [_thread_blocked, id=2704, stack(0x000000a632200000,0x000000a632300000)]
  0x00000202a3128800 JavaThread "Signal Dispatcher" daemon [_thread_blocked, id=2040, stack(0x000000a632100000,0x000000a632200000)]
  0x00000202a30dd800 JavaThread "Finalizer" daemon [_thread_blocked, id=2420, stack(0x000000a632000000,0x000000a632100000)]
  0x00000202a30d1800 JavaThread "Reference Handler" daemon [_thread_blocked, id=1516, stack(0x000000a631f00000,0x000000a632000000)]
=>0x000002028110f000 JavaThread "main" [_thread_in_Java, id=10436, stack(0x000000a631200000,0x000000a631300000)]

Other Threads:
  0x00000202a30ce800 VMThread "VM Thread" [stack: 0x000000a631e00000,0x000000a631f00000] [id=8672]
  0x00000202a340c800 WatcherThread [stack: 0x000000a632900000,0x000000a632a00000] [id=7272]
  0x0000020281127000 GCTaskThread "GC Thread#0" [stack: 0x000000a631300000,0x000000a631400000] [id=9416]
  0x0000020281128800 GCTaskThread "GC Thread#1" [stack: 0x000000a631400000,0x000000a631500000] [id=7876]
  0x000002028112a000 GCTaskThread "GC Thread#2" [stack: 0x000000a631500000,0x000000a631600000] [id=3636]
  0x000002028112c000 GCTaskThread "GC Thread#3" [stack: 0x000000a631600000,0x000000a631700000] [id=10100]
  0x0000020281189800 ConcurrentGCThread "G1 Main Marker" [stack: 0x000000a631c00000,0x000000a631d00000] [id=3200]
  0x000002028118c000 ConcurrentGCThread "G1 Marker#0" [stack: 0x000000a631d00000,0x000000a631e00000] [id=9392]
  0x0000020281138000 ConcurrentGCThread "G1 Refine#0" [stack: 0x000000a631a00000,0x000000a631b00000] [id=660]
  0x0000020281135800 ConcurrentGCThread "G1 Refine#1" [stack: 0x000000a631900000,0x000000a631a00000] [id=1240]
  0x0000020281132800 ConcurrentGCThread "G1 Refine#2" [stack: 0x000000a631800000,0x000000a631900000] [id=7628]
  0x000002028112e000 ConcurrentGCThread "G1 Refine#3" [stack: 0x000000a631700000,0x000000a631800000] [id=7884]
  0x000002028113a000 ConcurrentGCThread "G1 Young RemSet Sampling" [stack: 0x000000a631b00000,0x000000a631c00000] [id=10288]

Threads with active compile tasks:
C2 CompilerThread11033   !   4       sun.nio.cs.StreamDecoder::read (196 bytes)

VM state:not at safepoint (normal execution)

VM Mutex/Monitor currently owned by a thread: None

Heap address: 0x00000000a0000000, size: 1536 MB, Compressed Oops mode: 32-bit
Narrow klass base: 0x0000000000000000, Narrow klass shift: 3
Compressed class space size: 1073741824 Address: 0x0000000100000000

Heap:
 garbage-first heap   total 98304K, used 7346K [0x00000000a0000000, 0x00000000a0100300, 0x0000000100000000)
  region size 1024K, 4 young (4096K), 1 survivors (1024K)
 Metaspace       used 11855K, capacity 12158K, committed 12416K, reserved 1060864K
  class space    used 1209K, capacity 1309K, committed 1408K, reserved 1048576K
Heap Regions: E=young(eden), S=young(survivor), O=old, HS=humongous(starts), HC=humongous(continues), CS=collection set, F=free, A=archive, TS=gc time stamp, AC=allocation context, TAMS=top-at-mark-start (previous, next)
|   0|0x00000000a0000000, 0x00000000a0100000, 0x00000000a0100000|100%| O|  |TS  1|AC  0|TAMS 0x00000000a0000000, 0x00000000a0000000|
|   1|0x00000000a0100000, 0x00000000a0200000, 0x00000000a0200000|100%| O|  |TS  1|AC  0|TAMS 0x00000000a0100000, 0x00000000a0100000|
|   2|0x00000000a0200000, 0x00000000a0300000, 0x00000000a0300000|100%| O|  |TS  3|AC  0|TAMS 0x00000000a0200000, 0x00000000a0200000|
|   3|0x00000000a0300000, 0x00000000a0400000, 0x00000000a0400000|100%| O|  |TS  3|AC  0|TAMS 0x00000000a0300000, 0x00000000a0300000|
|   4|0x00000000a0400000, 0x00000000a042ca00, 0x00000000a0500000| 17%| O|  |TS  3|AC  0|TAMS 0x00000000a0400000, 0x00000000a0400000|
|   5|0x00000000a0500000, 0x00000000a0500000, 0x00000000a0600000|  0%| F|  |TS  0|AC  0|TAMS 0x00000000a0500000, 0x00000000a0500000|
|   6|0x00000000a0600000, 0x00000000a0600000, 0x00000000a0700000|  0%| F|  |TS  0|AC  0|TAMS 0x00000000a0600000, 0x00000000a0600000|
|   7|0x00000000a0700000, 0x00000000a0700000, 0x00000000a0800000|  0%| F|  |TS  0|AC  0|TAMS 0x00000000a0700000, 0x00000000a0700000|
|   8|0x00000000a0800000, 0x00000000a0800000, 0x00000000a0900000|  0%| F|  |TS  0|AC  0|TAMS 0x00000000a0800000, 0x00000000a0800000|
|   9|0x00000000a0900000, 0x00000000a0900000, 0x00000000a0a00000|  0%| F|  |TS  0|AC  0|TAMS 0x00000000a0900000, 0x00000000a0900000|
|  10|0x00000000a0a00000, 0x00000000a0a00000, 0x00000000a0b00000|  0%| F|  |TS  0|AC  0|TAMS 0x00000000a0a00000, 0x00000000a0a00000|
|  11|0x00000000a0b00000, 0x00000000a0b00000, 0x00000000a0c00000|  0%| F|  |TS  0|AC  0|TAMS 0x00000000a0b00000, 0x00000000a0b00000|
|  12|0x00000000a0c00000, 0x00000000a0c00000, 0x00000000a0d00000|  0%| F|  |TS  0|AC  0|TAMS 0x00000000a0c00000, 0x00000000a0c00000|
|  13|0x00000000a0d00000, 0x00000000a0d00000, 0x00000000a0e00000|  0%| F|  |TS  0|AC  0|TAMS 0x00000000a0d00000, 0x00000000a0d00000|
|  14|0x00000000a0e00000, 0x00000000a0e00000, 0x00000000a0f00000|  0%| F|  |TS  0|AC  0|TAMS 0x00000000a0e00000, 0x00000000a0e00000|
|  15|0x00000000a0f00000, 0x00000000a0f00000, 0x00000000a1000000|  0%| F|  |TS  0|AC  0|TAMS 0x00000000a0f00000, 0x00000000a0f00000|
|  16|0x00000000a1000000, 0x00000000a1000000, 0x00000000a1100000|  0%| F|  |TS  0|AC  0|TAMS 0x00000000a1000000, 0x00000000a1000000|
|  17|0x00000000a1100000, 0x00000000a1100000, 0x00000000a1200000|  0%| F|  |TS  0|AC  0|TAMS 0x00000000a1100000, 0x00000000a1100000|
|  18|0x00000000a1200000, 0x00000000a1200000, 0x00000000a1300000|  0%| F|  |TS  0|AC  0|TAMS 0x00000000a1200000, 0x00000000a1200000|
|  19|0x00000000a1300000, 0x00000000a1300000, 0x00000000a1400000|  0%| F|  |TS  0|AC  0|TAMS 0x00000000a1300000, 0x00000000a1300000|
|  20|0x00000000a1400000, 0x00000000a1400000, 0x00000000a1500000|  0%| F|  |TS  0|AC  0|TAMS 0x00000000a1400000, 0x00000000a1400000|
|  21|0x00000000a1500000, 0x00000000a1500000, 0x00000000a1600000|  0%| F|  |TS  0|AC  0|TAMS 0x00000000a1500000, 0x00000000a1500000|
|  22|0x00000000a1600000, 0x00000000a1600000, 0x00000000a1700000|  0%| F|  |TS  0|AC  0|TAMS 0x00000000a1600000, 0x00000000a1600000|
|  23|0x00000000a1700000, 0x00000000a1700000, 0x00000000a1800000|  0%| F|  |TS  0|AC  0|TAMS 0x00000000a1700000, 0x00000000a1700000|
|  24|0x00000000a1800000, 0x00000000a1800000, 0x00000000a1900000|  0%| F|  |TS  0|AC  0|TAMS 0x00000000a1800000, 0x00000000a1800000|
|  25|0x00000000a1900000, 0x00000000a1900000, 0x00000000a1a00000|  0%| F|  |TS  0|AC  0|TAMS 0x00000000a1900000, 0x00000000a1900000|
|  26|0x00000000a1a00000, 0x00000000a1a00000, 0x00000000a1b00000|  0%| F|  |TS  0|AC  0|TAMS 0x00000000a1a00000, 0x00000000a1a00000|
|  27|0x00000000a1b00000, 0x00000000a1b00000, 0x00000000a1c00000|  0%| F|  |TS  0|AC  0|TAMS 0x00000000a1b00000, 0x00000000a1b00000|
|  28|0x00000000a1c00000, 0x00000000a1c00000, 0x00000000a1d00000|  0%| F|  |TS  0|AC  0|TAMS 0x00000000a1c00000, 0x00000000a1c00000|
|  29|0x00000000a1d00000, 0x00000000a1d00000, 0x00000000a1e00000|  0%| F|  |TS  0|AC  0|TAMS 0x00000000a1d00000, 0x00000000a1d00000|
|  30|0x00000000a1e00000, 0x00000000a1e00000, 0x00000000a1f00000|  0%| F|  |TS  0|AC  0|TAMS 0x00000000a1e00000, 0x00000000a1e00000|
|  31|0x00000000a1f00000, 0x00000000a1f00000, 0x00000000a2000000|  0%| F|  |TS  0|AC  0|TAMS 0x00000000a1f00000, 0x00000000a1f00000|
|  32|0x00000000a2000000, 0x00000000a2000000, 0x00000000a2100000|  0%| F|  |TS  0|AC  0|TAMS 0x00000000a2000000, 0x00000000a2000000|
|  33|0x00000000a2100000, 0x00000000a2100000, 0x00000000a2200000|  0%| F|  |TS  0|AC  0|TAMS 0x00000000a2100000, 0x00000000a2100000|
|  34|0x00000000a2200000, 0x00000000a2200000, 0x00000000a2300000|  0%| F|  |TS  0|AC  0|TAMS 0x00000000a2200000, 0x00000000a2200000|
|  35|0x00000000a2300000, 0x00000000a2300000, 0x00000000a2400000|  0%| F|  |TS  0|AC  0|TAMS 0x00000000a2300000, 0x00000000a2300000|
|  36|0x00000000a2400000, 0x00000000a2400000, 0x00000000a2500000|  0%| F|  |TS  0|AC  0|TAMS 0x00000000a2400000, 0x00000000a2400000|
|  37|0x00000000a2500000, 0x00000000a2500000, 0x00000000a2600000|  0%| F|  |TS  0|AC  0|TAMS 0x00000000a2500000, 0x00000000a2500000|
|  38|0x00000000a2600000, 0x00000000a2600000, 0x00000000a2700000|  0%| F|  |TS  0|AC  0|TAMS 0x00000000a2600000, 0x00000000a2600000|
|  39|0x00000000a2700000, 0x00000000a2700000, 0x00000000a2800000|  0%| F|  |TS  0|AC  0|TAMS 0x00000000a2700000, 0x00000000a2700000|
|  40|0x00000000a2800000, 0x00000000a2800000, 0x00000000a2900000|  0%| F|  |TS  0|AC  0|TAMS 0x00000000a2800000, 0x00000000a2800000|
|  41|0x00000000a2900000, 0x00000000a2900000, 0x00000000a2a00000|  0%| F|  |TS  0|AC  0|TAMS 0x00000000a2900000, 0x00000000a2900000|
|  42|0x00000000a2a00000, 0x00000000a2a00000, 0x00000000a2b00000|  0%| F|  |TS  0|AC  0|TAMS 0x00000000a2a00000, 0x00000000a2a00000|
|  43|0x00000000a2b00000, 0x00000000a2b00000, 0x00000000a2c00000|  0%| F|  |TS  0|AC  0|TAMS 0x00000000a2b00000, 0x00000000a2b00000|
|  44|0x00000000a2c00000, 0x00000000a2c00000, 0x00000000a2d00000|  0%| F|  |TS  0|AC  0|TAMS 0x00000000a2c00000, 0x00000000a2c00000|
|  45|0x00000000a2d00000, 0x00000000a2d00000, 0x00000000a2e00000|  0%| F|  |TS  0|AC  0|TAMS 0x00000000a2d00000, 0x00000000a2d00000|
|  46|0x00000000a2e00000, 0x00000000a2e00000, 0x00000000a2f00000|  0%| F|  |TS  0|AC  0|TAMS 0x00000000a2e00000, 0x00000000a2e00000|
|  47|0x00000000a2f00000, 0x00000000a2f00000, 0x00000000a3000000|  0%| F|  |TS  0|AC  0|TAMS 0x00000000a2f00000, 0x00000000a2f00000|
|  48|0x00000000a3000000, 0x00000000a3000000, 0x00000000a3100000|  0%| F|  |TS  0|AC  0|TAMS 0x00000000a3000000, 0x00000000a3000000|
|  49|0x00000000a3100000, 0x00000000a3100000, 0x00000000a3200000|  0%| F|  |TS  0|AC  0|TAMS 0x00000000a3100000, 0x00000000a3100000|
|  50|0x00000000a3200000, 0x00000000a3200000, 0x00000000a3300000|  0%| F|  |TS  0|AC  0|TAMS 0x00000000a3200000, 0x00000000a3200000|
|  51|0x00000000a3300000, 0x00000000a3300000, 0x00000000a3400000|  0%| F|  |TS  0|AC  0|TAMS 0x00000000a3300000, 0x00000000a3300000|
|  52|0x00000000a3400000, 0x00000000a3400000, 0x00000000a3500000|  0%| F|  |TS  0|AC  0|TAMS 0x00000000a3400000, 0x00000000a3400000|
|  53|0x00000000a3500000, 0x00000000a3500000, 0x00000000a3600000|  0%| F|  |TS  0|AC  0|TAMS 0x00000000a3500000, 0x00000000a3500000|
|  54|0x00000000a3600000, 0x00000000a3600000, 0x00000000a3700000|  0%| F|  |TS  0|AC  0|TAMS 0x00000000a3600000, 0x00000000a3600000|
|  55|0x00000000a3700000, 0x00000000a3700000, 0x00000000a3800000|  0%| F|  |TS  0|AC  0|TAMS 0x00000000a3700000, 0x00000000a3700000|
|  56|0x00000000a3800000, 0x00000000a3800000, 0x00000000a3900000|  0%| F|  |TS  0|AC  0|TAMS 0x00000000a3800000, 0x00000000a3800000|
|  57|0x00000000a3900000, 0x00000000a3900000, 0x00000000a3a00000|  0%| F|  |TS  0|AC  0|TAMS 0x00000000a3900000, 0x00000000a3900000|
|  58|0x00000000a3a00000, 0x00000000a3a00000, 0x00000000a3b00000|  0%| F|  |TS  0|AC  0|TAMS 0x00000000a3a00000, 0x00000000a3a00000|
|  59|0x00000000a3b00000, 0x00000000a3b00000, 0x00000000a3c00000|  0%| F|  |TS  0|AC  0|TAMS 0x00000000a3b00000, 0x00000000a3b00000|
|  60|0x00000000a3c00000, 0x00000000a3c00000, 0x00000000a3d00000|  0%| F|  |TS  0|AC  0|TAMS 0x00000000a3c00000, 0x00000000a3c00000|
|  61|0x00000000a3d00000, 0x00000000a3d00000, 0x00000000a3e00000|  0%| F|  |TS  0|AC  0|TAMS 0x00000000a3d00000, 0x00000000a3d00000|
|  62|0x00000000a3e00000, 0x00000000a3e00000, 0x00000000a3f00000|  0%| F|  |TS  0|AC  0|TAMS 0x00000000a3e00000, 0x00000000a3e00000|
|  63|0x00000000a3f00000, 0x00000000a3f00000, 0x00000000a4000000|  0%| F|  |TS  0|AC  0|TAMS 0x00000000a3f00000, 0x00000000a3f00000|
|  64|0x00000000a4000000, 0x00000000a4000000, 0x00000000a4100000|  0%| F|  |TS  0|AC  0|TAMS 0x00000000a4000000, 0x00000000a4000000|
|  65|0x00000000a4100000, 0x00000000a4100000, 0x00000000a4200000|  0%| F|  |TS  0|AC  0|TAMS 0x00000000a4100000, 0x00000000a4100000|
|  66|0x00000000a4200000, 0x00000000a4200000, 0x00000000a4300000|  0%| F|  |TS  0|AC  0|TAMS 0x00000000a4200000, 0x00000000a4200000|
|  67|0x00000000a4300000, 0x00000000a4300000, 0x00000000a4400000|  0%| F|  |TS  0|AC  0|TAMS 0x00000000a4300000, 0x00000000a4300000|
|  68|0x00000000a4400000, 0x00000000a4400000, 0x00000000a4500000|  0%| F|  |TS  0|AC  0|TAMS 0x00000000a4400000, 0x00000000a4400000|
|  69|0x00000000a4500000, 0x00000000a4500000, 0x00000000a4600000|  0%| F|  |TS  0|AC  0|TAMS 0x00000000a4500000, 0x00000000a4500000|
|  70|0x00000000a4600000, 0x00000000a4600000, 0x00000000a4700000|  0%| F|  |TS  0|AC  0|TAMS 0x00000000a4600000, 0x00000000a4600000|
|  71|0x00000000a4700000, 0x00000000a4700000, 0x00000000a4800000|  0%| F|  |TS  0|AC  0|TAMS 0x00000000a4700000, 0x00000000a4700000|
|  72|0x00000000a4800000, 0x00000000a4800000, 0x00000000a4900000|  0%| F|  |TS  0|AC  0|TAMS 0x00000000a4800000, 0x00000000a4800000|
|  73|0x00000000a4900000, 0x00000000a4900000, 0x00000000a4a00000|  0%| F|  |TS  0|AC  0|TAMS 0x00000000a4900000, 0x00000000a4900000|
|  74|0x00000000a4a00000, 0x00000000a4a00000, 0x00000000a4b00000|  0%| F|  |TS  0|AC  0|TAMS 0x00000000a4a00000, 0x00000000a4a00000|
|  75|0x00000000a4b00000, 0x00000000a4b00000, 0x00000000a4c00000|  0%| F|  |TS  0|AC  0|TAMS 0x00000000a4b00000, 0x00000000a4b00000|
|  76|0x00000000a4c00000, 0x00000000a4c00000, 0x00000000a4d00000|  0%| F|  |TS  0|AC  0|TAMS 0x00000000a4c00000, 0x00000000a4c00000|
|  77|0x00000000a4d00000, 0x00000000a4d00000, 0x00000000a4e00000|  0%| F|  |TS  0|AC  0|TAMS 0x00000000a4d00000, 0x00000000a4d00000|
|  78|0x00000000a4e00000, 0x00000000a4e00000, 0x00000000a4f00000|  0%| F|  |TS  0|AC  0|TAMS 0x00000000a4e00000, 0x00000000a4e00000|
|  79|0x00000000a4f00000, 0x00000000a4f00000, 0x00000000a5000000|  0%| F|  |TS  0|AC  0|TAMS 0x00000000a4f00000, 0x00000000a4f00000|
|  80|0x00000000a5000000, 0x00000000a5000000, 0x00000000a5100000|  0%| F|  |TS  3|AC  0|TAMS 0x00000000a5000000, 0x00000000a5000000|
|  81|0x00000000a5100000, 0x00000000a5100000, 0x00000000a5200000|  0%| F|  |TS  3|AC  0|TAMS 0x00000000a5100000, 0x00000000a5100000|
|  82|0x00000000a5200000, 0x00000000a5200000, 0x00000000a5300000|  0%| F|  |TS  1|AC  0|TAMS 0x00000000a5200000, 0x00000000a5200000|
|  83|0x00000000a5300000, 0x00000000a5300000, 0x00000000a5400000|  0%| F|  |TS  1|AC  0|TAMS 0x00000000a5300000, 0x00000000a5300000|
|  84|0x00000000a5400000, 0x00000000a5400000, 0x00000000a5500000|  0%| F|  |TS  1|AC  0|TAMS 0x00000000a5400000, 0x00000000a5400000|
|  85|0x00000000a5500000, 0x00000000a5500000, 0x00000000a5600000|  0%| F|  |TS  1|AC  0|TAMS 0x00000000a5500000, 0x00000000a5500000|
|  86|0x00000000a5600000, 0x00000000a5600000, 0x00000000a5700000|  0%| F|  |TS  1|AC  0|TAMS 0x00000000a5600000, 0x00000000a5600000|
|  87|0x00000000a5700000, 0x00000000a5700000, 0x00000000a5800000|  0%| F|  |TS  1|AC  0|TAMS 0x00000000a5700000, 0x00000000a5700000|
|  88|0x00000000a5800000, 0x00000000a5800000, 0x00000000a5900000|  0%| F|  |TS  1|AC  0|TAMS 0x00000000a5800000, 0x00000000a5800000|
|  89|0x00000000a5900000, 0x00000000a5a00000, 0x00000000a5a00000|100%| S|CS|TS  3|AC  0|TAMS 0x00000000a5900000, 0x00000000a5900000|
|  90|0x00000000a5a00000, 0x00000000a5a00000, 0x00000000a5b00000|  0%| F|  |TS  3|AC  0|TAMS 0x00000000a5a00000, 0x00000000a5a00000|
|  91|0x00000000a5b00000, 0x00000000a5b00000, 0x00000000a5c00000|  0%| F|  |TS  3|AC  0|TAMS 0x00000000a5b00000, 0x00000000a5b00000|
|  92|0x00000000a5c00000, 0x00000000a5c00000, 0x00000000a5d00000|  0%| F|  |TS  3|AC  0|TAMS 0x00000000a5c00000, 0x00000000a5c00000|
|  93|0x00000000a5d00000, 0x00000000a5d5f890, 0x00000000a5e00000| 37%| E|  |TS  3|AC  0|TAMS 0x00000000a5d00000, 0x00000000a5d00000|
|  94|0x00000000a5e00000, 0x00000000a5f00000, 0x00000000a5f00000|100%| E|CS|TS  3|AC  0|TAMS 0x00000000a5e00000, 0x00000000a5e00000|
|  95|0x00000000a5f00000, 0x00000000a6000000, 0x00000000a6000000|100%| E|CS|TS  3|AC  0|TAMS 0x00000000a5f00000, 0x00000000a5f00000|

Card table byte_map: [0x000002029cce0000,0x000002029cfe0000] byte_map_base: 0x000002029c7e0000

Marking Bits (Prev, Next): (CMBitMap*) 0x0000020281188ca0, (CMBitMap*) 0x0000020281188cd8
 Prev Bits: [0x000002029d2e0000, 0x000002029eae0000)
 Next Bits: [0x000002029eae0000, 0x00000202a02e0000)

Polling page: 0x00000202811f0000

CodeHeap 'non-profiled nmethods': size=120064Kb used=392Kb max_used=392Kb free=119671Kb
 bounds [0x0000020294b80000, 0x0000020294df0000, 0x000002029c0c0000]
CodeHeap 'profiled nmethods': size=120000Kb used=2224Kb max_used=2224Kb free=117775Kb
 bounds [0x000002028d650000, 0x000002028d8c0000, 0x0000020294b80000]
CodeHeap 'non-nmethods': size=5696Kb used=1215Kb max_used=1249Kb free=4480Kb
 bounds [0x000002028d0c0000, 0x000002028d330000, 0x000002028d650000]
 total_blobs=1636 nmethods=1037 adapters=284
 compilation: enabled

Compilation events (10 events):
Event: 1.331 Thread 0x00000202a3145800 1033   !   4       sun.nio.cs.StreamDecoder::read (196 bytes)
Event: 1.331 Thread 0x00000202a3166000 nmethod 1009 0x000002028d86ad10 code [0x000002028d86aec0, 0x000002028d86b078]
Event: 1.331 Thread 0x00000202a3166000 1012       3       org.codehaus.plexus.util.InterpolationFilterReader::read (477 bytes)
Event: 1.332 Thread 0x00000202a3135000 1034       4       java.nio.ByteBuffer::arrayOffset (35 bytes)
Event: 1.333 Thread 0x00000202a3135000 nmethod 1034 0x0000020294bd9490 code [0x0000020294bd9620, 0x0000020294bd96b8]
Event: 1.333 Thread 0x00000202a3135000 1035       4       java.nio.CharBuffer::arrayOffset (35 bytes)
Event: 1.333 Thread 0x00000202a3135000 nmethod 1035 0x0000020294bd9790 code [0x0000020294bd9920, 0x0000020294bd99b8]
Event: 1.334 Thread 0x00000202a3135000 1036       4       java.nio.CharBuffer::position (6 bytes)
Event: 1.335 Thread 0x00000202a3135000 nmethod 1036 0x0000020294bd9a90 code [0x0000020294bd9c20, 0x0000020294bd9cd8]
Event: 1.335 Thread 0x00000202a3135000 1037       4       java.io.InputStreamReader::read (11 bytes)

GC Heap History (4 events):
Event: 1.025 GC heap before
{Heap before GC invocations=0 (full 0):
 garbage-first heap   total 98304K, used 14336K [0x00000000a0000000, 0x00000000a0100300, 0x0000000100000000)
  region size 1024K, 14 young (14336K), 0 survivors (0K)
 Metaspace       used 9992K, capacity 10220K, committed 10368K, reserved 1058816K
  class space    used 965K, capacity 1070K, committed 1152K, reserved 1048576K
}
Event: 1.040 GC heap after
{Heap after GC invocations=1 (full 0):
 garbage-first heap   total 98304K, used 4169K [0x00000000a0000000, 0x00000000a0100300, 0x0000000100000000)
  region size 1024K, 2 young (2048K), 2 survivors (2048K)
 Metaspace       used 9992K, capacity 10220K, committed 10368K, reserved 1058816K
  class space    used 965K, capacity 1070K, committed 1152K, reserved 1048576K
}
Event: 1.217 GC heap before
{Heap before GC invocations=1 (full 0):
 garbage-first heap   total 98304K, used 10313K [0x00000000a0000000, 0x00000000a0100300, 0x0000000100000000)
  region size 1024K, 8 young (8192K), 2 survivors (2048K)
 Metaspace       used 11266K, capacity 11576K, committed 11776K, reserved 1060864K
  class space    used 1152K, capacity 1244K, committed 1280K, reserved 1048576K
}
Event: 1.233 GC heap after
{Heap after GC invocations=2 (full 0):
 garbage-first heap   total 98304K, used 5298K [0x00000000a0000000, 0x00000000a0100300, 0x0000000100000000)
  region size 1024K, 1 young (1024K), 1 survivors (1024K)
 Metaspace       used 11266K, capacity 11576K, committed 11776K, reserved 1060864K
  class space    used 1152K, capacity 1244K, committed 1280K, reserved 1048576K
}

Deoptimization events (10 events):
Event: 0.823 Thread 0x000002028110f000 Uncommon trap: reason=unstable_if action=reinterpret pc=0x0000020294b9238c method=java.lang.StringLatin1.canEncode(I)Z @ 4 c2
Event: 0.823 Thread 0x000002028110f000 Uncommon trap: reason=unstable_if action=reinterpret pc=0x0000020294b9336c method=java.lang.AbstractStringBuilder.isLatin1()Z @ 10 c2
Event: 0.827 Thread 0x000002028110f000 Uncommon trap: reason=unstable_if action=reinterpret pc=0x0000020294b8e650 method=java.lang.StringLatin1.canEncode(I)Z @ 4 c2
Event: 1.046 Thread 0x000002028110f000 Uncommon trap: reason=unstable_if action=reinterpret pc=0x0000020294bb7504 method=java.lang.ref.SoftReference.get()Ljava/lang/Object; @ 17 c2
Event: 1.136 Thread 0x000002028110f000 Uncommon trap: reason=unstable_if action=reinterpret pc=0x0000020294bb9c64 method=java.util.HashMap.getNode(ILjava/lang/Object;)Ljava/util/HashMap$Node; @ 62 c2
Event: 1.136 Thread 0x000002028110f000 Uncommon trap: reason=bimorphic_or_optimized_type_check action=maybe_recompile pc=0x0000020294bb4334 method=java.util.HashMap.putVal(ILjava/lang/Object;Ljava/lang/Object;ZZ)Ljava/lang/Object; @ 91 c2
Event: 1.141 Thread 0x000002028110f000 Uncommon trap: reason=bimorphic_or_optimized_type_check action=maybe_recompile pc=0x0000020294bb4334 method=java.util.HashMap.putVal(ILjava/lang/Object;Ljava/lang/Object;ZZ)Ljava/lang/Object; @ 91 c2
Event: 1.164 Thread 0x000002028110f000 Uncommon trap: reason=bimorphic_or_optimized_type_check action=maybe_recompile pc=0x0000020294bb4334 method=java.util.HashMap.putVal(ILjava/lang/Object;Ljava/lang/Object;ZZ)Ljava/lang/Object; @ 91 c2
Event: 1.164 Thread 0x000002028110f000 Uncommon trap: reason=bimorphic_or_optimized_type_check action=maybe_recompile pc=0x0000020294bb4334 method=java.util.HashMap.putVal(ILjava/lang/Object;Ljava/lang/Object;ZZ)Ljava/lang/Object; @ 91 c2
Event: 1.318 Thread 0x000002028110f000 Uncommon trap: reason=unstable_if action=reinterpret pc=0x0000020294bb0044 method=org.codehaus.plexus.util.xml.pull.MXParser.more()C @ 8 c2

Classes redefined (0 events):
No events

Internal exceptions (6 events):
Event: 0.639 Thread 0x000002028110f000 Exception <a 'java/lang/NoSuchMethodError'{0x00000000a5ad9a48}: java.lang.Object.lambda$union$2(Ljava/util/regex/Pattern$CharPredicate;I)Z> (0x00000000a5ad9a48) thrown at [t:/workspace/hotspot/src/share/vm/interpreter/linkResolver.cpp, line 731]
Event: 0.711 Thread 0x000002028110f000 Exception <a 'java/lang/NoSuchMethodError'{0x00000000a580ee78}: java.lang.Object.lambda$negate$3(I)Z> (0x00000000a580ee78) thrown at [t:/workspace/hotspot/src/share/vm/interpreter/linkResolver.cpp, line 731]
Event: 0.712 Thread 0x000002028110f000 Exception <a 'java/lang/NoSuchMethodError'{0x00000000a5811b98}: java.lang.Object.lambda$union$1(Ljava/util/regex/Pattern$CharPredicate;I)Z> (0x00000000a5811b98) thrown at [t:/workspace/hotspot/src/share/vm/interpreter/linkResolver.cpp, line 731]
Event: 1.195 Thread 0x000002028110f000 Exception <a 'java/lang/NoSuchMethodError'{0x00000000a5ae04d0}: java.lang.invoke.DirectMethodHandle$Holder.invokeInterface(Ljava/lang/Object;Ljava/lang/Object;Ljava/lang/Object;)I> (0x00000000a5ae04d0) thrown at [t:/workspace/hotspot/src/share/vm/interpre
Event: 1.201 Thread 0x000002028110f000 Exception <a 'java/lang/NoSuchMethodError'{0x00000000a5aec030}: java.lang.invoke.DirectMethodHandle$Holder.invokeStatic(Ljava/lang/Object;Ljava/lang/Object;)I> (0x00000000a5aec030) thrown at [t:/workspace/hotspot/src/share/vm/interpreter/linkResolver.cpp,
Event: 1.214 Thread 0x000002028110f000 Exception <a 'java/lang/NoSuchMethodError'{0x00000000a5af9310}: java.lang.Object.of([Ljava/lang/Object;)Ljava/util/stream/Stream;> (0x00000000a5af9310) thrown at [t:/workspace/hotspot/src/share/vm/interpreter/linkResolver.cpp, line 731]

Events (10 events):
Event: 1.311 loading class org/eclipse/sisu/plexus/PlexusTypeRegistry done
Event: 1.312 loading class org/codehaus/plexus/component/annotations/Component
Event: 1.312 loading class org/codehaus/plexus/component/annotations/Component done
Event: 1.312 loading class org/eclipse/sisu/plexus/ComponentImpl
Event: 1.312 loading class org/eclipse/sisu/plexus/ComponentImpl done
Event: 1.316 loading class org/eclipse/sisu/space/Streams
Event: 1.316 loading class org/eclipse/sisu/space/Streams done
Event: 1.318 Thread 0x000002028110f000 Uncommon trap: trap_request=0xffffff5d fr.pc=0x0000020294bb0044 relative=0x00000000000000a4
Event: 1.318 Thread 0x000002028110f000 DEOPT PACKING pc=0x0000020294bb0044 sp=0x000000a6312fde30
Event: 1.318 Thread 0x000002028110f000 DEOPT UNPACKING pc=0x000002028d10da29 sp=0x000000a6312fddc0 mode 2


Dynamic libraries:
0x00007ff601460000 - 0x00007ff60149e000 	C:\Program Files\Java\jdk-9.0.4\bin\javaw.exe
0x00007ffe478d0000 - 0x00007ffe47ab1000 	C:\WINDOWS\SYSTEM32\ntdll.dll
0x00007ffe47550000 - 0x00007ffe47601000 	C:\WINDOWS\System32\KERNEL32.DLL
0x00007ffe443a0000 - 0x00007ffe44613000 	C:\WINDOWS\System32\KERNELBASE.dll
0x00007ffe46060000 - 0x00007ffe46101000 	C:\WINDOWS\System32\ADVAPI32.dll
0x00007ffe44d30000 - 0x00007ffe44dce000 	C:\WINDOWS\System32\msvcrt.dll
0x00007ffe45ff0000 - 0x00007ffe4604b000 	C:\WINDOWS\System32\sechost.dll
0x00007ffe45d50000 - 0x00007ffe45e74000 	C:\WINDOWS\System32\RPCRT4.dll
0x00007ffe47610000 - 0x00007ffe477a0000 	C:\WINDOWS\System32\USER32.dll
0x00007ffe44190000 - 0x00007ffe441b0000 	C:\WINDOWS\System32\win32u.dll
0x00007ffe453a0000 - 0x00007ffe453c8000 	C:\WINDOWS\System32\GDI32.dll
0x00007ffe44200000 - 0x00007ffe44391000 	C:\WINDOWS\System32\gdi32full.dll
0x00007ffe43df0000 - 0x00007ffe43e8f000 	C:\WINDOWS\System32\msvcp_win.dll
0x00007ffe43c70000 - 0x00007ffe43d68000 	C:\WINDOWS\System32\ucrtbase.dll
0x00007ffe3a650000 - 0x00007ffe3a8b9000 	C:\WINDOWS\WinSxS\amd64_microsoft.windows.common-controls_6595b64144ccf1df_6.0.17134.885_none_fb42a3473065565f\COMCTL32.dll
0x00007ffe453d0000 - 0x00007ffe456f2000 	C:\WINDOWS\System32\combase.dll
0x00007ffe43d70000 - 0x00007ffe43de9000 	C:\WINDOWS\System32\bcryptPrimitives.dll
0x00007ffe3f060000 - 0x00007ffe3f06a000 	C:\WINDOWS\SYSTEM32\VERSION.dll
0x00007ffe44dd0000 - 0x00007ffe44dfd000 	C:\WINDOWS\System32\IMM32.DLL
0x00007ffe31000000 - 0x00007ffe310ef000 	C:\Program Files\Java\jdk-9.0.4\bin\msvcr120.dll
0x00007ffe340b0000 - 0x00007ffe34156000 	C:\Program Files\Java\jdk-9.0.4\bin\msvcp120.dll
0x00000000729c0000 - 0x00000000733e5000 	C:\Program Files\Java\jdk-9.0.4\bin\server\jvm.dll
0x00007ffe45fe0000 - 0x00007ffe45fe8000 	C:\WINDOWS\System32\PSAPI.DLL
0x00007ffe22df0000 - 0x00007ffe22df9000 	C:\WINDOWS\SYSTEM32\WSOCK32.dll
0x00007ffe45700000 - 0x00007ffe4576c000 	C:\WINDOWS\System32\WS2_32.dll
0x00007ffe41d40000 - 0x00007ffe41d63000 	C:\WINDOWS\SYSTEM32\WINMM.dll
0x00007ffe41d10000 - 0x00007ffe41d3a000 	C:\WINDOWS\SYSTEM32\WINMMBASE.dll
0x00007ffe441b0000 - 0x00007ffe441f9000 	C:\WINDOWS\System32\cfgmgr32.dll
0x00007ffe380d0000 - 0x00007ffe380df000 	C:\Program Files\Java\jdk-9.0.4\bin\verify.dll
0x00007ffe38010000 - 0x00007ffe38037000 	C:\Program Files\Java\jdk-9.0.4\bin\java.dll
0x00007ffe380b0000 - 0x00007ffe380c6000 	C:\Program Files\Java\jdk-9.0.4\bin\zip.dll
0x00007ffe33d30000 - 0x00007ffe33d3a000 	C:\Program Files\Java\jdk-9.0.4\bin\jimage.dll
0x00007ffe46110000 - 0x00007ffe47550000 	C:\WINDOWS\System32\SHELL32.dll
0x00007ffe45bc0000 - 0x00007ffe45c69000 	C:\WINDOWS\System32\shcore.dll
0x00007ffe44620000 - 0x00007ffe44d2d000 	C:\WINDOWS\System32\windows.storage.dll
0x00007ffe45f80000 - 0x00007ffe45fd1000 	C:\WINDOWS\System32\shlwapi.dll
0x00007ffe43bd0000 - 0x00007ffe43be1000 	C:\WINDOWS\System32\kernel.appcore.dll
0x00007ffe43c50000 - 0x00007ffe43c6f000 	C:\WINDOWS\System32\profapi.dll
0x00007ffe43bf0000 - 0x00007ffe43c3c000 	C:\WINDOWS\System32\powrprof.dll
0x00007ffe43c40000 - 0x00007ffe43c4a000 	C:\WINDOWS\System32\FLTLIB.DLL
0x00007ffe31e40000 - 0x00007ffe31e5a000 	C:\Program Files\Java\jdk-9.0.4\bin\net.dll
0x00007ffe3f280000 - 0x00007ffe3f35d000 	C:\WINDOWS\SYSTEM32\WINHTTP.dll
0x00007ffe43430000 - 0x00007ffe43496000 	C:\WINDOWS\system32\mswsock.dll
0x00007ffe30fe0000 - 0x00007ffe30ff1000 	C:\Program Files\Java\jdk-9.0.4\bin\nio.dll
0x00007ffe33e40000 - 0x00007ffe34009000 	C:\WINDOWS\SYSTEM32\dbghelp.dll

VM Arguments:
jvm_args: -Dmaven.home=EMBEDDED -Dclassworlds.conf=C:\Users\TB-DB\eclipse-workspace\.metadata\.plugins\org.eclipse.m2e.launching\launches\m2conf1367629948889344652.tmp -Dmaven.multiModuleProjectDirectory=C:\Users\TB-DB\git\DDFramework\DDFramework -Dfile.encoding=Cp1252 
java_command: org.codehaus.plexus.classworlds.launcher.Launcher -B test
java_class_path (initial): D:\New_selenium\eclipse-java-oxygen-3a-win32-x86_64\eclipse\plugins\org.eclipse.m2e.maven.runtime_1.8.3.20180227-2135\jars\plexus-classworlds-2.5.2.jar
Launcher Type: SUN_STANDARD

Logging:
Log output configuration:
#0: stdout all=warning uptime,level,tags
#1: stderr all=off uptime,level,tags

Environment Variables:
JAVA_HOME=C:\Program Files\Java\jdk-8
PATH=C:/Program Files/Java/jdk-8/bin/../jre/bin/server;C:/Program Files/Java/jdk-8/bin/../jre/bin;C:/Program Files/Java/jdk-8/bin/../jre/lib/amd64;"C:\Windows\System32;C:\Program Files\Java\jdk-8\bin";C:\Program Files\Java\jdk-8\bin;C:\WINDOWS\system32;C:\WINDOWS;C:\WINDOWS\System32\Wbem;C:\WINDOWS\System32\WindowsPowerShell\v1.0\;C:\WINDOWS\System32\OpenSSH\;C:\Program Files\Microsoft VS Code\bin;D:\wamp64\bin\php\php7.1.9;C:\ProgramData\ComposerSetup\bin;D:\LatestSeleniumSoftwares\apache-maven-3.6.0-bin\apache-maven-3.6.0\bin;C:\Program Files\Git\cmd;D:\LatestSeleniumSoftwares\apache-ant-1.10.5-bin\apache-ant-1.10.5\bin;D:\wamp64\bin\php\php7.1.9;C:\Users\TB-DB\AppData\Roaming\Composer\vendor\bin;;D:\New_selenium\eclipse-java-oxygen-3a-win32-x86_64\eclipse;
USERNAME=TB-DB
OS=Windows_NT
PROCESSOR_IDENTIFIER=Intel64 Family 6 Model 15 Stepping 11, GenuineIntel



---------------  S Y S T E M  ---------------

OS: Windows 10 , 64 bit Build 17134 (10.0.17134.753)

CPU:total 4 (initial active 4) (4 cores per cpu, 1 threads per core) family 6 model 15 stepping 11, cmov, cx8, fxsr, mmx, sse, sse2, sse3, ssse3, tsc

Memory: 4k page, physical 6289700k(2174016k free), swap 7862564k(2623728k free)

vm_info: Java HotSpot(TM) 64-Bit Server VM (9.0.4+11) for windows-amd64 JRE (9.0.4+11), built on Dec 20 2017 02:18:54 by "mach5one" with MS VC++ 12.0 (VS2013)

END.
