#
# A fatal error has been detected by the Java Runtime Environment:
#
#  EXCEPTION_ACCESS_VIOLATION (0xc0000005) at pc=0x0000026beeee8200, pid=4012, tid=9968
#
# JRE version: Java(TM) SE Runtime Environment (9.0+11) (build 9.0.4+11)
# Java VM: Java HotSpot(TM) 64-Bit Server VM (9.0.4+11, mixed mode, tiered, compressed oops, g1 gc, windows-amd64)
# Problematic frame:
# C  0x0000026beeee8200
#
# No core dump will be written. Minidumps are not enabled by default on client versions of Windows
#
# If you would like to submit a bug report, please visit:
#   http://bugreport.java.com/bugreport/crash.jsp
#

---------------  S U M M A R Y ------------

Command Line: -ea -Dfile.encoding=Cp1252 org.testng.remote.RemoteTestNG -serport 50817 -protocol json -d C:\Users\TB-DB\eclipse-workspace\DDFramework\test-output C:\Users\TB-DB\eclipse-workspace\DDFramework\src\test\resources\runner\testng.xml

Host: Intel(R) Core(TM)2 Quad CPU    Q6600  @ 2.40GHz, 4 cores, 5G,  Windows 10 , 64 bit Build 17134 (10.0.17134.753)
Time: Thu Aug 01 10:33:36 2019 India Standard Time elapsed time: 0 seconds (0d 0h 0m 0s)

---------------  T H R E A D  ---------------

Current thread (0x0000026c5201c800):  JavaThread "main" [_thread_in_Java, id=9968, stack(0x000000f8e5000000,0x000000f8e5100000)]

Stack: [0x000000f8e5000000,0x000000f8e5100000],  sp=0x000000f8e50fb688,  free space=1005k
Native frames: (J=compiled Java code, j=interpreted, Vv=VM code, C=native code)
C  0x0000026beeee8200


siginfo: EXCEPTION_ACCESS_VIOLATION (0xc0000005), data execution prevention violation at address 0x0000026beeee8200


Register to memory mapping:

RIP=0x0000026beeee8200 is an unknown value
RAX={method} {0x0000026c73ab5958} 'CENEXT' '([BI)I' in 'java/util/zip/ZipUtils'
RBX={method} {0x0000026c73ab5958} 'CENEXT' '([BI)I' in 'java/util/zip/ZipUtils'
RCX=0x0000026c73a65c30 is pointing into metadata
RDX=0x00000000a0000000 is an oop
[B 
{0x00000000a0000000} - klass: {type array byte}
 - length: 974306
RSP=0x000000f8e50fb688 is pointing into the stack for thread: 0x0000026c5201c800
RBP=0x000000f8e50fb6f0 is pointing into the stack for thread: 0x0000026c5201c800
RSI=0x0000026c73b45c50 is pointing into metadata
RDI=0x0000000000000178 is an unknown value
R8 =0x00000000000853d0 is an unknown value
R9 =0x00000000000edde2 is an unknown value
R10=0x0000000075c17bc0 jvm.dll
R11=0x0000026c5e4ccac0 is at entry_point+0 in (nmethod*)0x0000026c5e4cc910
R12=0x0000000000000000 is an unknown value
R13=0x000000f8e50fb698 is pointing into the stack for thread: 0x0000026c5201c800
R14=0x000000f8e50fb768 is pointing into the stack for thread: 0x0000026c5201c800
R15=0x0000026c5201c800 is a thread


Registers:
RAX=0x0000026c73ab5950, RBX=0x0000026c73ab5950, RCX=0x0000026c73a65c30, RDX=0x00000000a0000000
RSP=0x000000f8e50fb688, RBP=0x000000f8e50fb6f0, RSI=0x0000026c73b45c50, RDI=0x0000000000000178
R8 =0x00000000000853d0, R9 =0x00000000000edde2, R10=0x0000000075c17bc0, R11=0x0000026c5e4ccac0
R12=0x0000000000000000, R13=0x000000f8e50fb698, R14=0x000000f8e50fb768, R15=0x0000026c5201c800
RIP=0x0000026beeee8200, EFLAGS=0x0000000000010206

Top of Stack: (sp=0x000000f8e50fb688)
0x000000f8e50fb688:   0000026c5deeb040 0000026c5deeb040
0x000000f8e50fb698:   00000000000853d0 00000000a0000000
0x000000f8e50fb6a8:   000000f8e50fb6a8 0000026c73a64c66
0x000000f8e50fb6b8:   000000f8e50fb768 0000026c73a65c30
0x000000f8e50fb6c8:   0000000000000000 00000000a5eee4d8
0x000000f8e50fb6d8:   0000026c73a64eb8 000000f8e50fb698
0x000000f8e50fb6e8:   000000f8e50fb760 000000f8e50fb7b8
0x000000f8e50fb6f8:   0000026c5deeb603 0000000000000000
0x000000f8e50fb708:   0000000000000000 0000000000000061
0x000000f8e50fb718:   0000000000000008 00000000000eddcc
0x000000f8e50fb728:   00000000000853d0 000000000000006c
0x000000f8e50fb738:   0000000000001107 00000000a5b905a8
0x000000f8e50fb748:   00000000ffffffff 00000000c3095465
0x000000f8e50fb758:   0000000000003315 00000000ffffffff
0x000000f8e50fb768:   00000000a5b8c9f0 000000f8e50fb770
0x000000f8e50fb778:   0000026c73a6411c 000000f8e50fb7e8 

Instructions: (pc=0x0000026beeee8200)
0x0000026beeee81e0:   
[error occurred during error reporting (printing registers, top of stack, instructions near pc), id 0xc0000005]


---------------  P R O C E S S  ---------------

Java Threads: ( => current thread )
  0x0000026c7430c000 JavaThread "Service Thread" daemon [_thread_blocked, id=10404, stack(0x000000f8e6600000,0x000000f8e6700000)]
  0x0000026c740a8800 JavaThread "Common-Cleaner" daemon [_thread_blocked, id=7156, stack(0x000000f8e6500000,0x000000f8e6600000)]
  0x0000026c73ff7000 JavaThread "Sweeper thread" daemon [_thread_blocked, id=720, stack(0x000000f8e6400000,0x000000f8e6500000)]
  0x0000026c73fec800 JavaThread "C1 CompilerThread2" daemon [_thread_blocked, id=704, stack(0x000000f8e6300000,0x000000f8e6400000)]
  0x0000026c73fe8800 JavaThread "C2 CompilerThread1" daemon [_thread_blocked, id=6192, stack(0x000000f8e6200000,0x000000f8e6300000)]
  0x0000026c73fdb800 JavaThread "C2 CompilerThread0" daemon [_thread_blocked, id=4896, stack(0x000000f8e6100000,0x000000f8e6200000)]
  0x0000026c73fd9800 JavaThread "Attach Listener" daemon [_thread_blocked, id=3148, stack(0x000000f8e6000000,0x000000f8e6100000)]
  0x0000026c73fd8800 JavaThread "Signal Dispatcher" daemon [_thread_blocked, id=1624, stack(0x000000f8e5f00000,0x000000f8e6000000)]
  0x0000026c73f84000 JavaThread "Finalizer" daemon [_thread_blocked, id=8920, stack(0x000000f8e5e00000,0x000000f8e5f00000)]
  0x0000026c73f7a000 JavaThread "Reference Handler" daemon [_thread_blocked, id=8460, stack(0x000000f8e5d00000,0x000000f8e5e00000)]
=>0x0000026c5201c800 JavaThread "main" [_thread_in_Java, id=9968, stack(0x000000f8e5000000,0x000000f8e5100000)]

Other Threads:
  0x0000026c73f77800 VMThread "VM Thread" [stack: 0x000000f8e5c00000,0x000000f8e5d00000] [id=3572]
  0x0000026c74352800 WatcherThread [stack: 0x000000f8e6700000,0x000000f8e6800000] [id=6824]
  0x0000026c52035000 GCTaskThread "GC Thread#0" [stack: 0x000000f8e5100000,0x000000f8e5200000] [id=6072]
  0x0000026c52036800 GCTaskThread "GC Thread#1" [stack: 0x000000f8e5200000,0x000000f8e5300000] [id=8572]
  0x0000026c52038000 GCTaskThread "GC Thread#2" [stack: 0x000000f8e5300000,0x000000f8e5400000] [id=7208]
  0x0000026c5203a800 GCTaskThread "GC Thread#3" [stack: 0x000000f8e5400000,0x000000f8e5500000] [id=5236]
  0x0000026c520a6800 ConcurrentGCThread "G1 Main Marker" [stack: 0x000000f8e5a00000,0x000000f8e5b00000] [id=10192]
  0x0000026c520a9000 ConcurrentGCThread "G1 Marker#0" [stack: 0x000000f8e5b00000,0x000000f8e5c00000] [id=4888]
  0x0000026c5204c000 ConcurrentGCThread "G1 Refine#0" [stack: 0x000000f8e5800000,0x000000f8e5900000] [id=5304]
  0x0000026c5204d800 ConcurrentGCThread "G1 Refine#1" [stack: 0x000000f8e5700000,0x000000f8e5800000] [id=5368]
  0x0000026c52040800 ConcurrentGCThread "G1 Refine#2" [stack: 0x000000f8e5600000,0x000000f8e5700000] [id=9192]
  0x0000026c5203c000 ConcurrentGCThread "G1 Refine#3" [stack: 0x000000f8e5500000,0x000000f8e5600000] [id=3272]
  0x0000026c52056800 ConcurrentGCThread "G1 Young RemSet Sampling" [stack: 0x000000f8e5900000,0x000000f8e5a00000] [id=112]

Threads with active compile tasks:

VM state:not at safepoint (normal execution)

VM Mutex/Monitor currently owned by a thread: None

Heap address: 0x00000000a0000000, size: 1536 MB, Compressed Oops mode: 32-bit
Narrow klass base: 0x0000000000000000, Narrow klass shift: 3
Compressed class space size: 1073741824 Address: 0x0000000100000000

Heap:
 garbage-first heap   total 98304K, used 6144K [0x00000000a0000000, 0x00000000a0100300, 0x0000000100000000)
  region size 1024K, 6 young (6144K), 0 survivors (0K)
 Metaspace       used 7411K, capacity 7590K, committed 7680K, reserved 1056768K
  class space    used 682K, capacity 719K, committed 768K, reserved 1048576K
Heap Regions: E=young(eden), S=young(survivor), O=old, HS=humongous(starts), HC=humongous(continues), CS=collection set, F=free, A=archive, TS=gc time stamp, AC=allocation context, TAMS=top-at-mark-start (previous, next)
|   0|0x00000000a0000000, 0x00000000a0100000, 0x00000000a0100000|100%|HS|  |TS  0|AC  0|TAMS 0x00000000a0000000, 0x00000000a0000000|
|   1|0x00000000a0100000, 0x00000000a0100000, 0x00000000a0200000|  0%| F|  |TS  0|AC  0|TAMS 0x00000000a0100000, 0x00000000a0100000|
|   2|0x00000000a0200000, 0x00000000a0200000, 0x00000000a0300000|  0%| F|  |TS  0|AC  0|TAMS 0x00000000a0200000, 0x00000000a0200000|
|   3|0x00000000a0300000, 0x00000000a0300000, 0x00000000a0400000|  0%| F|  |TS  0|AC  0|TAMS 0x00000000a0300000, 0x00000000a0300000|
|   4|0x00000000a0400000, 0x00000000a0400000, 0x00000000a0500000|  0%| F|  |TS  0|AC  0|TAMS 0x00000000a0400000, 0x00000000a0400000|
|   5|0x00000000a0500000, 0x00000000a0500000, 0x00000000a0600000|  0%| F|  |TS  0|AC  0|TAMS 0x00000000a0500000, 0x00000000a0500000|
|   6|0x00000000a0600000, 0x00000000a0600000, 0x00000000a0700000|  0%| F|  |TS  0|AC  0|TAMS 0x00000000a0600000, 0x00000000a0600000|
|   7|0x00000000a0700000, 0x00000000a0700000, 0x00000000a0800000|  0%| F|  |TS  0|AC  0|TAMS 0x00000000a0700000, 0x00000000a0700000|
|   8|0x00000000a0800000, 0x00000000a0800000, 0x00000000a0900000|  0%| F|  |TS  0|AC  0|TAMS 0x00000000a0800000, 0x00000000a0800000|
|   9|0x00000000a0900000, 0x00000000a0900000, 0x00000000a0a00000|  0%| F|  |TS  0|AC  0|TAMS 0x00000000a0900000, 0x00000000a0900000|
|  10|0x00000000a0a00000, 0x00000000a0a00000, 0x00000000a0b00000|  0%| F|  |TS  0|AC  0|TAMS 0x00000000a0a00000, 0x00000000a0a00000|
|  11|0x00000000a0b00000, 0x00000000a0b00000, 0x00000000a0c00000|  0%| F|  |TS  0|AC  0|TAMS 0x00000000a0b00000, 0x00000000a0b00000|
|  12|0x00000000a0c00000, 0x00000000a0c00000, 0x00000000a0d00000|  0%| F|  |TS  0|AC  0|TAMS 0x00000000a0c00000, 0x00000000a0c00000|
|  13|0x00000000a0d00000, 0x00000000a0d00000, 0x00000000a0e00000|  0%| F|  |TS  0|AC  0|TAMS 0x00000000a0d00000, 0x00000000a0d00000|
|  14|0x00000000a0e00000, 0x00000000a0e00000, 0x00000000a0f00000|  0%| F|  |TS  0|AC  0|TAMS 0x00000000a0e00000, 0x00000000a0e00000|
|  15|0x00000000a0f00000, 0x00000000a0f00000, 0x00000000a1000000|  0%| F|  |TS  0|AC  0|TAMS 0x00000000a0f00000, 0x00000000a0f00000|
|  16|0x00000000a1000000, 0x00000000a1000000, 0x00000000a1100000|  0%| F|  |TS  0|AC  0|TAMS 0x00000000a1000000, 0x00000000a1000000|
|  17|0x00000000a1100000, 0x00000000a1100000, 0x00000000a1200000|  0%| F|  |TS  0|AC  0|TAMS 0x00000000a1100000, 0x00000000a1100000|
|  18|0x00000000a1200000, 0x00000000a1200000, 0x00000000a1300000|  0%| F|  |TS  0|AC  0|TAMS 0x00000000a1200000, 0x00000000a1200000|
|  19|0x00000000a1300000, 0x00000000a1300000, 0x00000000a1400000|  0%| F|  |TS  0|AC  0|TAMS 0x00000000a1300000, 0x00000000a1300000|
|  20|0x00000000a1400000, 0x00000000a1400000, 0x00000000a1500000|  0%| F|  |TS  0|AC  0|TAMS 0x00000000a1400000, 0x00000000a1400000|
|  21|0x00000000a1500000, 0x00000000a1500000, 0x00000000a1600000|  0%| F|  |TS  0|AC  0|TAMS 0x00000000a1500000, 0x00000000a1500000|
|  22|0x00000000a1600000, 0x00000000a1600000, 0x00000000a1700000|  0%| F|  |TS  0|AC  0|TAMS 0x00000000a1600000, 0x00000000a1600000|
|  23|0x00000000a1700000, 0x00000000a1700000, 0x00000000a1800000|  0%| F|  |TS  0|AC  0|TAMS 0x00000000a1700000, 0x00000000a1700000|
|  24|0x00000000a1800000, 0x00000000a1800000, 0x00000000a1900000|  0%| F|  |TS  0|AC  0|TAMS 0x00000000a1800000, 0x00000000a1800000|
|  25|0x00000000a1900000, 0x00000000a1900000, 0x00000000a1a00000|  0%| F|  |TS  0|AC  0|TAMS 0x00000000a1900000, 0x00000000a1900000|
|  26|0x00000000a1a00000, 0x00000000a1a00000, 0x00000000a1b00000|  0%| F|  |TS  0|AC  0|TAMS 0x00000000a1a00000, 0x00000000a1a00000|
|  27|0x00000000a1b00000, 0x00000000a1b00000, 0x00000000a1c00000|  0%| F|  |TS  0|AC  0|TAMS 0x00000000a1b00000, 0x00000000a1b00000|
|  28|0x00000000a1c00000, 0x00000000a1c00000, 0x00000000a1d00000|  0%| F|  |TS  0|AC  0|TAMS 0x00000000a1c00000, 0x00000000a1c00000|
|  29|0x00000000a1d00000, 0x00000000a1d00000, 0x00000000a1e00000|  0%| F|  |TS  0|AC  0|TAMS 0x00000000a1d00000, 0x00000000a1d00000|
|  30|0x00000000a1e00000, 0x00000000a1e00000, 0x00000000a1f00000|  0%| F|  |TS  0|AC  0|TAMS 0x00000000a1e00000, 0x00000000a1e00000|
|  31|0x00000000a1f00000, 0x00000000a1f00000, 0x00000000a2000000|  0%| F|  |TS  0|AC  0|TAMS 0x00000000a1f00000, 0x00000000a1f00000|
|  32|0x00000000a2000000, 0x00000000a2000000, 0x00000000a2100000|  0%| F|  |TS  0|AC  0|TAMS 0x00000000a2000000, 0x00000000a2000000|
|  33|0x00000000a2100000, 0x00000000a2100000, 0x00000000a2200000|  0%| F|  |TS  0|AC  0|TAMS 0x00000000a2100000, 0x00000000a2100000|
|  34|0x00000000a2200000, 0x00000000a2200000, 0x00000000a2300000|  0%| F|  |TS  0|AC  0|TAMS 0x00000000a2200000, 0x00000000a2200000|
|  35|0x00000000a2300000, 0x00000000a2300000, 0x00000000a2400000|  0%| F|  |TS  0|AC  0|TAMS 0x00000000a2300000, 0x00000000a2300000|
|  36|0x00000000a2400000, 0x00000000a2400000, 0x00000000a2500000|  0%| F|  |TS  0|AC  0|TAMS 0x00000000a2400000, 0x00000000a2400000|
|  37|0x00000000a2500000, 0x00000000a2500000, 0x00000000a2600000|  0%| F|  |TS  0|AC  0|TAMS 0x00000000a2500000, 0x00000000a2500000|
|  38|0x00000000a2600000, 0x00000000a2600000, 0x00000000a2700000|  0%| F|  |TS  0|AC  0|TAMS 0x00000000a2600000, 0x00000000a2600000|
|  39|0x00000000a2700000, 0x00000000a2700000, 0x00000000a2800000|  0%| F|  |TS  0|AC  0|TAMS 0x00000000a2700000, 0x00000000a2700000|
|  40|0x00000000a2800000, 0x00000000a2800000, 0x00000000a2900000|  0%| F|  |TS  0|AC  0|TAMS 0x00000000a2800000, 0x00000000a2800000|
|  41|0x00000000a2900000, 0x00000000a2900000, 0x00000000a2a00000|  0%| F|  |TS  0|AC  0|TAMS 0x00000000a2900000, 0x00000000a2900000|
|  42|0x00000000a2a00000, 0x00000000a2a00000, 0x00000000a2b00000|  0%| F|  |TS  0|AC  0|TAMS 0x00000000a2a00000, 0x00000000a2a00000|
|  43|0x00000000a2b00000, 0x00000000a2b00000, 0x00000000a2c00000|  0%| F|  |TS  0|AC  0|TAMS 0x00000000a2b00000, 0x00000000a2b00000|
|  44|0x00000000a2c00000, 0x00000000a2c00000, 0x00000000a2d00000|  0%| F|  |TS  0|AC  0|TAMS 0x00000000a2c00000, 0x00000000a2c00000|
|  45|0x00000000a2d00000, 0x00000000a2d00000, 0x00000000a2e00000|  0%| F|  |TS  0|AC  0|TAMS 0x00000000a2d00000, 0x00000000a2d00000|
|  46|0x00000000a2e00000, 0x00000000a2e00000, 0x00000000a2f00000|  0%| F|  |TS  0|AC  0|TAMS 0x00000000a2e00000, 0x00000000a2e00000|
|  47|0x00000000a2f00000, 0x00000000a2f00000, 0x00000000a3000000|  0%| F|  |TS  0|AC  0|TAMS 0x00000000a2f00000, 0x00000000a2f00000|
|  48|0x00000000a3000000, 0x00000000a3000000, 0x00000000a3100000|  0%| F|  |TS  0|AC  0|TAMS 0x00000000a3000000, 0x00000000a3000000|
|  49|0x00000000a3100000, 0x00000000a3100000, 0x00000000a3200000|  0%| F|  |TS  0|AC  0|TAMS 0x00000000a3100000, 0x00000000a3100000|
|  50|0x00000000a3200000, 0x00000000a3200000, 0x00000000a3300000|  0%| F|  |TS  0|AC  0|TAMS 0x00000000a3200000, 0x00000000a3200000|
|  51|0x00000000a3300000, 0x00000000a3300000, 0x00000000a3400000|  0%| F|  |TS  0|AC  0|TAMS 0x00000000a3300000, 0x00000000a3300000|
|  52|0x00000000a3400000, 0x00000000a3400000, 0x00000000a3500000|  0%| F|  |TS  0|AC  0|TAMS 0x00000000a3400000, 0x00000000a3400000|
|  53|0x00000000a3500000, 0x00000000a3500000, 0x00000000a3600000|  0%| F|  |TS  0|AC  0|TAMS 0x00000000a3500000, 0x00000000a3500000|
|  54|0x00000000a3600000, 0x00000000a3600000, 0x00000000a3700000|  0%| F|  |TS  0|AC  0|TAMS 0x00000000a3600000, 0x00000000a3600000|
|  55|0x00000000a3700000, 0x00000000a3700000, 0x00000000a3800000|  0%| F|  |TS  0|AC  0|TAMS 0x00000000a3700000, 0x00000000a3700000|
|  56|0x00000000a3800000, 0x00000000a3800000, 0x00000000a3900000|  0%| F|  |TS  0|AC  0|TAMS 0x00000000a3800000, 0x00000000a3800000|
|  57|0x00000000a3900000, 0x00000000a3900000, 0x00000000a3a00000|  0%| F|  |TS  0|AC  0|TAMS 0x00000000a3900000, 0x00000000a3900000|
|  58|0x00000000a3a00000, 0x00000000a3a00000, 0x00000000a3b00000|  0%| F|  |TS  0|AC  0|TAMS 0x00000000a3a00000, 0x00000000a3a00000|
|  59|0x00000000a3b00000, 0x00000000a3b00000, 0x00000000a3c00000|  0%| F|  |TS  0|AC  0|TAMS 0x00000000a3b00000, 0x00000000a3b00000|
|  60|0x00000000a3c00000, 0x00000000a3c00000, 0x00000000a3d00000|  0%| F|  |TS  0|AC  0|TAMS 0x00000000a3c00000, 0x00000000a3c00000|
|  61|0x00000000a3d00000, 0x00000000a3d00000, 0x00000000a3e00000|  0%| F|  |TS  0|AC  0|TAMS 0x00000000a3d00000, 0x00000000a3d00000|
|  62|0x00000000a3e00000, 0x00000000a3e00000, 0x00000000a3f00000|  0%| F|  |TS  0|AC  0|TAMS 0x00000000a3e00000, 0x00000000a3e00000|
|  63|0x00000000a3f00000, 0x00000000a3f00000, 0x00000000a4000000|  0%| F|  |TS  0|AC  0|TAMS 0x00000000a3f00000, 0x00000000a3f00000|
|  64|0x00000000a4000000, 0x00000000a4000000, 0x00000000a4100000|  0%| F|  |TS  0|AC  0|TAMS 0x00000000a4000000, 0x00000000a4000000|
|  65|0x00000000a4100000, 0x00000000a4100000, 0x00000000a4200000|  0%| F|  |TS  0|AC  0|TAMS 0x00000000a4100000, 0x00000000a4100000|
|  66|0x00000000a4200000, 0x00000000a4200000, 0x00000000a4300000|  0%| F|  |TS  0|AC  0|TAMS 0x00000000a4200000, 0x00000000a4200000|
|  67|0x00000000a4300000, 0x00000000a4300000, 0x00000000a4400000|  0%| F|  |TS  0|AC  0|TAMS 0x00000000a4300000, 0x00000000a4300000|
|  68|0x00000000a4400000, 0x00000000a4400000, 0x00000000a4500000|  0%| F|  |TS  0|AC  0|TAMS 0x00000000a4400000, 0x00000000a4400000|
|  69|0x00000000a4500000, 0x00000000a4500000, 0x00000000a4600000|  0%| F|  |TS  0|AC  0|TAMS 0x00000000a4500000, 0x00000000a4500000|
|  70|0x00000000a4600000, 0x00000000a4600000, 0x00000000a4700000|  0%| F|  |TS  0|AC  0|TAMS 0x00000000a4600000, 0x00000000a4600000|
|  71|0x00000000a4700000, 0x00000000a4700000, 0x00000000a4800000|  0%| F|  |TS  0|AC  0|TAMS 0x00000000a4700000, 0x00000000a4700000|
|  72|0x00000000a4800000, 0x00000000a4800000, 0x00000000a4900000|  0%| F|  |TS  0|AC  0|TAMS 0x00000000a4800000, 0x00000000a4800000|
|  73|0x00000000a4900000, 0x00000000a4900000, 0x00000000a4a00000|  0%| F|  |TS  0|AC  0|TAMS 0x00000000a4900000, 0x00000000a4900000|
|  74|0x00000000a4a00000, 0x00000000a4a00000, 0x00000000a4b00000|  0%| F|  |TS  0|AC  0|TAMS 0x00000000a4a00000, 0x00000000a4a00000|
|  75|0x00000000a4b00000, 0x00000000a4b00000, 0x00000000a4c00000|  0%| F|  |TS  0|AC  0|TAMS 0x00000000a4b00000, 0x00000000a4b00000|
|  76|0x00000000a4c00000, 0x00000000a4c00000, 0x00000000a4d00000|  0%| F|  |TS  0|AC  0|TAMS 0x00000000a4c00000, 0x00000000a4c00000|
|  77|0x00000000a4d00000, 0x00000000a4d00000, 0x00000000a4e00000|  0%| F|  |TS  0|AC  0|TAMS 0x00000000a4d00000, 0x00000000a4d00000|
|  78|0x00000000a4e00000, 0x00000000a4e00000, 0x00000000a4f00000|  0%| F|  |TS  0|AC  0|TAMS 0x00000000a4e00000, 0x00000000a4e00000|
|  79|0x00000000a4f00000, 0x00000000a4f00000, 0x00000000a5000000|  0%| F|  |TS  0|AC  0|TAMS 0x00000000a4f00000, 0x00000000a4f00000|
|  80|0x00000000a5000000, 0x00000000a5000000, 0x00000000a5100000|  0%| F|  |TS  0|AC  0|TAMS 0x00000000a5000000, 0x00000000a5000000|
|  81|0x00000000a5100000, 0x00000000a5100000, 0x00000000a5200000|  0%| F|  |TS  0|AC  0|TAMS 0x00000000a5100000, 0x00000000a5100000|
|  82|0x00000000a5200000, 0x00000000a5200000, 0x00000000a5300000|  0%| F|  |TS  0|AC  0|TAMS 0x00000000a5200000, 0x00000000a5200000|
|  83|0x00000000a5300000, 0x00000000a5300000, 0x00000000a5400000|  0%| F|  |TS  0|AC  0|TAMS 0x00000000a5300000, 0x00000000a5300000|
|  84|0x00000000a5400000, 0x00000000a5400000, 0x00000000a5500000|  0%| F|  |TS  0|AC  0|TAMS 0x00000000a5400000, 0x00000000a5400000|
|  85|0x00000000a5500000, 0x00000000a5500000, 0x00000000a5600000|  0%| F|  |TS  0|AC  0|TAMS 0x00000000a5500000, 0x00000000a5500000|
|  86|0x00000000a5600000, 0x00000000a5600000, 0x00000000a5700000|  0%| F|  |TS  0|AC  0|TAMS 0x00000000a5600000, 0x00000000a5600000|
|  87|0x00000000a5700000, 0x00000000a5700000, 0x00000000a5800000|  0%| F|  |TS  0|AC  0|TAMS 0x00000000a5700000, 0x00000000a5700000|
|  88|0x00000000a5800000, 0x00000000a5800000, 0x00000000a5900000|  0%| F|  |TS  0|AC  0|TAMS 0x00000000a5800000, 0x00000000a5800000|
|  89|0x00000000a5900000, 0x00000000a5900000, 0x00000000a5a00000|  0%| F|  |TS  0|AC  0|TAMS 0x00000000a5900000, 0x00000000a5900000|
|  90|0x00000000a5a00000, 0x00000000a5a15d28, 0x00000000a5b00000|  8%| E|  |TS  0|AC  0|TAMS 0x00000000a5a00000, 0x00000000a5a00000|
|  91|0x00000000a5b00000, 0x00000000a5c00000, 0x00000000a5c00000|100%| E|CS|TS  0|AC  0|TAMS 0x00000000a5b00000, 0x00000000a5b00000|
|  92|0x00000000a5c00000, 0x00000000a5d00000, 0x00000000a5d00000|100%| E|CS|TS  0|AC  0|TAMS 0x00000000a5c00000, 0x00000000a5c00000|
|  93|0x00000000a5d00000, 0x00000000a5e00000, 0x00000000a5e00000|100%| E|CS|TS  0|AC  0|TAMS 0x00000000a5d00000, 0x00000000a5d00000|
|  94|0x00000000a5e00000, 0x00000000a5f00000, 0x00000000a5f00000|100%| E|CS|TS  0|AC  0|TAMS 0x00000000a5e00000, 0x00000000a5e00000|
|  95|0x00000000a5f00000, 0x00000000a6000000, 0x00000000a6000000|100%| E|CS|TS  0|AC  0|TAMS 0x00000000a5f00000, 0x00000000a5f00000|

Card table byte_map: [0x0000026c6db10000,0x0000026c6de10000] byte_map_base: 0x0000026c6d610000

Marking Bits (Prev, Next): (CMBitMap*) 0x0000026c520a59b0, (CMBitMap*) 0x0000026c520a59e8
 Prev Bits: [0x0000026c6e110000, 0x0000026c6f910000)
 Next Bits: [0x0000026c6f910000, 0x0000026c71110000)

Polling page: 0x0000026c51fa0000

CodeHeap 'non-profiled nmethods': size=120064Kb used=175Kb max_used=175Kb free=119888Kb
 bounds [0x0000026c659a0000, 0x0000026c65c10000, 0x0000026c6cee0000]
CodeHeap 'profiled nmethods': size=120000Kb used=751Kb max_used=751Kb free=119248Kb
 bounds [0x0000026c5e470000, 0x0000026c5e6e0000, 0x0000026c659a0000]
CodeHeap 'non-nmethods': size=5696Kb used=1196Kb max_used=1218Kb free=4500Kb
 bounds [0x0000026c5dee0000, 0x0000026c5e150000, 0x0000026c5e470000]
 total_blobs=990 nmethods=516 adapters=247
 compilation: enabled

Compilation events (10 events):
Event: 0.525 Thread 0x0000026c73fe8800 nmethod 510 0x0000026c659ca410 code [0x0000026c659ca5a0, 0x0000026c659ca658]
Event: 0.525 Thread 0x0000026c73fe8800  512       4       java.util.zip.ZipUtils::CENHOW (9 bytes)
Event: 0.526 Thread 0x0000026c73fdb800 nmethod 511 0x0000026c659ca790 code [0x0000026c659ca920, 0x0000026c659ca9f8]
Event: 0.526 Thread 0x0000026c73fdb800  513       4       java.util.zip.ZipUtils::CENEXT (9 bytes)
Event: 0.526 Thread 0x0000026c73fe8800 nmethod 512 0x0000026c659cab10 code [0x0000026c659caca0, 0x0000026c659cad58]
Event: 0.526 Thread 0x0000026c73fe8800  516       4       java.util.zip.ZipFile$Source::isMetaName (141 bytes)
Event: 0.527 Thread 0x0000026c73fdb800 nmethod 513 0x0000026c659cae90 code [0x0000026c659cb020, 0x0000026c659cb0d8]
Event: 0.527 Thread 0x0000026c73fdb800  514       4       java.util.zip.ZipUtils::CENCOM (9 bytes)
Event: 0.528 Thread 0x0000026c73fdb800 nmethod 514 0x0000026c659cb210 code [0x0000026c659cb3a0, 0x0000026c659cb458]
Event: 0.528 Thread 0x0000026c73fdb800  515       4       java.util.zip.ZipUtils::CENFLG (9 bytes)

GC Heap History (0 events):
No events

Deoptimization events (7 events):
Event: 0.266 Thread 0x0000026c5201c800 Uncommon trap: reason=unstable_if action=reinterpret pc=0x0000026c659a6a04 method=java.lang.StringLatin1.indexOf([BII)I @ 23 c2
Event: 0.281 Thread 0x0000026c5201c800 Uncommon trap: reason=range_check action=reinterpret pc=0x0000026c659a972c method=java.lang.StringLatin1.indexOf([BII)I @ 13 c2
Event: 0.281 Thread 0x0000026c5201c800 Uncommon trap: reason=range_check action=reinterpret pc=0x0000026c659a3bd4 method=java.lang.StringLatin1.indexOf([BII)I @ 13 c2
Event: 0.312 Thread 0x0000026c5201c800 Uncommon trap: reason=unstable_if action=reinterpret pc=0x0000026c659a2a18 method=java.lang.String.charAt(I)C @ 4 c2
Event: 0.480 Thread 0x0000026c5201c800 Uncommon trap: reason=bimorphic_or_optimized_type_check action=maybe_recompile pc=0x0000026c659c19cc method=java.util.HashMap.getNode(ILjava/lang/Object;)Ljava/util/HashMap$Node; @ 126 c2
Event: 0.483 Thread 0x0000026c5201c800 Uncommon trap: reason=bimorphic_or_optimized_type_check action=maybe_recompile pc=0x0000026c659c19cc method=java.util.HashMap.getNode(ILjava/lang/Object;)Ljava/util/HashMap$Node; @ 126 c2
Event: 0.490 Thread 0x0000026c5201c800 Uncommon trap: reason=bimorphic_or_optimized_type_check action=maybe_recompile pc=0x0000026c659c1950 method=java.util.HashMap.getNode(ILjava/lang/Object;)Ljava/util/HashMap$Node; @ 59 c2

Classes redefined (0 events):
No events

Internal exceptions (3 events):
Event: 0.432 Thread 0x0000026c5201c800 Exception <a 'java/lang/NoSuchMethodError'{0x00000000a5c4fda8}: java.lang.invoke.DirectMethodHandle$Holder.invokeInterface(Ljava/lang/Object;Ljava/lang/Object;Ljava/lang/Object;)I> (0x00000000a5c4fda8) thrown at [t:/workspace/hotspot/src/share/vm/interpre
Event: 0.438 Thread 0x0000026c5201c800 Exception <a 'java/lang/NoSuchMethodError'{0x00000000a5c5c320}: java.lang.invoke.DirectMethodHandle$Holder.invokeStatic(Ljava/lang/Object;Ljava/lang/Object;)I> (0x00000000a5c5c320) thrown at [t:/workspace/hotspot/src/share/vm/interpreter/linkResolver.cpp,
Event: 0.441 Thread 0x0000026c5201c800 Exception <a 'java/lang/NoSuchMethodError'{0x00000000a5c69260}: java.lang.Object.of([Ljava/lang/Object;)Ljava/util/stream/Stream;> (0x00000000a5c69260) thrown at [t:/workspace/hotspot/src/share/vm/interpreter/linkResolver.cpp, line 731]

Events (10 events):
Event: 0.508 loading class jdk/internal/jimage/ImageLocation
Event: 0.508 loading class jdk/internal/jimage/ImageLocation done
Event: 0.509 loading class java/util/Collections$EmptyEnumeration
Event: 0.509 loading class java/util/Collections$EmptyEnumeration done
Event: 0.509 loading class jdk/internal/loader/BuiltinClassLoader$1
Event: 0.510 loading class jdk/internal/loader/BuiltinClassLoader$1 done
Event: 0.511 loading class java/lang/CompoundEnumeration
Event: 0.511 loading class java/lang/CompoundEnumeration done
Event: 0.511 loading class jdk/internal/loader/URLClassPath$1
Event: 0.512 loading class jdk/internal/loader/URLClassPath$1 done


Dynamic libraries:
0x00007ff7e2260000 - 0x00007ff7e229e000 	C:\Program Files\Java\jdk-9.0.4\bin\javaw.exe
0x00007fffb2db0000 - 0x00007fffb2f91000 	C:\WINDOWS\SYSTEM32\ntdll.dll
0x00007fffb2ab0000 - 0x00007fffb2b61000 	C:\WINDOWS\System32\KERNEL32.DLL
0x00007fffafc80000 - 0x00007fffafef3000 	C:\WINDOWS\System32\KERNELBASE.dll
0x00007fffb1a60000 - 0x00007fffb1b01000 	C:\WINDOWS\System32\ADVAPI32.dll
0x00007fffb2110000 - 0x00007fffb21ae000 	C:\WINDOWS\System32\msvcrt.dll
0x00007fffb24d0000 - 0x00007fffb252b000 	C:\WINDOWS\System32\sechost.dll
0x00007fffb1fe0000 - 0x00007fffb2104000 	C:\WINDOWS\System32\RPCRT4.dll
0x00007fffb1b10000 - 0x00007fffb1ca0000 	C:\WINDOWS\System32\USER32.dll
0x00007fffaf260000 - 0x00007fffaf280000 	C:\WINDOWS\System32\win32u.dll
0x00007fffb23b0000 - 0x00007fffb23d8000 	C:\WINDOWS\System32\GDI32.dll
0x00007fffb0070000 - 0x00007fffb0201000 	C:\WINDOWS\System32\gdi32full.dll
0x00007fffaff00000 - 0x00007fffaff9f000 	C:\WINDOWS\System32\msvcp_win.dll
0x00007fffaf280000 - 0x00007fffaf378000 	C:\WINDOWS\System32\ucrtbase.dll
0x00007fffa5b40000 - 0x00007fffa5da9000 	C:\WINDOWS\WinSxS\amd64_microsoft.windows.common-controls_6595b64144ccf1df_6.0.17134.885_none_fb42a3473065565f\COMCTL32.dll
0x00007fffb16b0000 - 0x00007fffb19d2000 	C:\WINDOWS\System32\combase.dll
0x00007fffaffa0000 - 0x00007fffb0019000 	C:\WINDOWS\System32\bcryptPrimitives.dll
0x00007fffaab40000 - 0x00007fffaab4a000 	C:\WINDOWS\SYSTEM32\VERSION.dll
0x00007fffb1fb0000 - 0x00007fffb1fdd000 	C:\WINDOWS\System32\IMM32.DLL
0x00007fff9fca0000 - 0x00007fff9fd8f000 	C:\Program Files\Java\jdk-9.0.4\bin\msvcr120.dll
0x00007fff9bd90000 - 0x00007fff9be36000 	C:\Program Files\Java\jdk-9.0.4\bin\msvcp120.dll
0x00000000752a0000 - 0x0000000075cc5000 	C:\Program Files\Java\jdk-9.0.4\bin\server\jvm.dll
0x00007fffb1a50000 - 0x00007fffb1a58000 	C:\WINDOWS\System32\PSAPI.DLL
0x00007fff89f60000 - 0x00007fff89f69000 	C:\WINDOWS\SYSTEM32\WSOCK32.dll
0x00007fffad220000 - 0x00007fffad243000 	C:\WINDOWS\SYSTEM32\WINMM.dll
0x00007fffad1f0000 - 0x00007fffad21a000 	C:\WINDOWS\SYSTEM32\WINMMBASE.dll
0x00007fffb0020000 - 0x00007fffb0069000 	C:\WINDOWS\System32\cfgmgr32.dll
0x00007fffb19e0000 - 0x00007fffb1a4c000 	C:\WINDOWS\System32\WS2_32.dll
0x00007fffa2930000 - 0x00007fffa293f000 	C:\Program Files\Java\jdk-9.0.4\bin\verify.dll
0x00007fffa0980000 - 0x00007fffa09a7000 	C:\Program Files\Java\jdk-9.0.4\bin\java.dll
0x00007fffa0c50000 - 0x00007fffa0c66000 	C:\Program Files\Java\jdk-9.0.4\bin\zip.dll
0x00007fff9e3d0000 - 0x00007fff9e3da000 	C:\Program Files\Java\jdk-9.0.4\bin\jimage.dll
0x00007fffb0270000 - 0x00007fffb16b0000 	C:\WINDOWS\System32\SHELL32.dll
0x00007fffb1ca0000 - 0x00007fffb1d49000 	C:\WINDOWS\System32\shcore.dll
0x00007fffaf380000 - 0x00007fffafa8d000 	C:\WINDOWS\System32\windows.storage.dll
0x00007fffb2530000 - 0x00007fffb2581000 	C:\WINDOWS\System32\shlwapi.dll
0x00007fffaf130000 - 0x00007fffaf141000 	C:\WINDOWS\System32\kernel.appcore.dll
0x00007fffaf0a0000 - 0x00007fffaf0bf000 	C:\WINDOWS\System32\profapi.dll
0x00007fffaf0c0000 - 0x00007fffaf10c000 	C:\WINDOWS\System32\powrprof.dll
0x00007fffaf090000 - 0x00007fffaf09a000 	C:\WINDOWS\System32\FLTLIB.DLL
0x00007fff9e3b0000 - 0x00007fff9e3ca000 	C:\Program Files\Java\jdk-9.0.4\bin\net.dll
0x00007fffa9ed0000 - 0x00007fffa9fad000 	C:\WINDOWS\SYSTEM32\WINHTTP.dll
0x00007fffae910000 - 0x00007fffae976000 	C:\WINDOWS\system32\mswsock.dll
0x00007fff9e300000 - 0x00007fff9e311000 	C:\Program Files\Java\jdk-9.0.4\bin\nio.dll
0x00007fff9f800000 - 0x00007fff9f9c9000 	C:\WINDOWS\SYSTEM32\dbghelp.dll

VM Arguments:
jvm_args: -ea -Dfile.encoding=Cp1252 
java_command: org.testng.remote.RemoteTestNG -serport 50817 -protocol json -d C:\Users\TB-DB\eclipse-workspace\DDFramework\test-output C:\Users\TB-DB\eclipse-workspace\DDFramework\src\test\resources\runner\testng.xml
java_class_path (initial): D:\New_selenium\eclipse-java-oxygen-3a-win32-x86_64\eclipse\configuration\org.eclipse.osgi\513\0\.cp\lib\testng-remote.jar;C:\Users\TB-DB\eclipse-workspace\DDFramework\target\test-classes;C:\Users\TB-DB\eclipse-workspace\DDFramework\target\classes;D:\New_selenium\eclipse-java-oxygen-3a-win32-x86_64\eclipse\plugins\org.testng_6.14.3.r201802240500.jar;D:\New_selenium\eclipse-java-oxygen-3a-win32-x86_64\eclipse\plugins\com.beust.jcommander_1.72.0.jar;D:\New_selenium\eclipse-java-oxygen-3a-win32-x86_64\eclipse\plugins\org.apache-extras.beanshell.bsh_2.0.0.b6.jar;D:\New_selenium\eclipse-java-oxygen-3a-win32-x86_64\eclipse\plugins\org.yaml.snakeyaml_1.17.0.jar;D:\LatestSeleniumSoftwares\poi-bin-4.1.0-20190412\poi-4.1.0\poi-4.1.0.jar;D:\LatestSeleniumSoftwares\poi-bin-4.1.0-20190412\poi-4.1.0\poi-examples-4.1.0.jar;D:\LatestSeleniumSoftwares\poi-bin-4.1.0-20190412\poi-4.1.0\poi-excelant-4.1.0.jar;D:\LatestSeleniumSoftwares\poi-bin-4.1.0-20190412\poi-4.1.0\poi-ooxml-4.1.0.jar;D:\LatestSeleniumSoftwares\poi-bin-4.1.0-20190412\poi-4.1.0\poi-ooxml-schemas-4.1.0.jar;D:\LatestSeleniumSoftwares\poi-bin-4.1.0-20190412\poi-4.1.0\poi-scratchpad-4.1.0.jar;D:\LatestSeleniumSoftwares\poi-bin-4.1.0-20190412\poi-4.1.0\ooxml-lib\curvesapi-1.06.jar;D:\LatestSeleniumSoftwares\poi-bin-4.1.0-20190412\poi-4.1.0\ooxml-lib\xmlbeans-3.1.0.jar;D:\LatestSeleniumSoftwares\poi-bin-4.1.0-20190412\poi-4.1.0\lib\activation-1.1.1.jar;D:\LatestSeleniumSoftwares\poi-bin-4.1.0-20190412\poi-4.1.0\lib\commons-codec-1.12.jar;D:\LatestSeleniumSoftwares\poi-bin-4.1.0-20190412\poi-4.1.0\lib\commons-collections4-4.3.jar;D:\LatestSeleniumSoftwares\poi-bin-4.1.0-20190412\poi-4.1.0\lib\commons-compress-1.18.jar;D:\LatestSeleniumSoftwares\poi-bin-4.1.0-20190412\poi-4.1.0\lib\commons-logging-1.2.jar;D:\LatestSeleniumSoftwares\poi-bin-4.1.0-20190412\poi-4.1.0\lib\commons-math3-3.6.1.jar;D:\LatestSeleniumSoftwares\poi-bin-4.1.0-20190412\poi-4.1.0\lib\jaxb-api-2.3.0.jar;D:\LatestSeleniumSoftwa
Launcher Type: SUN_STANDARD

Logging:
Log output configuration:
#0: stdout all=warning uptime,level,tags
#1: stderr all=off uptime,level,tags

Environment Variables:
JAVA_HOME=C:\Program Files\Java\jdk-8
PATH=C:/Program Files/Java/jdk-8/bin/../jre/bin/server;C:/Program Files/Java/jdk-8/bin/../jre/bin;C:/Program Files/Java/jdk-8/bin/../jre/lib/amd64;"C:\Windows\System32;C:\Program Files\Java\jdk-8\bin";C:\Program Files\Java\jdk-8\bin;C:\WINDOWS\system32;C:\WINDOWS;C:\WINDOWS\System32\Wbem;C:\WINDOWS\System32\WindowsPowerShell\v1.0\;C:\WINDOWS\System32\OpenSSH\;C:\Program Files\Microsoft VS Code\bin;D:\wamp64\bin\php\php7.1.9;C:\ProgramData\ComposerSetup\bin;D:\LatestSeleniumSoftwares\apache-maven-3.6.0-bin\apache-maven-3.6.0\bin;C:\Program Files\Git\cmd;D:\LatestSeleniumSoftwares\apache-ant-1.10.5-bin\apache-ant-1.10.5\bin;D:\wamp64\bin\php\php7.1.9;C:\Users\TB-DB\AppData\Roaming\Composer\vendor\bin;;D:\New_selenium\eclipse-java-oxygen-3a-win32-x86_64\eclipse;
USERNAME=TB-DB
OS=Windows_NT
PROCESSOR_IDENTIFIER=Intel64 Family 6 Model 15 Stepping 11, GenuineIntel



---------------  S Y S T E M  ---------------

OS: Windows 10 , 64 bit Build 17134 (10.0.17134.753)

CPU:total 4 (initial active 4) (4 cores per cpu, 1 threads per core) family 6 model 15 stepping 11, cmov, cx8, fxsr, mmx, sse, sse2, sse3, ssse3, tsc

Memory: 4k page, physical 6289700k(2543440k free), swap 8059172k(3396232k free)

vm_info: Java HotSpot(TM) 64-Bit Server VM (9.0.4+11) for windows-amd64 JRE (9.0.4+11), built on Dec 20 2017 02:18:54 by "mach5one" with MS VC++ 12.0 (VS2013)

END.
